Using pre-set license
Built from '2021.3/release' branch; Version is '2021.3.17f1 (3e8111cac19d) revision 4096273'; Using compiler version '192829333'; Build Type 'Release'
OS: 'Windows 11  (10.0.22621) 64bit Core' Language: 'en' Physical Memory: 16204 MB
BatchMode: 1, IsHumanControllingUs: 0, StartBugReporterOnCrash: 0, Is64bit: 1, IsPro: 1

COMMAND LINE ARGUMENTS:
C:\Program Files\Unity\Hub\Editor\2021.3.17f1\Editor\Unity.exe
-adb2
-batchMode
-noUpm
-name
AssetImportWorker2
-projectPath
C:/Users/wgCob/Programming/Unity/Drifter (Unity 2D)
-logFile
Logs/AssetImportWorker2.log
-srvPort
62302
Successfully changed project path to: C:/Users/wgCob/Programming/Unity/Drifter (Unity 2D)
C:/Users/wgCob/Programming/Unity/Drifter (Unity 2D)
[UnityMemory] Configuration Parameters - Can be set up in boot.config
    "memorysetup-bucket-allocator-granularity=16"
    "memorysetup-bucket-allocator-bucket-count=8"
    "memorysetup-bucket-allocator-block-size=33554432"
    "memorysetup-bucket-allocator-block-count=8"
    "memorysetup-main-allocator-block-size=16777216"
    "memorysetup-thread-allocator-block-size=16777216"
    "memorysetup-gfx-main-allocator-block-size=16777216"
    "memorysetup-gfx-thread-allocator-block-size=16777216"
    "memorysetup-cache-allocator-block-size=4194304"
    "memorysetup-typetree-allocator-block-size=2097152"
    "memorysetup-profiler-bucket-allocator-granularity=16"
    "memorysetup-profiler-bucket-allocator-bucket-count=8"
    "memorysetup-profiler-bucket-allocator-block-size=33554432"
    "memorysetup-profiler-bucket-allocator-block-count=8"
    "memorysetup-profiler-allocator-block-size=16777216"
    "memorysetup-profiler-editor-allocator-block-size=1048576"
    "memorysetup-temp-allocator-size-main=16777216"
    "memorysetup-job-temp-allocator-block-size=2097152"
    "memorysetup-job-temp-allocator-block-size-background=1048576"
    "memorysetup-job-temp-allocator-reduction-small-platforms=262144"
    "memorysetup-temp-allocator-size-background-worker=32768"
    "memorysetup-temp-allocator-size-job-worker=262144"
    "memorysetup-temp-allocator-size-preload-manager=33554432"
    "memorysetup-temp-allocator-size-nav-mesh-worker=65536"
    "memorysetup-temp-allocator-size-audio-worker=65536"
    "memorysetup-temp-allocator-size-cloud-worker=32768"
    "memorysetup-temp-allocator-size-gi-baking-worker=262144"
    "memorysetup-temp-allocator-size-gfx=262144"
Player connection [13648] Host "[IP] 192.168.0.22 [Port] 0 [Flags] 2 [Guid] 3030734085 [EditorId] 3030734085 [Version] 1048832 [Id] WindowsEditor(7,WHG-Machine) [Debug] 1 [PackageName] WindowsEditor [ProjectName] Editor" joined multi-casting on [225.0.0.222:54997]...

Player connection [13648] Host "[IP] 192.168.0.22 [Port] 0 [Flags] 2 [Guid] 3030734085 [EditorId] 3030734085 [Version] 1048832 [Id] WindowsEditor(7,WHG-Machine) [Debug] 1 [PackageName] WindowsEditor [ProjectName] Editor" joined alternative multi-casting on [225.0.0.222:34997]...

Refreshing native plugins compatible for Editor in 115.32 ms, found 5 plugins.
Preloading 0 native plugins for Editor in 0.00 ms.
Initialize engine version: 2021.3.17f1 (3e8111cac19d)
[Subsystems] Discovering subsystems at path C:/Program Files/Unity/Hub/Editor/2021.3.17f1/Editor/Data/Resources/UnitySubsystems
[Subsystems] Discovering subsystems at path C:/Users/wgCob/Programming/Unity/Drifter (Unity 2D)/Assets
GfxDevice: creating device client; threaded=0; jobified=0
Direct3D:
    Version:  Direct3D 11.0 [level 11.1]
    Renderer: NVIDIA GeForce RTX 2060 (ID=0x1f15)
    Vendor:   NVIDIA
    VRAM:     5980 MB
    Driver:   31.0.15.1659
Initialize mono
Mono path[0] = 'C:/Program Files/Unity/Hub/Editor/2021.3.17f1/Editor/Data/Managed'
Mono path[1] = 'C:/Program Files/Unity/Hub/Editor/2021.3.17f1/Editor/Data/MonoBleedingEdge/lib/mono/unityjit-win32'
Mono config path = 'C:/Program Files/Unity/Hub/Editor/2021.3.17f1/Editor/Data/MonoBleedingEdge/etc'
Using monoOptions --debugger-agent=transport=dt_socket,embedding=1,server=y,suspend=n,address=127.0.0.1:56108
Begin MonoManager ReloadAssembly
Registering precompiled unity dll's ...
Register platform support module: C:/Program Files/Unity/Hub/Editor/2021.3.17f1/Editor/Data/PlaybackEngines/WindowsStandaloneSupport/UnityEditor.WindowsStandalone.Extensions.dll
Registered in 0.004749 seconds.
Native extension for WindowsStandalone target not found
Refreshing native plugins compatible for Editor in 89.93 ms, found 5 plugins.
Preloading 0 native plugins for Editor in 0.00 ms.
Mono: successfully reloaded assembly
- Completed reload, in  0.583 seconds
Domain Reload Profiling:
	ReloadAssembly (584ms)
		BeginReloadAssembly (64ms)
			ExecutionOrderSort (0ms)
			DisableScriptedObjects (0ms)
			BackupInstance (0ms)
			ReleaseScriptingObjects (0ms)
			CreateAndSetChildDomain (1ms)
		EndReloadAssembly (423ms)
			LoadAssemblies (62ms)
			RebuildTransferFunctionScriptingTraits (0ms)
			SetupTypeCache (91ms)
			ReleaseScriptCaches (0ms)
			RebuildScriptCaches (25ms)
			SetupLoadedEditorAssemblies (261ms)
				LogAssemblyErrors (0ms)
				InitializePlatformSupportModulesInManaged (6ms)
				SetLoadedEditorAssemblies (0ms)
				RefreshPlugins (90ms)
				BeforeProcessingInitializeOnLoad (1ms)
				ProcessInitializeOnLoadAttributes (118ms)
				ProcessInitializeOnLoadMethodAttributes (45ms)
				AfterProcessingInitializeOnLoad (0ms)
				EditorAssembliesLoaded (0ms)
			ExecutionOrderSort2 (0ms)
			AwakeInstancesAfterBackupRestoration (0ms)
Platform modules already initialized, skipping
Registering precompiled user dll's ...
Registered in 0.007863 seconds.
Begin MonoManager ReloadAssembly
Native extension for WindowsStandalone target not found
Refreshing native plugins compatible for Editor in 86.57 ms, found 5 plugins.
Preloading 0 native plugins for Editor in 0.00 ms.
Mono: successfully reloaded assembly
- Completed reload, in  0.925 seconds
Domain Reload Profiling:
	ReloadAssembly (926ms)
		BeginReloadAssembly (93ms)
			ExecutionOrderSort (0ms)
			DisableScriptedObjects (5ms)
			BackupInstance (0ms)
			ReleaseScriptingObjects (0ms)
			CreateAndSetChildDomain (16ms)
		EndReloadAssembly (734ms)
			LoadAssemblies (71ms)
			RebuildTransferFunctionScriptingTraits (0ms)
			SetupTypeCache (178ms)
			ReleaseScriptCaches (0ms)
			RebuildScriptCaches (45ms)
			SetupLoadedEditorAssemblies (402ms)
				LogAssemblyErrors (0ms)
				InitializePlatformSupportModulesInManaged (4ms)
				SetLoadedEditorAssemblies (0ms)
				RefreshPlugins (87ms)
				BeforeProcessingInitializeOnLoad (61ms)
				ProcessInitializeOnLoadAttributes (208ms)
				ProcessInitializeOnLoadMethodAttributes (36ms)
				AfterProcessingInitializeOnLoad (6ms)
				EditorAssembliesLoaded (0ms)
			ExecutionOrderSort2 (0ms)
			AwakeInstancesAfterBackupRestoration (6ms)
Platform modules already initialized, skipping
========================================================================
Worker process is ready to serve import requests
Launched and connected shader compiler UnityShaderCompiler.exe after 0.04 seconds
Refreshing native plugins compatible for Editor in 1.21 ms, found 5 plugins.
Preloading 0 native plugins for Editor in 0.00 ms.
Unloading 2781 Unused Serialized files (Serialized files now loaded: 0)
Unloading 35 unused Assets / (30.2 KB). Loaded Objects now: 3247.
Memory consumption went from 128.4 MB to 128.4 MB.
Total: 3.077200 ms (FindLiveObjects: 0.201300 ms CreateObjectMapping: 0.140900 ms MarkObjects: 2.696800 ms  DeleteObjects: 0.037400 ms)

AssetImportParameters requested are different than current active one (requested -> active):
  custom:video-decoder-ogg-theora: a1e56fd34408186e4bbccfd4996cb3dc -> 
  custom:container-muxer-webm: aa71ff27fc2769a1b78a27578f13a17b -> 
  custom:container-demuxer-webm: 4f35f7cbe854078d1ac9338744f61a02 -> 
  custom:video-encoder-webm-vp8: eb34c28f22e8b96e1ab97ce403110664 -> 
  custom:video-codec-MediaFoundation-h265: 746d11721c4dcdbdad8f713fa42b33f4 -> 
  custom:audio-encoder-webm-vorbis: bf7c407c2cedff20999df2af8eb42d56 -> 
  custom:framework-win-MediaFoundation: 216162199b28c13a410421893ffa2e32 -> 
  custom:container-demuxer-ogg: 62fdf1f143b41e24485cea50d1cbac27 -> 
  custom:video-decoder-webm-vp8: 9c59270c3fd7afecdb556c50c9e8de78 -> 
  custom:audio-decoder-ogg-vorbis: bf7c407c2cedff20999df2af8eb42d56 -> 
========================================================================
Received Prepare
Registering precompiled user dll's ...
Registered in 0.005868 seconds.
Begin MonoManager ReloadAssembly
Native extension for WindowsStandalone target not found
Refreshing native plugins compatible for Editor in 1.87 ms, found 5 plugins.
Preloading 0 native plugins for Editor in 0.00 ms.
Mono: successfully reloaded assembly
- Completed reload, in  1.240 seconds
Domain Reload Profiling:
	ReloadAssembly (1241ms)
		BeginReloadAssembly (163ms)
			ExecutionOrderSort (0ms)
			DisableScriptedObjects (8ms)
			BackupInstance (0ms)
			ReleaseScriptingObjects (0ms)
			CreateAndSetChildDomain (53ms)
		EndReloadAssembly (965ms)
			LoadAssemblies (107ms)
			RebuildTransferFunctionScriptingTraits (0ms)
			SetupTypeCache (274ms)
			ReleaseScriptCaches (2ms)
			RebuildScriptCaches (76ms)
			SetupLoadedEditorAssemblies (456ms)
				LogAssemblyErrors (0ms)
				InitializePlatformSupportModulesInManaged (16ms)
				SetLoadedEditorAssemblies (1ms)
				RefreshPlugins (2ms)
				BeforeProcessingInitializeOnLoad (91ms)
				ProcessInitializeOnLoadAttributes (280ms)
				ProcessInitializeOnLoadMethodAttributes (54ms)
				AfterProcessingInitializeOnLoad (12ms)
				EditorAssembliesLoaded (0ms)
			ExecutionOrderSort2 (0ms)
			AwakeInstancesAfterBackupRestoration (13ms)
Platform modules already initialized, skipping
Refreshing native plugins compatible for Editor in 5.29 ms, found 5 plugins.
Preloading 0 native plugins for Editor in 0.00 ms.
Unloading 2750 Unused Serialized files (Serialized files now loaded: 0)
Unloading 23 unused Assets / (31.8 KB). Loaded Objects now: 3250.
Memory consumption went from 125.5 MB to 125.4 MB.
Total: 4.069200 ms (FindLiveObjects: 0.311600 ms CreateObjectMapping: 0.188800 ms MarkObjects: 3.538600 ms  DeleteObjects: 0.029200 ms)

AssetImportParameters requested are different than current active one (requested -> active):
  custom:video-decoder-ogg-theora: a1e56fd34408186e4bbccfd4996cb3dc -> 
  custom:container-muxer-webm: aa71ff27fc2769a1b78a27578f13a17b -> 
  custom:container-demuxer-webm: 4f35f7cbe854078d1ac9338744f61a02 -> 
  custom:video-encoder-webm-vp8: eb34c28f22e8b96e1ab97ce403110664 -> 
  custom:video-codec-MediaFoundation-h265: 746d11721c4dcdbdad8f713fa42b33f4 -> 
  custom:audio-encoder-webm-vorbis: bf7c407c2cedff20999df2af8eb42d56 -> 
  custom:framework-win-MediaFoundation: 216162199b28c13a410421893ffa2e32 -> 
  custom:container-demuxer-ogg: 62fdf1f143b41e24485cea50d1cbac27 -> 
  custom:video-decoder-webm-vp8: 9c59270c3fd7afecdb556c50c9e8de78 -> 
  custom:audio-decoder-ogg-vorbis: bf7c407c2cedff20999df2af8eb42d56 -> 
========================================================================
Received Import Request.
  Time since last request: 175115.036440 seconds.
  path: Assets/Prefabs/UI/Popups/Items/BuyItemPopup.prefab
  artifactKey: Guid(94ffd09ea3c62b6419a07652c4f35f93) Importer(815301076,1909f56bfc062723c751e8b465ee728b)
Start importing Assets/Prefabs/UI/Popups/Items/BuyItemPopup.prefab using Guid(94ffd09ea3c62b6419a07652c4f35f93) Importer(815301076,1909f56bfc062723c751e8b465ee728b)  -> (artifact id: '185a3faaec4434be52c5aa8cdd282a01') in 0.085714 seconds 
========================================================================
Received Import Request.
  Time since last request: 0.000031 seconds.
  path: Assets/Prefabs/UI/Popups/Items/RemoveItemPopup.prefab
  artifactKey: Guid(26fa2c2f03593a54192b8257b289163c) Importer(815301076,1909f56bfc062723c751e8b465ee728b)
Start importing Assets/Prefabs/UI/Popups/Items/RemoveItemPopup.prefab using Guid(26fa2c2f03593a54192b8257b289163c) Importer(815301076,1909f56bfc062723c751e8b465ee728b)  -> (artifact id: '24939e7081eb09415365031a5ccc7cf4') in 0.024350 seconds 
========================================================================
Received Prepare
Registering precompiled user dll's ...
Registered in 0.007444 seconds.
Begin MonoManager ReloadAssembly
Native extension for WindowsStandalone target not found
Refreshing native plugins compatible for Editor in 1.34 ms, found 5 plugins.
Preloading 0 native plugins for Editor in 0.00 ms.
Mono: successfully reloaded assembly
- Completed reload, in  0.915 seconds
Domain Reload Profiling:
	ReloadAssembly (916ms)
		BeginReloadAssembly (140ms)
			ExecutionOrderSort (0ms)
			DisableScriptedObjects (8ms)
			BackupInstance (0ms)
			ReleaseScriptingObjects (0ms)
			CreateAndSetChildDomain (41ms)
		EndReloadAssembly (675ms)
			LoadAssemblies (83ms)
			RebuildTransferFunctionScriptingTraits (0ms)
			SetupTypeCache (187ms)
			ReleaseScriptCaches (1ms)
			RebuildScriptCaches (48ms)
			SetupLoadedEditorAssemblies (320ms)
				LogAssemblyErrors (0ms)
				InitializePlatformSupportModulesInManaged (11ms)
				SetLoadedEditorAssemblies (0ms)
				RefreshPlugins (1ms)
				BeforeProcessingInitializeOnLoad (73ms)
				ProcessInitializeOnLoadAttributes (194ms)
				ProcessInitializeOnLoadMethodAttributes (34ms)
				AfterProcessingInitializeOnLoad (7ms)
				EditorAssembliesLoaded (0ms)
			ExecutionOrderSort2 (0ms)
			AwakeInstancesAfterBackupRestoration (10ms)
Platform modules already initialized, skipping
Refreshing native plugins compatible for Editor in 3.26 ms, found 5 plugins.
Preloading 0 native plugins for Editor in 0.00 ms.
Unloading 2750 Unused Serialized files (Serialized files now loaded: 0)
Unloading 23 unused Assets / (31.8 KB). Loaded Objects now: 3254.
Memory consumption went from 124.6 MB to 124.5 MB.
Total: 2.769600 ms (FindLiveObjects: 0.244100 ms CreateObjectMapping: 0.125400 ms MarkObjects: 2.378300 ms  DeleteObjects: 0.021000 ms)

AssetImportParameters requested are different than current active one (requested -> active):
  custom:video-decoder-ogg-theora: a1e56fd34408186e4bbccfd4996cb3dc -> 
  custom:container-muxer-webm: aa71ff27fc2769a1b78a27578f13a17b -> 
  custom:container-demuxer-webm: 4f35f7cbe854078d1ac9338744f61a02 -> 
  custom:video-encoder-webm-vp8: eb34c28f22e8b96e1ab97ce403110664 -> 
  custom:video-codec-MediaFoundation-h265: 746d11721c4dcdbdad8f713fa42b33f4 -> 
  custom:audio-encoder-webm-vorbis: bf7c407c2cedff20999df2af8eb42d56 -> 
  custom:framework-win-MediaFoundation: 216162199b28c13a410421893ffa2e32 -> 
  custom:container-demuxer-ogg: 62fdf1f143b41e24485cea50d1cbac27 -> 
  custom:video-decoder-webm-vp8: 9c59270c3fd7afecdb556c50c9e8de78 -> 
  custom:audio-decoder-ogg-vorbis: bf7c407c2cedff20999df2af8eb42d56 -> 
========================================================================
Received Prepare
Registering precompiled user dll's ...
Registered in 0.006220 seconds.
Begin MonoManager ReloadAssembly
Native extension for WindowsStandalone target not found
Refreshing native plugins compatible for Editor in 1.55 ms, found 5 plugins.
Preloading 0 native plugins for Editor in 0.00 ms.
Mono: successfully reloaded assembly
- Completed reload, in  0.895 seconds
Domain Reload Profiling:
	ReloadAssembly (896ms)
		BeginReloadAssembly (139ms)
			ExecutionOrderSort (0ms)
			DisableScriptedObjects (10ms)
			BackupInstance (0ms)
			ReleaseScriptingObjects (0ms)
			CreateAndSetChildDomain (37ms)
		EndReloadAssembly (660ms)
			LoadAssemblies (86ms)
			RebuildTransferFunctionScriptingTraits (0ms)
			SetupTypeCache (184ms)
			ReleaseScriptCaches (1ms)
			RebuildScriptCaches (47ms)
			SetupLoadedEditorAssemblies (303ms)
				LogAssemblyErrors (0ms)
				InitializePlatformSupportModulesInManaged (10ms)
				SetLoadedEditorAssemblies (0ms)
				RefreshPlugins (2ms)
				BeforeProcessingInitializeOnLoad (65ms)
				ProcessInitializeOnLoadAttributes (184ms)
				ProcessInitializeOnLoadMethodAttributes (34ms)
				AfterProcessingInitializeOnLoad (7ms)
				EditorAssembliesLoaded (0ms)
			ExecutionOrderSort2 (0ms)
			AwakeInstancesAfterBackupRestoration (10ms)
Platform modules already initialized, skipping
Refreshing native plugins compatible for Editor in 3.43 ms, found 5 plugins.
Preloading 0 native plugins for Editor in 0.00 ms.
Unloading 2750 Unused Serialized files (Serialized files now loaded: 0)
Unloading 23 unused Assets / (31.8 KB). Loaded Objects now: 3257.
Memory consumption went from 124.6 MB to 124.5 MB.
Total: 3.286900 ms (FindLiveObjects: 0.177400 ms CreateObjectMapping: 0.092200 ms MarkObjects: 2.995100 ms  DeleteObjects: 0.021400 ms)

AssetImportParameters requested are different than current active one (requested -> active):
  custom:video-decoder-ogg-theora: a1e56fd34408186e4bbccfd4996cb3dc -> 
  custom:container-muxer-webm: aa71ff27fc2769a1b78a27578f13a17b -> 
  custom:container-demuxer-webm: 4f35f7cbe854078d1ac9338744f61a02 -> 
  custom:video-encoder-webm-vp8: eb34c28f22e8b96e1ab97ce403110664 -> 
  custom:video-codec-MediaFoundation-h265: 746d11721c4dcdbdad8f713fa42b33f4 -> 
  custom:audio-encoder-webm-vorbis: bf7c407c2cedff20999df2af8eb42d56 -> 
  custom:framework-win-MediaFoundation: 216162199b28c13a410421893ffa2e32 -> 
  custom:container-demuxer-ogg: 62fdf1f143b41e24485cea50d1cbac27 -> 
  custom:video-decoder-webm-vp8: 9c59270c3fd7afecdb556c50c9e8de78 -> 
  custom:audio-decoder-ogg-vorbis: bf7c407c2cedff20999df2af8eb42d56 -> 
========================================================================
Received Import Request.
  Time since last request: 103.152028 seconds.
  path: Assets/Scripts/Effects/Effect Objects/Effects/CopyCard/(Clone)_RemoveAbility_Play_CloneSelf.asset
  artifactKey: Guid(196fc3d32b82bf9478dbfee0deadc6b5) Importer(815301076,1909f56bfc062723c751e8b465ee728b)
Start importing Assets/Scripts/Effects/Effect Objects/Effects/CopyCard/(Clone)_RemoveAbility_Play_CloneSelf.asset using Guid(196fc3d32b82bf9478dbfee0deadc6b5) Importer(815301076,1909f56bfc062723c751e8b465ee728b)  -> (artifact id: 'a99f0641d897c803745b181515c2d024') in 0.038908 seconds 
========================================================================
Received Import Request.
  Time since last request: 0.000027 seconds.
  path: Assets/Scripts/Effects/Effect Objects/EffectGroups/Player Units/Heal/HealFully_1PU_RemoveNegKeywords.asset
  artifactKey: Guid(6822d29e09c2a6343b9d71069cbcd7a1) Importer(815301076,1909f56bfc062723c751e8b465ee728b)
Start importing Assets/Scripts/Effects/Effect Objects/EffectGroups/Player Units/Heal/HealFully_1PU_RemoveNegKeywords.asset using Guid(6822d29e09c2a6343b9d71069cbcd7a1) Importer(815301076,1909f56bfc062723c751e8b465ee728b)  -> (artifact id: '65603804f0dbc4d07c0f15e46b503c7c') in 0.004330 seconds 
========================================================================
Received Import Request.
  Time since last request: 0.000024 seconds.
  path: Assets/Scripts/Card Abilities/Ability Objects/Modifier Abilities/Ally Destroyed/Modify_AllyDestroyed_GiveSelf_plus2plus1_RemoveAfterTrigger.asset
  artifactKey: Guid(8c8e927ecc84f0a4b96ff0f06483965d) Importer(815301076,1909f56bfc062723c751e8b465ee728b)
Start importing Assets/Scripts/Card Abilities/Ability Objects/Modifier Abilities/Ally Destroyed/Modify_AllyDestroyed_GiveSelf_plus2plus1_RemoveAfterTrigger.asset using Guid(8c8e927ecc84f0a4b96ff0f06483965d) Importer(815301076,1909f56bfc062723c751e8b465ee728b)  -> (artifact id: 'c4d09533a43c63cfc8e1408a78e50331') in 0.006409 seconds 
========================================================================
Received Import Request.
  Time since last request: 0.000032 seconds.
  path: Assets/Scripts/Effects/Effect Objects/Effects/RemoveAbility/RemoveNegKeywords.asset
  artifactKey: Guid(48687af00a7725e47842a72ecc98e01d) Importer(815301076,1909f56bfc062723c751e8b465ee728b)
Start importing Assets/Scripts/Effects/Effect Objects/Effects/RemoveAbility/RemoveNegKeywords.asset using Guid(48687af00a7725e47842a72ecc98e01d) Importer(815301076,1909f56bfc062723c751e8b465ee728b)  -> (artifact id: 'c96817d24493ee45a6b6be54a92a95e4') in 0.003599 seconds 
========================================================================
Received Import Request.
  Time since last request: 0.000028 seconds.
  path: Assets/Scripts/Card Abilities/Ability Objects/Triggered Abilities/Play_CloneSelf_RemoveAbility_This.asset
  artifactKey: Guid(e8a1c723e7f4a2d4da371d213a3878d5) Importer(815301076,1909f56bfc062723c751e8b465ee728b)
Start importing Assets/Scripts/Card Abilities/Ability Objects/Triggered Abilities/Play_CloneSelf_RemoveAbility_This.asset using Guid(e8a1c723e7f4a2d4da371d213a3878d5) Importer(815301076,1909f56bfc062723c751e8b465ee728b)  -> (artifact id: '700d34f668fc3198b3439c44e10061f4') in 0.005363 seconds 
========================================================================
Received Import Request.
  Time since last request: 0.000025 seconds.
  path: Assets/Scripts/Card Abilities/Ability Objects/Modifier Abilities/Ally Destroyed/Modify_AllyDestroyed_GiveSelf_RandPosKeyword_RemoveAfterTrigger.asset
  artifactKey: Guid(4cd50aed677256944ab092b28b52d504) Importer(815301076,1909f56bfc062723c751e8b465ee728b)
Start importing Assets/Scripts/Card Abilities/Ability Objects/Modifier Abilities/Ally Destroyed/Modify_AllyDestroyed_GiveSelf_RandPosKeyword_RemoveAfterTrigger.asset using Guid(4cd50aed677256944ab092b28b52d504) Importer(815301076,1909f56bfc062723c751e8b465ee728b)  -> (artifact id: 'dc715ebd9af7f66233133ac95a56fcdf') in 0.004227 seconds 
========================================================================
Received Import Request.
  Time since last request: 0.000032 seconds.
  path: Assets/Scripts/Effects/Effect Objects/Effects/RemoveAbility/RemoveAllButNegativeAbilities.asset
  artifactKey: Guid(30faf44ffabd29d429c4c1cc02e13482) Importer(815301076,1909f56bfc062723c751e8b465ee728b)
Start importing Assets/Scripts/Effects/Effect Objects/Effects/RemoveAbility/RemoveAllButNegativeAbilities.asset using Guid(30faf44ffabd29d429c4c1cc02e13482) Importer(815301076,1909f56bfc062723c751e8b465ee728b)  -> (artifact id: '2e628a82b54e63d90f293e69aef634c6') in 0.003148 seconds 
========================================================================
Received Import Request.
  Time since last request: 0.000017 seconds.
  path: Assets/Scripts/Card Abilities/Ability Objects/Modifier Abilities/Enemy Hero Wounded/Modify_EnemyWounded_GiveSelf_plus1plus1_RemoveAfterTrigger.asset
  artifactKey: Guid(c5567d99359f6234ab04d2b2607c3f8e) Importer(815301076,1909f56bfc062723c751e8b465ee728b)
Start importing Assets/Scripts/Card Abilities/Ability Objects/Modifier Abilities/Enemy Hero Wounded/Modify_EnemyWounded_GiveSelf_plus1plus1_RemoveAfterTrigger.asset using Guid(c5567d99359f6234ab04d2b2607c3f8e) Importer(815301076,1909f56bfc062723c751e8b465ee728b)  -> (artifact id: '69ea73ed755ecb00e1d522f20e85891e') in 0.004912 seconds 
========================================================================
Received Import Request.
  Time since last request: 16.994482 seconds.
  path: Assets/Scripts/Displays/Card Displays/CardPagePopupDisplay.cs
  artifactKey: Guid(5d957427f1be12a46ae9d2a65599e701) Importer(815301076,1909f56bfc062723c751e8b465ee728b)
Start importing Assets/Scripts/Displays/Card Displays/CardPagePopupDisplay.cs using Guid(5d957427f1be12a46ae9d2a65599e701) Importer(815301076,1909f56bfc062723c751e8b465ee728b)  -> (artifact id: 'd760a3a67b09c8f4ba24f3ad53e4230a') in 0.009249 seconds 
========================================================================
Received Import Request.
  Time since last request: 1085.465100 seconds.
  path: Assets/Scripts/Displays/Card Displays/CardPagePopupDisplay.cs
  artifactKey: Guid(5d957427f1be12a46ae9d2a65599e701) Importer(815301076,1909f56bfc062723c751e8b465ee728b)
Start importing Assets/Scripts/Displays/Card Displays/CardPagePopupDisplay.cs using Guid(5d957427f1be12a46ae9d2a65599e701) Importer(815301076,1909f56bfc062723c751e8b465ee728b)  -> (artifact id: '74712672858d564f5d49028d75f79284') in 0.001706 seconds 
========================================================================
Received Prepare
Registering precompiled user dll's ...
Registered in 0.006094 seconds.
Begin MonoManager ReloadAssembly
Native extension for WindowsStandalone target not found
Refreshing native plugins compatible for Editor in 1.25 ms, found 5 plugins.
Preloading 0 native plugins for Editor in 0.00 ms.
Mono: successfully reloaded assembly
- Completed reload, in  0.942 seconds
Domain Reload Profiling:
	ReloadAssembly (943ms)
		BeginReloadAssembly (152ms)
			ExecutionOrderSort (0ms)
			DisableScriptedObjects (8ms)
			BackupInstance (0ms)
			ReleaseScriptingObjects (0ms)
			CreateAndSetChildDomain (43ms)
		EndReloadAssembly (693ms)
			LoadAssemblies (100ms)
			RebuildTransferFunctionScriptingTraits (0ms)
			SetupTypeCache (205ms)
			ReleaseScriptCaches (1ms)
			RebuildScriptCaches (55ms)
			SetupLoadedEditorAssemblies (305ms)
				LogAssemblyErrors (0ms)
				InitializePlatformSupportModulesInManaged (10ms)
				SetLoadedEditorAssemblies (0ms)
				RefreshPlugins (1ms)
				BeforeProcessingInitializeOnLoad (63ms)
				ProcessInitializeOnLoadAttributes (189ms)
				ProcessInitializeOnLoadMethodAttributes (34ms)
				AfterProcessingInitializeOnLoad (7ms)
				EditorAssembliesLoaded (0ms)
			ExecutionOrderSort2 (0ms)
			AwakeInstancesAfterBackupRestoration (9ms)
Platform modules already initialized, skipping
Refreshing native plugins compatible for Editor in 3.30 ms, found 5 plugins.
Preloading 0 native plugins for Editor in 0.00 ms.
Unloading 2750 Unused Serialized files (Serialized files now loaded: 0)
Unloading 23 unused Assets / (31.7 KB). Loaded Objects now: 3260.
Memory consumption went from 124.6 MB to 124.5 MB.
Total: 3.072900 ms (FindLiveObjects: 0.188000 ms CreateObjectMapping: 0.097300 ms MarkObjects: 2.746000 ms  DeleteObjects: 0.040700 ms)

AssetImportParameters requested are different than current active one (requested -> active):
  custom:video-decoder-ogg-theora: a1e56fd34408186e4bbccfd4996cb3dc -> 
  custom:container-muxer-webm: aa71ff27fc2769a1b78a27578f13a17b -> 
  custom:container-demuxer-webm: 4f35f7cbe854078d1ac9338744f61a02 -> 
  custom:video-encoder-webm-vp8: eb34c28f22e8b96e1ab97ce403110664 -> 
  custom:video-codec-MediaFoundation-h265: 746d11721c4dcdbdad8f713fa42b33f4 -> 
  custom:audio-encoder-webm-vorbis: bf7c407c2cedff20999df2af8eb42d56 -> 
  custom:framework-win-MediaFoundation: 216162199b28c13a410421893ffa2e32 -> 
  custom:container-demuxer-ogg: 62fdf1f143b41e24485cea50d1cbac27 -> 
  custom:video-decoder-webm-vp8: 9c59270c3fd7afecdb556c50c9e8de78 -> 
  custom:audio-decoder-ogg-vorbis: bf7c407c2cedff20999df2af8eb42d56 -> 
========================================================================
Received Import Request.
  Time since last request: 1635.381070 seconds.
  path: Assets/Scripts/Effects/Effect Classes/Effect.cs
  artifactKey: Guid(9d9964960e4db824faf990b8b5e47ae6) Importer(815301076,1909f56bfc062723c751e8b465ee728b)
Start importing Assets/Scripts/Effects/Effect Classes/Effect.cs using Guid(9d9964960e4db824faf990b8b5e47ae6) Importer(815301076,1909f56bfc062723c751e8b465ee728b)  -> (artifact id: 'e7aea8b146db2f5e3de6b9a07d77b2e0') in 0.010148 seconds 
========================================================================
Received Prepare
Registering precompiled user dll's ...
Registered in 0.005930 seconds.
Begin MonoManager ReloadAssembly
Native extension for WindowsStandalone target not found
Refreshing native plugins compatible for Editor in 2.30 ms, found 5 plugins.
Preloading 0 native plugins for Editor in 0.00 ms.
Mono: successfully reloaded assembly
- Completed reload, in  0.908 seconds
Domain Reload Profiling:
	ReloadAssembly (908ms)
		BeginReloadAssembly (117ms)
			ExecutionOrderSort (0ms)
			DisableScriptedObjects (6ms)
			BackupInstance (0ms)
			ReleaseScriptingObjects (0ms)
			CreateAndSetChildDomain (30ms)
		EndReloadAssembly (701ms)
			LoadAssemblies (81ms)
			RebuildTransferFunctionScriptingTraits (0ms)
			SetupTypeCache (188ms)
			ReleaseScriptCaches (1ms)
			RebuildScriptCaches (59ms)
			SetupLoadedEditorAssemblies (338ms)
				LogAssemblyErrors (0ms)
				InitializePlatformSupportModulesInManaged (12ms)
				SetLoadedEditorAssemblies (1ms)
				RefreshPlugins (2ms)
				BeforeProcessingInitializeOnLoad (76ms)
				ProcessInitializeOnLoadAttributes (206ms)
				ProcessInitializeOnLoadMethodAttributes (33ms)
				AfterProcessingInitializeOnLoad (7ms)
				EditorAssembliesLoaded (0ms)
			ExecutionOrderSort2 (0ms)
			AwakeInstancesAfterBackupRestoration (9ms)
Platform modules already initialized, skipping
Refreshing native plugins compatible for Editor in 3.66 ms, found 5 plugins.
Preloading 0 native plugins for Editor in 0.00 ms.
Unloading 2750 Unused Serialized files (Serialized files now loaded: 0)
Unloading 23 unused Assets / (31.7 KB). Loaded Objects now: 3263.
Memory consumption went from 124.6 MB to 124.6 MB.
Total: 3.115300 ms (FindLiveObjects: 0.187800 ms CreateObjectMapping: 0.106900 ms MarkObjects: 2.796300 ms  DeleteObjects: 0.023400 ms)

AssetImportParameters requested are different than current active one (requested -> active):
  custom:video-decoder-ogg-theora: a1e56fd34408186e4bbccfd4996cb3dc -> 
  custom:container-muxer-webm: aa71ff27fc2769a1b78a27578f13a17b -> 
  custom:container-demuxer-webm: 4f35f7cbe854078d1ac9338744f61a02 -> 
  custom:video-encoder-webm-vp8: eb34c28f22e8b96e1ab97ce403110664 -> 
  custom:video-codec-MediaFoundation-h265: 746d11721c4dcdbdad8f713fa42b33f4 -> 
  custom:audio-encoder-webm-vorbis: bf7c407c2cedff20999df2af8eb42d56 -> 
  custom:framework-win-MediaFoundation: 216162199b28c13a410421893ffa2e32 -> 
  custom:container-demuxer-ogg: 62fdf1f143b41e24485cea50d1cbac27 -> 
  custom:video-decoder-webm-vp8: 9c59270c3fd7afecdb556c50c9e8de78 -> 
  custom:audio-decoder-ogg-vorbis: bf7c407c2cedff20999df2af8eb42d56 -> 
========================================================================
Received Import Request.
  Time since last request: 15.447311 seconds.
  path: Assets/Resources/Cards_Actions/Annihilate.asset
  artifactKey: Guid(9078d93c4334d6749b6688a94d925f37) Importer(815301076,1909f56bfc062723c751e8b465ee728b)
Start importing Assets/Resources/Cards_Actions/Annihilate.asset using Guid(9078d93c4334d6749b6688a94d925f37) Importer(815301076,1909f56bfc062723c751e8b465ee728b)  -> (artifact id: '3c99fa167e88a6317efff1a0935bfa9b') in 0.036369 seconds 
========================================================================
Received Import Request.
  Time since last request: 61.911097 seconds.
  path: Assets/Resources/Cards_Actions/Annihilate.asset
  artifactKey: Guid(9078d93c4334d6749b6688a94d925f37) Importer(815301076,1909f56bfc062723c751e8b465ee728b)
Start importing Assets/Resources/Cards_Actions/Annihilate.asset using Guid(9078d93c4334d6749b6688a94d925f37) Importer(815301076,1909f56bfc062723c751e8b465ee728b)  -> (artifact id: '75c8c522aba34bef7ef30e81f0c82cbe') in 0.008901 seconds 
========================================================================
Received Prepare
Registering precompiled user dll's ...
Registered in 0.007237 seconds.
Begin MonoManager ReloadAssembly
Native extension for WindowsStandalone target not found
Refreshing native plugins compatible for Editor in 1.28 ms, found 5 plugins.
Preloading 0 native plugins for Editor in 0.00 ms.
Mono: successfully reloaded assembly
- Completed reload, in  0.866 seconds
Domain Reload Profiling:
	ReloadAssembly (867ms)
		BeginReloadAssembly (131ms)
			ExecutionOrderSort (0ms)
			DisableScriptedObjects (7ms)
			BackupInstance (0ms)
			ReleaseScriptingObjects (0ms)
			CreateAndSetChildDomain (34ms)
		EndReloadAssembly (635ms)
			LoadAssemblies (85ms)
			RebuildTransferFunctionScriptingTraits (0ms)
			SetupTypeCache (175ms)
			ReleaseScriptCaches (2ms)
			RebuildScriptCaches (48ms)
			SetupLoadedEditorAssemblies (292ms)
				LogAssemblyErrors (0ms)
				InitializePlatformSupportModulesInManaged (10ms)
				SetLoadedEditorAssemblies (0ms)
				RefreshPlugins (1ms)
				BeforeProcessingInitializeOnLoad (62ms)
				ProcessInitializeOnLoadAttributes (178ms)
				ProcessInitializeOnLoadMethodAttributes (33ms)
				AfterProcessingInitializeOnLoad (7ms)
				EditorAssembliesLoaded (0ms)
			ExecutionOrderSort2 (0ms)
			AwakeInstancesAfterBackupRestoration (9ms)
Platform modules already initialized, skipping
Refreshing native plugins compatible for Editor in 3.32 ms, found 5 plugins.
Preloading 0 native plugins for Editor in 0.00 ms.
Unloading 2750 Unused Serialized files (Serialized files now loaded: 0)
Unloading 23 unused Assets / (31.7 KB). Loaded Objects now: 3266.
Memory consumption went from 124.6 MB to 124.6 MB.
Total: 2.545200 ms (FindLiveObjects: 0.187500 ms CreateObjectMapping: 0.092500 ms MarkObjects: 2.241200 ms  DeleteObjects: 0.022700 ms)

AssetImportParameters requested are different than current active one (requested -> active):
  custom:video-decoder-ogg-theora: a1e56fd34408186e4bbccfd4996cb3dc -> 
  custom:container-muxer-webm: aa71ff27fc2769a1b78a27578f13a17b -> 
  custom:container-demuxer-webm: 4f35f7cbe854078d1ac9338744f61a02 -> 
  custom:video-encoder-webm-vp8: eb34c28f22e8b96e1ab97ce403110664 -> 
  custom:video-codec-MediaFoundation-h265: 746d11721c4dcdbdad8f713fa42b33f4 -> 
  custom:audio-encoder-webm-vorbis: bf7c407c2cedff20999df2af8eb42d56 -> 
  custom:framework-win-MediaFoundation: 216162199b28c13a410421893ffa2e32 -> 
  custom:container-demuxer-ogg: 62fdf1f143b41e24485cea50d1cbac27 -> 
  custom:video-decoder-webm-vp8: 9c59270c3fd7afecdb556c50c9e8de78 -> 
  custom:audio-decoder-ogg-vorbis: bf7c407c2cedff20999df2af8eb42d56 -> 
========================================================================
Received Import Request.
  Time since last request: 51.847560 seconds.
  path: Assets/Scripts/Cards/Card Displays/Card Displays/ActionCardDisplay.cs
  artifactKey: Guid(1672ef909a81e8d44b4442c48a1b4fe0) Importer(815301076,1909f56bfc062723c751e8b465ee728b)
Start importing Assets/Scripts/Cards/Card Displays/Card Displays/ActionCardDisplay.cs using Guid(1672ef909a81e8d44b4442c48a1b4fe0) Importer(815301076,1909f56bfc062723c751e8b465ee728b)  -> (artifact id: '4f92272b504350023f1cd245e2f548e8') in 0.005428 seconds 
========================================================================
Received Import Request.
  Time since last request: 0.293233 seconds.
  path: Assets/Scripts/Cards/Card Displays/Card Displays/CardDisplay.cs
  artifactKey: Guid(d09cbd450ed9f204abf6f84e7ff58a86) Importer(815301076,1909f56bfc062723c751e8b465ee728b)
Start importing Assets/Scripts/Cards/Card Displays/Card Displays/CardDisplay.cs using Guid(d09cbd450ed9f204abf6f84e7ff58a86) Importer(815301076,1909f56bfc062723c751e8b465ee728b)  -> (artifact id: '06c34cd206cc5bebf830055dac31dd59') in 0.001826 seconds 
========================================================================
Received Import Request.
  Time since last request: 47.119900 seconds.
  path: Assets/Scripts/Cards/Card Displays/Card Displays/CardDisplay.cs
  artifactKey: Guid(d09cbd450ed9f204abf6f84e7ff58a86) Importer(815301076,1909f56bfc062723c751e8b465ee728b)
Start importing Assets/Scripts/Cards/Card Displays/Card Displays/CardDisplay.cs using Guid(d09cbd450ed9f204abf6f84e7ff58a86) Importer(815301076,1909f56bfc062723c751e8b465ee728b)  -> (artifact id: '27d464a1a2306046041d01ed57765599') in 0.002034 seconds 
========================================================================
Received Import Request.
  Time since last request: 2.642609 seconds.
  path: Assets/Scripts/Cards/Card Displays/Card Displays/CardDisplay.cs
  artifactKey: Guid(d09cbd450ed9f204abf6f84e7ff58a86) Importer(815301076,1909f56bfc062723c751e8b465ee728b)
Start importing Assets/Scripts/Cards/Card Displays/Card Displays/CardDisplay.cs using Guid(d09cbd450ed9f204abf6f84e7ff58a86) Importer(815301076,1909f56bfc062723c751e8b465ee728b)  -> (artifact id: '23c67e494fbce4ab53adee37b2fa76d0') in 0.001775 seconds 
========================================================================
Received Prepare
Registering precompiled user dll's ...
Registered in 0.005797 seconds.
Begin MonoManager ReloadAssembly
Native extension for WindowsStandalone target not found
Refreshing native plugins compatible for Editor in 1.32 ms, found 5 plugins.
Preloading 0 native plugins for Editor in 0.00 ms.
Mono: successfully reloaded assembly
- Completed reload, in  0.867 seconds
Domain Reload Profiling:
	ReloadAssembly (868ms)
		BeginReloadAssembly (117ms)
			ExecutionOrderSort (0ms)
			DisableScriptedObjects (6ms)
			BackupInstance (0ms)
			ReleaseScriptingObjects (0ms)
			CreateAndSetChildDomain (30ms)
		EndReloadAssembly (654ms)
			LoadAssemblies (78ms)
			RebuildTransferFunctionScriptingTraits (0ms)
			SetupTypeCache (193ms)
			ReleaseScriptCaches (2ms)
			RebuildScriptCaches (46ms)
			SetupLoadedEditorAssemblies (294ms)
				LogAssemblyErrors (0ms)
				InitializePlatformSupportModulesInManaged (10ms)
				SetLoadedEditorAssemblies (0ms)
				RefreshPlugins (1ms)
				BeforeProcessingInitializeOnLoad (63ms)
				ProcessInitializeOnLoadAttributes (177ms)
				ProcessInitializeOnLoadMethodAttributes (35ms)
				AfterProcessingInitializeOnLoad (7ms)
				EditorAssembliesLoaded (0ms)
			ExecutionOrderSort2 (0ms)
			AwakeInstancesAfterBackupRestoration (9ms)
Platform modules already initialized, skipping
Refreshing native plugins compatible for Editor in 3.28 ms, found 5 plugins.
Preloading 0 native plugins for Editor in 0.00 ms.
Unloading 2750 Unused Serialized files (Serialized files now loaded: 0)
Unloading 23 unused Assets / (31.7 KB). Loaded Objects now: 3269.
Memory consumption went from 124.6 MB to 124.6 MB.
Total: 2.805000 ms (FindLiveObjects: 0.185800 ms CreateObjectMapping: 0.096300 ms MarkObjects: 2.499200 ms  DeleteObjects: 0.022800 ms)

AssetImportParameters requested are different than current active one (requested -> active):
  custom:video-decoder-ogg-theora: a1e56fd34408186e4bbccfd4996cb3dc -> 
  custom:container-muxer-webm: aa71ff27fc2769a1b78a27578f13a17b -> 
  custom:container-demuxer-webm: 4f35f7cbe854078d1ac9338744f61a02 -> 
  custom:video-encoder-webm-vp8: eb34c28f22e8b96e1ab97ce403110664 -> 
  custom:video-codec-MediaFoundation-h265: 746d11721c4dcdbdad8f713fa42b33f4 -> 
  custom:audio-encoder-webm-vorbis: bf7c407c2cedff20999df2af8eb42d56 -> 
  custom:framework-win-MediaFoundation: 216162199b28c13a410421893ffa2e32 -> 
  custom:container-demuxer-ogg: 62fdf1f143b41e24485cea50d1cbac27 -> 
  custom:video-decoder-webm-vp8: 9c59270c3fd7afecdb556c50c9e8de78 -> 
  custom:audio-decoder-ogg-vorbis: bf7c407c2cedff20999df2af8eb42d56 -> 
========================================================================
Received Import Request.
  Time since last request: 112.838585 seconds.
  path: Assets/Sprites/Cards/Action Cards/Deathrage.PNG
  artifactKey: Guid(27c2c34822c1cf74d9d31e90c344d797) Importer(815301076,1909f56bfc062723c751e8b465ee728b)
Start importing Assets/Sprites/Cards/Action Cards/Deathrage.PNG using Guid(27c2c34822c1cf74d9d31e90c344d797) Importer(815301076,1909f56bfc062723c751e8b465ee728b)  -> (artifact id: 'b5a8bda3f9744b122984f7f9924a6ab1') in 0.089722 seconds 
========================================================================
Received Import Request.
  Time since last request: 5.813439 seconds.
  path: Assets/Scripts/Effects/Effect Objects/EffectGroups/Player Units/StatChange/Give1PU_plus1plus1_HealFully_IfMoreKeywords_1_Draw1.asset
  artifactKey: Guid(9c463bf16135c6647ba714b472a61dac) Importer(815301076,1909f56bfc062723c751e8b465ee728b)
Start importing Assets/Scripts/Effects/Effect Objects/EffectGroups/Player Units/StatChange/Give1PU_plus1plus1_HealFully_IfMoreKeywords_1_Draw1.asset using Guid(9c463bf16135c6647ba714b472a61dac) Importer(815301076,1909f56bfc062723c751e8b465ee728b)  -> (artifact id: 'd6f54182730288eb12d05c950f33d8d9') in 0.007508 seconds 
========================================================================
Received Import Request.
  Time since last request: 0.006195 seconds.
  path: Assets/Scripts/Effects/Effect Objects/EffectGroups/Player Units/StatChange/Give1PU_plus1plus1_RandPosKeyword_IfMoreKeywords_1_plus2plus2.asset
  artifactKey: Guid(e924cd726381fbb46aeace3a2e4b9128) Importer(815301076,1909f56bfc062723c751e8b465ee728b)
Start importing Assets/Scripts/Effects/Effect Objects/EffectGroups/Player Units/StatChange/Give1PU_plus1plus1_RandPosKeyword_IfMoreKeywords_1_plus2plus2.asset using Guid(e924cd726381fbb46aeace3a2e4b9128) Importer(815301076,1909f56bfc062723c751e8b465ee728b)  -> (artifact id: '04e440b41d4bcf35863dfe88275a8d64') in 0.024287 seconds 
========================================================================
Received Import Request.
  Time since last request: 0.000014 seconds.
  path: Assets/Scripts/Effects/Effect Objects/EffectGroups/Player Units/StatChange/Give1PU_plus4plus4_TurnEnd_Destroy_Self.asset
  artifactKey: Guid(c990ce2f00d242840b0c1d30ea7bf1aa) Importer(815301076,1909f56bfc062723c751e8b465ee728b)
Start importing Assets/Scripts/Effects/Effect Objects/EffectGroups/Player Units/StatChange/Give1PU_plus4plus4_TurnEnd_Destroy_Self.asset using Guid(c990ce2f00d242840b0c1d30ea7bf1aa) Importer(815301076,1909f56bfc062723c751e8b465ee728b)  -> (artifact id: '4f1eb43bbdb3ccde0a1dd9065b04f1d0') in 0.018387 seconds 
========================================================================
Received Import Request.
  Time since last request: 0.000017 seconds.
  path: Assets/Scripts/Effects/Effect Objects/EffectGroups/Player Units/StatChange/Give1PU_plus2plus2_RandPosKeyword.asset
  artifactKey: Guid(2e26d589be81fc640be71f2a9221ab9e) Importer(815301076,1909f56bfc062723c751e8b465ee728b)
Start importing Assets/Scripts/Effects/Effect Objects/EffectGroups/Player Units/StatChange/Give1PU_plus2plus2_RandPosKeyword.asset using Guid(2e26d589be81fc640be71f2a9221ab9e) Importer(815301076,1909f56bfc062723c751e8b465ee728b)  -> (artifact id: '3c4e33d8a4dc22c500e360f52caaff0f') in 0.004659 seconds 
========================================================================
Received Import Request.
  Time since last request: 0.000021 seconds.
  path: Assets/Scripts/Effects/Effect Objects/EffectGroups/Player Units/StatChange/GiveALLPU_plus1plus0.asset
  artifactKey: Guid(f92e5993473aeec498fe9c2f25cf6b5f) Importer(815301076,1909f56bfc062723c751e8b465ee728b)
Start importing Assets/Scripts/Effects/Effect Objects/EffectGroups/Player Units/StatChange/GiveALLPU_plus1plus0.asset using Guid(f92e5993473aeec498fe9c2f25cf6b5f) Importer(815301076,1909f56bfc062723c751e8b465ee728b)  -> (artifact id: 'faf9d3948e9fd9112cb4a27e38dc45b9') in 0.003971 seconds 
========================================================================
Received Import Request.
  Time since last request: 0.000021 seconds.
  path: Assets/Scripts/Effects/Effect Objects/EffectGroups/Player Units/StatChange/Give1PU_plusDoubleplus0_1turn.asset
  artifactKey: Guid(3e2028a184490ac44a8cd891e2e1e42d) Importer(815301076,1909f56bfc062723c751e8b465ee728b)
Start importing Assets/Scripts/Effects/Effect Objects/EffectGroups/Player Units/StatChange/Give1PU_plusDoubleplus0_1turn.asset using Guid(3e2028a184490ac44a8cd891e2e1e42d) Importer(815301076,1909f56bfc062723c751e8b465ee728b)  -> (artifact id: '6c054255b3ea31e59771f77ff2b45ad3') in 0.004437 seconds 
========================================================================
Received Import Request.
  Time since last request: 0.000027 seconds.
  path: Assets/Scripts/Effects/Effect Objects/EffectGroups/Player Units/StatChange/Give1PU_plus2plus2.asset
  artifactKey: Guid(1298cf9bd80ea7e42aad999766388e12) Importer(815301076,1909f56bfc062723c751e8b465ee728b)
Start importing Assets/Scripts/Effects/Effect Objects/EffectGroups/Player Units/StatChange/Give1PU_plus2plus2.asset using Guid(1298cf9bd80ea7e42aad999766388e12) Importer(815301076,1909f56bfc062723c751e8b465ee728b)  -> (artifact id: '6a656e3298ec0de0defd250438df7123') in 0.003747 seconds 
========================================================================
Received Import Request.
  Time since last request: 0.000018 seconds.
  path: Assets/Scripts/Effects/Effect Objects/EffectGroups/Player Units/StatChange/GiveALLPU_plus1plus0_1turn.asset
  artifactKey: Guid(1d44796f80218b243ba653095aa31d6b) Importer(815301076,1909f56bfc062723c751e8b465ee728b)
Start importing Assets/Scripts/Effects/Effect Objects/EffectGroups/Player Units/StatChange/GiveALLPU_plus1plus0_1turn.asset using Guid(1d44796f80218b243ba653095aa31d6b) Importer(815301076,1909f56bfc062723c751e8b465ee728b)  -> (artifact id: '5d22b31f8b2e6f56812c1eb868954556') in 0.005588 seconds 
========================================================================
Received Import Request.
  Time since last request: 0.000030 seconds.
  path: Assets/Scripts/Effects/Effect Objects/EffectGroups/Player Units/StatChange/GiveNextPU_plus1plus0_Stealth_mult3.asset
  artifactKey: Guid(756ae8fe6ebdb2e418d4fccc4c37f22c) Importer(815301076,1909f56bfc062723c751e8b465ee728b)
Start importing Assets/Scripts/Effects/Effect Objects/EffectGroups/Player Units/StatChange/GiveNextPU_plus1plus0_Stealth_mult3.asset using Guid(756ae8fe6ebdb2e418d4fccc4c37f22c) Importer(815301076,1909f56bfc062723c751e8b465ee728b)  -> (artifact id: 'fa6401db6900448665e56607f32d1b1e') in 0.009787 seconds 
========================================================================
Received Import Request.
  Time since last request: 0.000017 seconds.
  path: Assets/Scripts/Effects/Effect Objects/EffectGroups/Player Units/StatChange/Give1PU_Revenge_CopyCard_Self.asset
  artifactKey: Guid(1eba22100d6375e4daa34264cb2a85a7) Importer(815301076,1909f56bfc062723c751e8b465ee728b)
Start importing Assets/Scripts/Effects/Effect Objects/EffectGroups/Player Units/StatChange/Give1PU_Revenge_CopyCard_Self.asset using Guid(1eba22100d6375e4daa34264cb2a85a7) Importer(815301076,1909f56bfc062723c751e8b465ee728b)  -> (artifact id: '7d86637ced26f26e70c096be99b11c5e') in 0.011230 seconds 
========================================================================
Received Import Request.
  Time since last request: 0.000016 seconds.
  path: Assets/Scripts/Effects/Effect Objects/EffectGroups/Player Units/StatChange/GiveNextPU_plus1plus1_Blitz_(1turn).asset
  artifactKey: Guid(8cf2d5b5eb4fb1f459641e107b15c014) Importer(815301076,1909f56bfc062723c751e8b465ee728b)
Start importing Assets/Scripts/Effects/Effect Objects/EffectGroups/Player Units/StatChange/GiveNextPU_plus1plus1_Blitz_(1turn).asset using Guid(8cf2d5b5eb4fb1f459641e107b15c014) Importer(815301076,1909f56bfc062723c751e8b465ee728b)  -> (artifact id: '4ca8321bfbc5ec88de55911b138448ac') in 0.011382 seconds 
========================================================================
Received Import Request.
  Time since last request: 0.000030 seconds.
  path: Assets/Scripts/Effects/Effect Objects/EffectGroups/Player Units/StatChange/Give2PU_plus1plus1.asset
  artifactKey: Guid(d7b2054f6c952c8439ec9e3071311104) Importer(815301076,1909f56bfc062723c751e8b465ee728b)
Start importing Assets/Scripts/Effects/Effect Objects/EffectGroups/Player Units/StatChange/Give2PU_plus1plus1.asset using Guid(d7b2054f6c952c8439ec9e3071311104) Importer(815301076,1909f56bfc062723c751e8b465ee728b)  -> (artifact id: 'ffb87dbfccc291b5bb63ea882e65c413') in 0.003965 seconds 
========================================================================
Received Import Request.
  Time since last request: 0.000019 seconds.
  path: Assets/Scripts/Effects/Effect Objects/EffectGroups/Player Units/StatChange/Give1PU_plus2plus3_Armored_Forcefield.asset
  artifactKey: Guid(a41f552b1bddeda4ba729a4faf77d4c3) Importer(815301076,1909f56bfc062723c751e8b465ee728b)
Start importing Assets/Scripts/Effects/Effect Objects/EffectGroups/Player Units/StatChange/Give1PU_plus2plus3_Armored_Forcefield.asset using Guid(a41f552b1bddeda4ba729a4faf77d4c3) Importer(815301076,1909f56bfc062723c751e8b465ee728b)  -> (artifact id: '3ee9493ee90d95ea353c9f4e38fee600') in 0.009929 seconds 
========================================================================
Received Import Request.
  Time since last request: 0.000017 seconds.
  path: Assets/Scripts/Effects/Effect Objects/EffectGroups/Player Units/StatChange/Give1PU_plus{Target_Keywords}plus{T_K}_1turn.asset
  artifactKey: Guid(8446001de00539b41b5c6faf14d31a33) Importer(815301076,1909f56bfc062723c751e8b465ee728b)
Start importing Assets/Scripts/Effects/Effect Objects/EffectGroups/Player Units/StatChange/Give1PU_plus{Target_Keywords}plus{T_K}_1turn.asset using Guid(8446001de00539b41b5c6faf14d31a33) Importer(815301076,1909f56bfc062723c751e8b465ee728b)  -> (artifact id: '6f9866362aea7b0bf80f339be4b72bca') in 0.004113 seconds 
========================================================================
Received Import Request.
  Time since last request: 0.000024 seconds.
  path: Assets/Scripts/Effects/Effect Objects/EffectGroups/Player Units/StatChange/GiveALLPU_plus{Allies_Count}plus{A_C}_1turn.asset
  artifactKey: Guid(340fa98fb2e38414e85378607d1d590a) Importer(815301076,1909f56bfc062723c751e8b465ee728b)
Start importing Assets/Scripts/Effects/Effect Objects/EffectGroups/Player Units/StatChange/GiveALLPU_plus{Allies_Count}plus{A_C}_1turn.asset using Guid(340fa98fb2e38414e85378607d1d590a) Importer(815301076,1909f56bfc062723c751e8b465ee728b)  -> (artifact id: 'ec9faaabf61e21e450ec105a1273278e') in 0.004171 seconds 
========================================================================
Received Import Request.
  Time since last request: 2.282920 seconds.
  path: Assets/Scripts/Effects/Effect Objects/EffectGroups/Player Units/StatChange/Give1PU_plus0plus1_Heal1.asset
  artifactKey: Guid(94a0e0c53dff9da48ab3e1798050ac1f) Importer(815301076,1909f56bfc062723c751e8b465ee728b)
Start importing Assets/Scripts/Effects/Effect Objects/EffectGroups/Player Units/StatChange/Give1PU_plus0plus1_Heal1.asset using Guid(94a0e0c53dff9da48ab3e1798050ac1f) Importer(815301076,1909f56bfc062723c751e8b465ee728b)  -> (artifact id: 'c28cc395cdba98084b24ebf196fc7216') in 0.004330 seconds 
========================================================================
Received Import Request.
  Time since last request: 0.000020 seconds.
  path: Assets/Scripts/Effects/Effect Objects/EffectGroups/Player Units/StatChange/Give1PU_plus1plus0_Heal1.asset
  artifactKey: Guid(07d46634461e4b94a974dac26787c9f7) Importer(815301076,1909f56bfc062723c751e8b465ee728b)
Start importing Assets/Scripts/Effects/Effect Objects/EffectGroups/Player Units/StatChange/Give1PU_plus1plus0_Heal1.asset using Guid(07d46634461e4b94a974dac26787c9f7) Importer(815301076,1909f56bfc062723c751e8b465ee728b)  -> (artifact id: '2338d0e8a1a27cc8bdd530511622899e') in 0.003233 seconds 
========================================================================
Received Import Request.
  Time since last request: 0.000029 seconds.
  path: Assets/Scripts/Effects/Effect Objects/EffectGroups/Player Units/StatChange/Give1PU_plus1plus0_Revenge_Draw1.asset
  artifactKey: Guid(8cf078e55647a014ca9302c6582778e5) Importer(815301076,1909f56bfc062723c751e8b465ee728b)
Start importing Assets/Scripts/Effects/Effect Objects/EffectGroups/Player Units/StatChange/Give1PU_plus1plus0_Revenge_Draw1.asset using Guid(8cf078e55647a014ca9302c6582778e5) Importer(815301076,1909f56bfc062723c751e8b465ee728b)  -> (artifact id: '3a4f3ffc2d425c65a46a26f963125790') in 0.008315 seconds 
========================================================================
Received Import Request.
  Time since last request: 0.000030 seconds.
  path: Assets/Scripts/Effects/Effect Objects/EffectGroups/Player Units/StatChange/Give1PU_plus0plus3_Defender.asset
  artifactKey: Guid(4ab8ada54ee9a1f4eaa5d53375c6dbed) Importer(815301076,1909f56bfc062723c751e8b465ee728b)
Start importing Assets/Scripts/Effects/Effect Objects/EffectGroups/Player Units/StatChange/Give1PU_plus0plus3_Defender.asset using Guid(4ab8ada54ee9a1f4eaa5d53375c6dbed) Importer(815301076,1909f56bfc062723c751e8b465ee728b)  -> (artifact id: '0435c725ff86617133407693688844e9') in 0.006695 seconds 
========================================================================
Received Import Request.
  Time since last request: 0.000021 seconds.
  path: Assets/Scripts/Effects/Effect Objects/EffectGroups/Player Units/StatChange/Give1PU_plus1plus0_1turn.asset
  artifactKey: Guid(6f356196b5b4e764b82d0e8a7f353357) Importer(815301076,1909f56bfc062723c751e8b465ee728b)
Start importing Assets/Scripts/Effects/Effect Objects/EffectGroups/Player Units/StatChange/Give1PU_plus1plus0_1turn.asset using Guid(6f356196b5b4e764b82d0e8a7f353357) Importer(815301076,1909f56bfc062723c751e8b465ee728b)  -> (artifact id: '2ad74dbefac550f96cbcf7eb97d5bebc') in 0.003467 seconds 
