Using pre-set license
Built from '2021.3/release' branch; Version is '2021.3.17f1 (3e8111cac19d) revision 4096273'; Using compiler version '192829333'; Build Type 'Release'
OS: 'Windows 11  (10.0.22621) 64bit Core' Language: 'en' Physical Memory: 16204 MB
BatchMode: 1, IsHumanControllingUs: 0, StartBugReporterOnCrash: 0, Is64bit: 1, IsPro: 1

COMMAND LINE ARGUMENTS:
C:\Program Files\Unity\Hub\Editor\2021.3.17f1\Editor\Unity.exe
-adb2
-batchMode
-noUpm
-name
AssetImportWorker3
-projectPath
C:/Users/wgCob/Programming/Unity/Drifter (Unity 2D)
-logFile
Logs/AssetImportWorker3.log
-srvPort
62044
Successfully changed project path to: C:/Users/wgCob/Programming/Unity/Drifter (Unity 2D)
C:/Users/wgCob/Programming/Unity/Drifter (Unity 2D)
[UnityMemory] Configuration Parameters - Can be set up in boot.config
    "memorysetup-bucket-allocator-granularity=16"
    "memorysetup-bucket-allocator-bucket-count=8"
    "memorysetup-bucket-allocator-block-size=33554432"
    "memorysetup-bucket-allocator-block-count=8"
    "memorysetup-main-allocator-block-size=16777216"
    "memorysetup-thread-allocator-block-size=16777216"
    "memorysetup-gfx-main-allocator-block-size=16777216"
    "memorysetup-gfx-thread-allocator-block-size=16777216"
    "memorysetup-cache-allocator-block-size=4194304"
    "memorysetup-typetree-allocator-block-size=2097152"
    "memorysetup-profiler-bucket-allocator-granularity=16"
    "memorysetup-profiler-bucket-allocator-bucket-count=8"
    "memorysetup-profiler-bucket-allocator-block-size=33554432"
    "memorysetup-profiler-bucket-allocator-block-count=8"
    "memorysetup-profiler-allocator-block-size=16777216"
    "memorysetup-profiler-editor-allocator-block-size=1048576"
    "memorysetup-temp-allocator-size-main=16777216"
    "memorysetup-job-temp-allocator-block-size=2097152"
    "memorysetup-job-temp-allocator-block-size-background=1048576"
    "memorysetup-job-temp-allocator-reduction-small-platforms=262144"
    "memorysetup-temp-allocator-size-background-worker=32768"
    "memorysetup-temp-allocator-size-job-worker=262144"
    "memorysetup-temp-allocator-size-preload-manager=33554432"
    "memorysetup-temp-allocator-size-nav-mesh-worker=65536"
    "memorysetup-temp-allocator-size-audio-worker=65536"
    "memorysetup-temp-allocator-size-cloud-worker=32768"
    "memorysetup-temp-allocator-size-gi-baking-worker=262144"
    "memorysetup-temp-allocator-size-gfx=262144"
Player connection [32916] Host "[IP] 192.168.0.22 [Port] 0 [Flags] 2 [Guid] 2446356171 [EditorId] 2446356171 [Version] 1048832 [Id] WindowsEditor(7,WHG-Machine) [Debug] 1 [PackageName] WindowsEditor [ProjectName] Editor" joined multi-casting on [225.0.0.222:54997]...

Player connection [32916] Host "[IP] 192.168.0.22 [Port] 0 [Flags] 2 [Guid] 2446356171 [EditorId] 2446356171 [Version] 1048832 [Id] WindowsEditor(7,WHG-Machine) [Debug] 1 [PackageName] WindowsEditor [ProjectName] Editor" joined alternative multi-casting on [225.0.0.222:34997]...

Refreshing native plugins compatible for Editor in 113.96 ms, found 5 plugins.
Preloading 0 native plugins for Editor in 0.00 ms.
Initialize engine version: 2021.3.17f1 (3e8111cac19d)
[Subsystems] Discovering subsystems at path C:/Program Files/Unity/Hub/Editor/2021.3.17f1/Editor/Data/Resources/UnitySubsystems
[Subsystems] Discovering subsystems at path C:/Users/wgCob/Programming/Unity/Drifter (Unity 2D)/Assets
GfxDevice: creating device client; threaded=0; jobified=0
Direct3D:
    Version:  Direct3D 11.0 [level 11.1]
    Renderer: NVIDIA GeForce RTX 2060 (ID=0x1f15)
    Vendor:   NVIDIA
    VRAM:     5980 MB
    Driver:   31.0.15.1659
Initialize mono
Mono path[0] = 'C:/Program Files/Unity/Hub/Editor/2021.3.17f1/Editor/Data/Managed'
Mono path[1] = 'C:/Program Files/Unity/Hub/Editor/2021.3.17f1/Editor/Data/MonoBleedingEdge/lib/mono/unityjit-win32'
Mono config path = 'C:/Program Files/Unity/Hub/Editor/2021.3.17f1/Editor/Data/MonoBleedingEdge/etc'
Using monoOptions --debugger-agent=transport=dt_socket,embedding=1,server=y,suspend=n,address=127.0.0.1:56664
Begin MonoManager ReloadAssembly
Registering precompiled unity dll's ...
Register platform support module: C:/Program Files/Unity/Hub/Editor/2021.3.17f1/Editor/Data/PlaybackEngines/WindowsStandaloneSupport/UnityEditor.WindowsStandalone.Extensions.dll
Registered in 0.005234 seconds.
Native extension for WindowsStandalone target not found
Refreshing native plugins compatible for Editor in 96.35 ms, found 5 plugins.
Preloading 0 native plugins for Editor in 0.00 ms.
Mono: successfully reloaded assembly
- Completed reload, in  0.614 seconds
Domain Reload Profiling:
	ReloadAssembly (615ms)
		BeginReloadAssembly (70ms)
			ExecutionOrderSort (0ms)
			DisableScriptedObjects (0ms)
			BackupInstance (0ms)
			ReleaseScriptingObjects (0ms)
			CreateAndSetChildDomain (1ms)
		EndReloadAssembly (437ms)
			LoadAssemblies (68ms)
			RebuildTransferFunctionScriptingTraits (0ms)
			SetupTypeCache (99ms)
			ReleaseScriptCaches (0ms)
			RebuildScriptCaches (24ms)
			SetupLoadedEditorAssemblies (268ms)
				LogAssemblyErrors (0ms)
				InitializePlatformSupportModulesInManaged (6ms)
				SetLoadedEditorAssemblies (0ms)
				RefreshPlugins (96ms)
				BeforeProcessingInitializeOnLoad (1ms)
				ProcessInitializeOnLoadAttributes (124ms)
				ProcessInitializeOnLoadMethodAttributes (40ms)
				AfterProcessingInitializeOnLoad (0ms)
				EditorAssembliesLoaded (0ms)
			ExecutionOrderSort2 (0ms)
			AwakeInstancesAfterBackupRestoration (0ms)
Platform modules already initialized, skipping
Registering precompiled user dll's ...
Registered in 0.006799 seconds.
Begin MonoManager ReloadAssembly
Native extension for WindowsStandalone target not found
Refreshing native plugins compatible for Editor in 96.75 ms, found 5 plugins.
Preloading 0 native plugins for Editor in 0.00 ms.
Mono: successfully reloaded assembly
- Completed reload, in  1.012 seconds
Domain Reload Profiling:
	ReloadAssembly (1013ms)
		BeginReloadAssembly (105ms)
			ExecutionOrderSort (0ms)
			DisableScriptedObjects (5ms)
			BackupInstance (0ms)
			ReleaseScriptingObjects (0ms)
			CreateAndSetChildDomain (19ms)
		EndReloadAssembly (801ms)
			LoadAssemblies (81ms)
			RebuildTransferFunctionScriptingTraits (0ms)
			SetupTypeCache (209ms)
			ReleaseScriptCaches (1ms)
			RebuildScriptCaches (55ms)
			SetupLoadedEditorAssemblies (411ms)
				LogAssemblyErrors (0ms)
				InitializePlatformSupportModulesInManaged (3ms)
				SetLoadedEditorAssemblies (0ms)
				RefreshPlugins (97ms)
				BeforeProcessingInitializeOnLoad (64ms)
				ProcessInitializeOnLoadAttributes (199ms)
				ProcessInitializeOnLoadMethodAttributes (41ms)
				AfterProcessingInitializeOnLoad (7ms)
				EditorAssembliesLoaded (0ms)
			ExecutionOrderSort2 (0ms)
			AwakeInstancesAfterBackupRestoration (7ms)
Platform modules already initialized, skipping
========================================================================
Worker process is ready to serve import requests
Launched and connected shader compiler UnityShaderCompiler.exe after 0.04 seconds
Refreshing native plugins compatible for Editor in 1.33 ms, found 5 plugins.
Preloading 0 native plugins for Editor in 0.00 ms.
Unloading 2781 Unused Serialized files (Serialized files now loaded: 0)
Unloading 35 unused Assets / (30.2 KB). Loaded Objects now: 3247.
Memory consumption went from 128.4 MB to 128.4 MB.
Total: 3.461500 ms (FindLiveObjects: 0.215400 ms CreateObjectMapping: 0.154100 ms MarkObjects: 3.047500 ms  DeleteObjects: 0.043900 ms)

AssetImportParameters requested are different than current active one (requested -> active):
  custom:video-decoder-ogg-theora: a1e56fd34408186e4bbccfd4996cb3dc -> 
  custom:container-muxer-webm: aa71ff27fc2769a1b78a27578f13a17b -> 
  custom:container-demuxer-webm: 4f35f7cbe854078d1ac9338744f61a02 -> 
  custom:video-encoder-webm-vp8: eb34c28f22e8b96e1ab97ce403110664 -> 
  custom:video-codec-MediaFoundation-h265: 746d11721c4dcdbdad8f713fa42b33f4 -> 
  custom:audio-encoder-webm-vorbis: bf7c407c2cedff20999df2af8eb42d56 -> 
  custom:framework-win-MediaFoundation: 216162199b28c13a410421893ffa2e32 -> 
  custom:container-demuxer-ogg: 62fdf1f143b41e24485cea50d1cbac27 -> 
  custom:video-decoder-webm-vp8: 9c59270c3fd7afecdb556c50c9e8de78 -> 
  custom:audio-decoder-ogg-vorbis: bf7c407c2cedff20999df2af8eb42d56 -> 
========================================================================
Received Import Request.
  Time since last request: 130043.782436 seconds.
  path: Assets/Sprites/_Unused_Sprites/UI/SciFi_Ranks_elem_06_02.png
  artifactKey: Guid(835d670ae91529c4ba53847a0560dbd9) Importer(815301076,1909f56bfc062723c751e8b465ee728b)
Start importing Assets/Sprites/_Unused_Sprites/UI/SciFi_Ranks_elem_06_02.png using Guid(835d670ae91529c4ba53847a0560dbd9) Importer(815301076,1909f56bfc062723c751e8b465ee728b)  -> (artifact id: '1ed14382da8c8c7ae05b4b695ffa6ee6') in 0.129153 seconds 
========================================================================
Received Import Request.
  Time since last request: 2.899414 seconds.
  path: Assets/Sprites/_Unused_Sprites/bullet_1.PNG
  artifactKey: Guid(34806e355c56ad64c968bd987d51409c) Importer(815301076,1909f56bfc062723c751e8b465ee728b)
Start importing Assets/Sprites/_Unused_Sprites/bullet_1.PNG using Guid(34806e355c56ad64c968bd987d51409c) Importer(815301076,1909f56bfc062723c751e8b465ee728b)  -> (artifact id: '2ab95869b0f082f95402341ee5941c79') in 0.046593 seconds 
========================================================================
Received Import Request.
  Time since last request: 0.000023 seconds.
  path: Assets/Sprites/_Unused_Sprites/LB_09_02.png
  artifactKey: Guid(7c5da686b9244e14db9300387d20b82e) Importer(815301076,1909f56bfc062723c751e8b465ee728b)
Start importing Assets/Sprites/_Unused_Sprites/LB_09_02.png using Guid(7c5da686b9244e14db9300387d20b82e) Importer(815301076,1909f56bfc062723c751e8b465ee728b)  -> (artifact id: 'dbf732d5a4e8a73cefb1c94a0a0b3c80') in 0.033482 seconds 
========================================================================
Received Import Request.
  Time since last request: 0.000020 seconds.
  path: Assets/Sprites/_Unused_Sprites/Mark_1.PNG
  artifactKey: Guid(d8fb3c97da5185e4ea3fd00531e22382) Importer(815301076,1909f56bfc062723c751e8b465ee728b)
Start importing Assets/Sprites/_Unused_Sprites/Mark_1.PNG using Guid(d8fb3c97da5185e4ea3fd00531e22382) Importer(815301076,1909f56bfc062723c751e8b465ee728b)  -> (artifact id: '5a5d9563fd2a679cdad2128fafff9c2c') in 0.023668 seconds 
========================================================================
Received Import Request.
  Time since last request: 0.000016 seconds.
  path: Assets/Sprites/_Unused_Sprites/el_13_02.png
  artifactKey: Guid(45b2d76a17ef62f44babebf05d3ae647) Importer(815301076,1909f56bfc062723c751e8b465ee728b)
Start importing Assets/Sprites/_Unused_Sprites/el_13_02.png using Guid(45b2d76a17ef62f44babebf05d3ae647) Importer(815301076,1909f56bfc062723c751e8b465ee728b)  -> (artifact id: '8959a424e7b498a89967e358626e4335') in 0.057431 seconds 
========================================================================
Received Import Request.
  Time since last request: 0.000028 seconds.
  path: Assets/Sprites/_Unused_Sprites/gr_04.PNG
  artifactKey: Guid(176d84f7252f8f44ab32acb7e584aa75) Importer(815301076,1909f56bfc062723c751e8b465ee728b)
Start importing Assets/Sprites/_Unused_Sprites/gr_04.PNG using Guid(176d84f7252f8f44ab32acb7e584aa75) Importer(815301076,1909f56bfc062723c751e8b465ee728b)  -> (artifact id: '30a385f482f3463500f6597d18769db8') in 0.024465 seconds 
========================================================================
Received Import Request.
  Time since last request: 0.000032 seconds.
  path: Assets/Sprites/_Unused_Sprites/SciFi_Ranks_elem_01_09.png
  artifactKey: Guid(fb7e21cf9eae3da4f987a2bc649d6de7) Importer(815301076,1909f56bfc062723c751e8b465ee728b)
Start importing Assets/Sprites/_Unused_Sprites/SciFi_Ranks_elem_01_09.png using Guid(fb7e21cf9eae3da4f987a2bc649d6de7) Importer(815301076,1909f56bfc062723c751e8b465ee728b)  -> (artifact id: '4114af538d44ccdfbcbb7627dd99bd90') in 0.035320 seconds 
========================================================================
Received Import Request.
  Time since last request: 0.000014 seconds.
  path: Assets/Sprites/_Unused_Sprites/gr_09.png
  artifactKey: Guid(328ccfa4995528a49b1827caad985ef5) Importer(815301076,1909f56bfc062723c751e8b465ee728b)
Start importing Assets/Sprites/_Unused_Sprites/gr_09.png using Guid(328ccfa4995528a49b1827caad985ef5) Importer(815301076,1909f56bfc062723c751e8b465ee728b)  -> (artifact id: 'bfceadfe230de70ae76a26d24001d9c0') in 0.016808 seconds 
========================================================================
Received Import Request.
  Time since last request: 0.000019 seconds.
  path: Assets/Sprites/_Unused_Sprites/SciFi_Ranks_elem_04_02.png
  artifactKey: Guid(67d831cfda56d824085d321db88faa80) Importer(815301076,1909f56bfc062723c751e8b465ee728b)
Start importing Assets/Sprites/_Unused_Sprites/SciFi_Ranks_elem_04_02.png using Guid(67d831cfda56d824085d321db88faa80) Importer(815301076,1909f56bfc062723c751e8b465ee728b)  -> (artifact id: '3ad9f60b1efb0773e98672180bfbd284') in 0.019968 seconds 
========================================================================
Received Import Request.
  Time since last request: 0.000021 seconds.
  path: Assets/Sprites/_Unused_Sprites/eye_1.png
  artifactKey: Guid(7fef6483f04a74045a262224dbeaa749) Importer(815301076,1909f56bfc062723c751e8b465ee728b)
Start importing Assets/Sprites/_Unused_Sprites/eye_1.png using Guid(7fef6483f04a74045a262224dbeaa749) Importer(815301076,1909f56bfc062723c751e8b465ee728b)  -> (artifact id: '36f814424514dfaf1aedf9ed5c45eccf') in 0.019072 seconds 
========================================================================
Received Import Request.
  Time since last request: 0.000039 seconds.
  path: Assets/Sprites/_Unused_Sprites/claw_2.png
  artifactKey: Guid(db8686449c5431e49ace3c27a0eade1a) Importer(815301076,1909f56bfc062723c751e8b465ee728b)
Start importing Assets/Sprites/_Unused_Sprites/claw_2.png using Guid(db8686449c5431e49ace3c27a0eade1a) Importer(815301076,1909f56bfc062723c751e8b465ee728b)  -> (artifact id: 'd524330e15fe1e8af7f795cfbdc66a6b') in 0.018074 seconds 
========================================================================
Received Import Request.
  Time since last request: 0.000015 seconds.
  path: Assets/Sprites/_Unused_Sprites/el_18_02.png
  artifactKey: Guid(3cce237685d9e804488e6a9762890198) Importer(815301076,1909f56bfc062723c751e8b465ee728b)
Start importing Assets/Sprites/_Unused_Sprites/el_18_02.png using Guid(3cce237685d9e804488e6a9762890198) Importer(815301076,1909f56bfc062723c751e8b465ee728b)  -> (artifact id: '4e9c49aa05d8d705f199c41aa5dadca3') in 0.017058 seconds 
========================================================================
Received Import Request.
  Time since last request: 3.850598 seconds.
  path: Assets/Sprites/_Unused_Sprites/SciFi_Ranks_elem_05_08.png
  artifactKey: Guid(efe697015517d9345af6494affb93f69) Importer(815301076,1909f56bfc062723c751e8b465ee728b)
Start importing Assets/Sprites/_Unused_Sprites/SciFi_Ranks_elem_05_08.png using Guid(efe697015517d9345af6494affb93f69) Importer(815301076,1909f56bfc062723c751e8b465ee728b)  -> (artifact id: '4fcba15e20d1652dffcd4ee084a74139') in 0.040534 seconds 
========================================================================
Received Import Request.
  Time since last request: 0.000022 seconds.
  path: Assets/Sprites/_Unused_Sprites/shield_1.png
  artifactKey: Guid(3ecdf47d51e7462439ed4c4f70807254) Importer(815301076,1909f56bfc062723c751e8b465ee728b)
Start importing Assets/Sprites/_Unused_Sprites/shield_1.png using Guid(3ecdf47d51e7462439ed4c4f70807254) Importer(815301076,1909f56bfc062723c751e8b465ee728b)  -> (artifact id: '8f77837910b128fd2e1a3c4ff20965ec') in 0.024186 seconds 
========================================================================
Received Import Request.
  Time since last request: 0.000023 seconds.
  path: Assets/Sprites/_Unused_Sprites/skull_2.PNG
  artifactKey: Guid(6938bac7ac76a52418bbe30c5ec1d2f3) Importer(815301076,1909f56bfc062723c751e8b465ee728b)
Start importing Assets/Sprites/_Unused_Sprites/skull_2.PNG using Guid(6938bac7ac76a52418bbe30c5ec1d2f3) Importer(815301076,1909f56bfc062723c751e8b465ee728b)  -> (artifact id: '676c0a7787624c4d2b8e28a75ff73804') in 0.025824 seconds 
========================================================================
Received Import Request.
  Time since last request: 9.077719 seconds.
  path: Assets/Sprites/_Unused_Sprites/Avatars/f_03.png
  artifactKey: Guid(cf6cb2809d23f974cb9b1401f047bdd5) Importer(815301076,1909f56bfc062723c751e8b465ee728b)
Start importing Assets/Sprites/_Unused_Sprites/Avatars/f_03.png using Guid(cf6cb2809d23f974cb9b1401f047bdd5) Importer(815301076,1909f56bfc062723c751e8b465ee728b)  -> (artifact id: '5d6733cd78461b9a4479037f00d26062') in 0.051269 seconds 
========================================================================
Received Import Request.
  Time since last request: 0.000025 seconds.
  path: Assets/Sprites/_Unused_Sprites/Avatars/female_1.psd
  artifactKey: Guid(531e0b6c1f14ca0448db6bc064c5e4af) Importer(815301076,1909f56bfc062723c751e8b465ee728b)
Start importing Assets/Sprites/_Unused_Sprites/Avatars/female_1.psd using Guid(531e0b6c1f14ca0448db6bc064c5e4af) Importer(815301076,1909f56bfc062723c751e8b465ee728b)  -> (artifact id: 'cffe4c75ce942dfaabb2b6a6ef6cead6') in 0.023951 seconds 
========================================================================
Received Import Request.
  Time since last request: 0.000046 seconds.
  path: Assets/Sprites/_Unused_Sprites/Avatars/q22.psd
  artifactKey: Guid(0957d99ebfff7574b966f396c3360d1a) Importer(815301076,1909f56bfc062723c751e8b465ee728b)
Start importing Assets/Sprites/_Unused_Sprites/Avatars/q22.psd using Guid(0957d99ebfff7574b966f396c3360d1a) Importer(815301076,1909f56bfc062723c751e8b465ee728b)  -> (artifact id: 'e33145fe8b4bd9d37f2257cfe076b83b') in 0.022830 seconds 
========================================================================
Received Import Request.
  Time since last request: 0.000046 seconds.
  path: Assets/Sprites/_Unused_Sprites/Avatars/m_1.psd
  artifactKey: Guid(9850645614d344544a820dd9af31381e) Importer(815301076,1909f56bfc062723c751e8b465ee728b)
Start importing Assets/Sprites/_Unused_Sprites/Avatars/m_1.psd using Guid(9850645614d344544a820dd9af31381e) Importer(815301076,1909f56bfc062723c751e8b465ee728b)  -> (artifact id: 'fc41ee87d35610f3b68e12ee0aefd466') in 0.019900 seconds 
========================================================================
Received Import Request.
  Time since last request: 0.000045 seconds.
  path: Assets/Sprites/_Unused_Sprites/Avatars/k1.psd
  artifactKey: Guid(525f1298eb345b34daa53e39f7c8e642) Importer(815301076,1909f56bfc062723c751e8b465ee728b)
Start importing Assets/Sprites/_Unused_Sprites/Avatars/k1.psd using Guid(525f1298eb345b34daa53e39f7c8e642) Importer(815301076,1909f56bfc062723c751e8b465ee728b)  -> (artifact id: '42040d3eaaf924eadbe28ef661680fca') in 0.022103 seconds 
========================================================================
Received Import Request.
  Time since last request: 0.000049 seconds.
  path: Assets/Sprites/_Unused_Sprites/Avatars/F_09.psd
  artifactKey: Guid(adb71b447591cb04da41ac95b6a15cb6) Importer(815301076,1909f56bfc062723c751e8b465ee728b)
Start importing Assets/Sprites/_Unused_Sprites/Avatars/F_09.psd using Guid(adb71b447591cb04da41ac95b6a15cb6) Importer(815301076,1909f56bfc062723c751e8b465ee728b)  -> (artifact id: 'f8c17271afc05b7d0ef0dceff9f41d99') in 0.019478 seconds 
========================================================================
Received Import Request.
  Time since last request: 0.000017 seconds.
  path: Assets/Sprites/_Unused_Sprites/Avatars/M_17.PSD
  artifactKey: Guid(be548b527eb159740817480da48e4b8d) Importer(815301076,1909f56bfc062723c751e8b465ee728b)
Start importing Assets/Sprites/_Unused_Sprites/Avatars/M_17.PSD using Guid(be548b527eb159740817480da48e4b8d) Importer(815301076,1909f56bfc062723c751e8b465ee728b)  -> (artifact id: 'bdc69002c19e33b8296f1d016ce3bbe6') in 0.023683 seconds 
========================================================================
Received Import Request.
  Time since last request: 0.000025 seconds.
  path: Assets/Sprites/_Unused_Sprites/Avatars/mutant_6.PSD
  artifactKey: Guid(1b2cbc90f829b0d41a7e3399b3b201e7) Importer(815301076,1909f56bfc062723c751e8b465ee728b)
Start importing Assets/Sprites/_Unused_Sprites/Avatars/mutant_6.PSD using Guid(1b2cbc90f829b0d41a7e3399b3b201e7) Importer(815301076,1909f56bfc062723c751e8b465ee728b)  -> (artifact id: '389b63bee796fb6206a5020f7246e388') in 0.019601 seconds 
========================================================================
Received Import Request.
  Time since last request: 0.000015 seconds.
  path: Assets/Sprites/_Unused_Sprites/Avatars/M_01.psd
  artifactKey: Guid(48bcf37c5147cb046a0031dd0c884110) Importer(815301076,1909f56bfc062723c751e8b465ee728b)
Start importing Assets/Sprites/_Unused_Sprites/Avatars/M_01.psd using Guid(48bcf37c5147cb046a0031dd0c884110) Importer(815301076,1909f56bfc062723c751e8b465ee728b)  -> (artifact id: '02da9220775346861560b60a5f4d9c6f') in 0.025259 seconds 
========================================================================
Received Import Request.
  Time since last request: 0.000022 seconds.
  path: Assets/Sprites/_Unused_Sprites/Avatars/mutant_5.psd
  artifactKey: Guid(9ac80a5dbd9387c449d5ce64a4743ce6) Importer(815301076,1909f56bfc062723c751e8b465ee728b)
Start importing Assets/Sprites/_Unused_Sprites/Avatars/mutant_5.psd using Guid(9ac80a5dbd9387c449d5ce64a4743ce6) Importer(815301076,1909f56bfc062723c751e8b465ee728b)  -> (artifact id: 'a5dc3541758fdf4d4ad47689f7848007') in 0.018428 seconds 
========================================================================
Received Import Request.
  Time since last request: 0.000017 seconds.
  path: Assets/Sprites/_Unused_Sprites/Avatars/female_2.psd
  artifactKey: Guid(b6874535d46fffc438731fa12cab1d98) Importer(815301076,1909f56bfc062723c751e8b465ee728b)
Start importing Assets/Sprites/_Unused_Sprites/Avatars/female_2.psd using Guid(b6874535d46fffc438731fa12cab1d98) Importer(815301076,1909f56bfc062723c751e8b465ee728b)  -> (artifact id: '9d10381a821c239be833aacd9f07a263') in 0.017343 seconds 
========================================================================
Received Import Request.
  Time since last request: 0.000023 seconds.
  path: Assets/Sprites/_Unused_Sprites/Avatars/mutant_2.psd
  artifactKey: Guid(8326e933187d8a645898dc7e9810bf6f) Importer(815301076,1909f56bfc062723c751e8b465ee728b)
Start importing Assets/Sprites/_Unused_Sprites/Avatars/mutant_2.psd using Guid(8326e933187d8a645898dc7e9810bf6f) Importer(815301076,1909f56bfc062723c751e8b465ee728b)  -> (artifact id: '128ecd7ee1943ff3e864e6904aa169a7') in 0.018169 seconds 
========================================================================
Received Import Request.
  Time since last request: 0.000023 seconds.
  path: Assets/Sprites/_Unused_Sprites/Avatars/F_05.PSD
  artifactKey: Guid(6dd94bf8e1b4f424791a13cf558edf95) Importer(815301076,1909f56bfc062723c751e8b465ee728b)
Start importing Assets/Sprites/_Unused_Sprites/Avatars/F_05.PSD using Guid(6dd94bf8e1b4f424791a13cf558edf95) Importer(815301076,1909f56bfc062723c751e8b465ee728b)  -> (artifact id: 'e0befa9229846e1fa24e69e5d0ad9dc0') in 0.020927 seconds 
========================================================================
Received Import Request.
  Time since last request: 0.000028 seconds.
  path: Assets/Sprites/_Unused_Sprites/Avatars/K_18.psd
  artifactKey: Guid(1ec93a4d319127a459199256c68f2cb2) Importer(815301076,1909f56bfc062723c751e8b465ee728b)
Start importing Assets/Sprites/_Unused_Sprites/Avatars/K_18.psd using Guid(1ec93a4d319127a459199256c68f2cb2) Importer(815301076,1909f56bfc062723c751e8b465ee728b)  -> (artifact id: '83d6fd6c299bc1c24e24e2df3893cd5a') in 0.016559 seconds 
========================================================================
Received Import Request.
  Time since last request: 4.501596 seconds.
  path: Assets/Sprites/_Unused_Sprites/Chests/05.png
  artifactKey: Guid(9e934d70db2a6ce45a8325180c694b6b) Importer(815301076,1909f56bfc062723c751e8b465ee728b)
Start importing Assets/Sprites/_Unused_Sprites/Chests/05.png using Guid(9e934d70db2a6ce45a8325180c694b6b) Importer(815301076,1909f56bfc062723c751e8b465ee728b)  -> (artifact id: '185053c425db934993a99107c46b382a') in 0.084226 seconds 
========================================================================
Received Import Request.
  Time since last request: 0.000017 seconds.
  path: Assets/Sprites/_Unused_Sprites/Chests/06.png
  artifactKey: Guid(39f2cfdea609f4446ae50dc5b871bbfc) Importer(815301076,1909f56bfc062723c751e8b465ee728b)
Start importing Assets/Sprites/_Unused_Sprites/Chests/06.png using Guid(39f2cfdea609f4446ae50dc5b871bbfc) Importer(815301076,1909f56bfc062723c751e8b465ee728b)  -> (artifact id: '032e2628d375131e86d69e4152b354af') in 0.080219 seconds 
========================================================================
Received Import Request.
  Time since last request: 16.284180 seconds.
  path: Assets/Sprites/_Unused_Sprites/Colored Skills/Blue/b_10.png
  artifactKey: Guid(eba3790f0d2611245956f285051685e1) Importer(815301076,1909f56bfc062723c751e8b465ee728b)
Start importing Assets/Sprites/_Unused_Sprites/Colored Skills/Blue/b_10.png using Guid(eba3790f0d2611245956f285051685e1) Importer(815301076,1909f56bfc062723c751e8b465ee728b)  -> (artifact id: '20da7925ced4f6406192c1806c4e7950') in 0.030545 seconds 
========================================================================
Received Import Request.
  Time since last request: 0.000018 seconds.
  path: Assets/Sprites/_Unused_Sprites/Colored Skills/Blue/b_29.png
  artifactKey: Guid(25dfd713abc30ca44a409342a21e9bd3) Importer(815301076,1909f56bfc062723c751e8b465ee728b)
Start importing Assets/Sprites/_Unused_Sprites/Colored Skills/Blue/b_29.png using Guid(25dfd713abc30ca44a409342a21e9bd3) Importer(815301076,1909f56bfc062723c751e8b465ee728b)  -> (artifact id: '2c0b8588d8f15decbba9d87059626f78') in 0.022711 seconds 
========================================================================
Received Import Request.
  Time since last request: 0.000017 seconds.
  path: Assets/Sprites/_Unused_Sprites/Colored Skills/Blue/gr_02.png
  artifactKey: Guid(64f63ab3184340849bcd3db600a43bb2) Importer(815301076,1909f56bfc062723c751e8b465ee728b)
Start importing Assets/Sprites/_Unused_Sprites/Colored Skills/Blue/gr_02.png using Guid(64f63ab3184340849bcd3db600a43bb2) Importer(815301076,1909f56bfc062723c751e8b465ee728b)  -> (artifact id: '0e3bdcc33211cf0f087603646c001796') in 0.019884 seconds 
========================================================================
Received Import Request.
  Time since last request: 0.000018 seconds.
  path: Assets/Sprites/_Unused_Sprites/Colored Skills/Blue/b_28.png
  artifactKey: Guid(0e126a041b3752b4c96e885c9c87a935) Importer(815301076,1909f56bfc062723c751e8b465ee728b)
Start importing Assets/Sprites/_Unused_Sprites/Colored Skills/Blue/b_28.png using Guid(0e126a041b3752b4c96e885c9c87a935) Importer(815301076,1909f56bfc062723c751e8b465ee728b)  -> (artifact id: '33663119197e2bb6194f026b465efe75') in 0.017496 seconds 
========================================================================
Received Import Request.
  Time since last request: 0.000017 seconds.
  path: Assets/Sprites/_Unused_Sprites/Colored Skills/Blue/blue_8.png
  artifactKey: Guid(5bf0019708a78774f91060343da4bee2) Importer(815301076,1909f56bfc062723c751e8b465ee728b)
Start importing Assets/Sprites/_Unused_Sprites/Colored Skills/Blue/blue_8.png using Guid(5bf0019708a78774f91060343da4bee2) Importer(815301076,1909f56bfc062723c751e8b465ee728b)  -> (artifact id: '5272003d7ef783d829ddcec783c8767f') in 0.024094 seconds 
========================================================================
Received Import Request.
  Time since last request: 0.000023 seconds.
  path: Assets/Sprites/_Unused_Sprites/Colored Skills/Blue/b_22.png
  artifactKey: Guid(54061c9d7840e154bbc8c5e042308b09) Importer(815301076,1909f56bfc062723c751e8b465ee728b)
Start importing Assets/Sprites/_Unused_Sprites/Colored Skills/Blue/b_22.png using Guid(54061c9d7840e154bbc8c5e042308b09) Importer(815301076,1909f56bfc062723c751e8b465ee728b)  -> (artifact id: '702636a9f4d33cac75f5298bd05ec06e') in 0.021464 seconds 
========================================================================
Received Import Request.
  Time since last request: 0.000020 seconds.
  path: Assets/Sprites/_Unused_Sprites/Colored Skills/Blue/b_14.PNG
  artifactKey: Guid(bc77640586186d848a5a5032bb436dd5) Importer(815301076,1909f56bfc062723c751e8b465ee728b)
Start importing Assets/Sprites/_Unused_Sprites/Colored Skills/Blue/b_14.PNG using Guid(bc77640586186d848a5a5032bb436dd5) Importer(815301076,1909f56bfc062723c751e8b465ee728b)  -> (artifact id: 'f27fe3391410f9bdbb906029088e05b3') in 0.015731 seconds 
========================================================================
Received Import Request.
  Time since last request: 4.593571 seconds.
  path: Assets/Sprites/_Unused_Sprites/Icons/icon_3.PNG
  artifactKey: Guid(b46d5ee71570c4947807d05ab2a0fcbd) Importer(815301076,1909f56bfc062723c751e8b465ee728b)
Start importing Assets/Sprites/_Unused_Sprites/Icons/icon_3.PNG using Guid(b46d5ee71570c4947807d05ab2a0fcbd) Importer(815301076,1909f56bfc062723c751e8b465ee728b)  -> (artifact id: '141e67e6e3ef168203c53c1bacc11188') in 0.033856 seconds 
========================================================================
Received Import Request.
  Time since last request: 0.000017 seconds.
  path: Assets/Sprites/_Unused_Sprites/Icons/icon_6.png
  artifactKey: Guid(319a263e914c8ff42b6c88c309debf8d) Importer(815301076,1909f56bfc062723c751e8b465ee728b)
Start importing Assets/Sprites/_Unused_Sprites/Icons/icon_6.png using Guid(319a263e914c8ff42b6c88c309debf8d) Importer(815301076,1909f56bfc062723c751e8b465ee728b)  -> (artifact id: '44fbcc2489f7bd7916cf824fb7a2cda2') in 0.031583 seconds 
========================================================================
Received Import Request.
  Time since last request: 0.000029 seconds.
  path: Assets/Sprites/_Unused_Sprites/Icons/Menu_Icon.PNG
  artifactKey: Guid(ccf4812ebdcbbd744a3a1a166cf4cb14) Importer(815301076,1909f56bfc062723c751e8b465ee728b)
Start importing Assets/Sprites/_Unused_Sprites/Icons/Menu_Icon.PNG using Guid(ccf4812ebdcbbd744a3a1a166cf4cb14) Importer(815301076,1909f56bfc062723c751e8b465ee728b)  -> (artifact id: '066beef1be55e1074a8c3c33a888fd7c') in 0.031843 seconds 
========================================================================
Received Import Request.
  Time since last request: 0.000027 seconds.
  path: Assets/Sprites/_Unused_Sprites/Icons/icon_7.PNG
  artifactKey: Guid(da33781df72328f44b3b36f534830d58) Importer(815301076,1909f56bfc062723c751e8b465ee728b)
Start importing Assets/Sprites/_Unused_Sprites/Icons/icon_7.PNG using Guid(da33781df72328f44b3b36f534830d58) Importer(815301076,1909f56bfc062723c751e8b465ee728b)  -> (artifact id: 'a6779de1a3b7fd448768a3f351bc7d75') in 0.027692 seconds 
Editor requested this worker to shutdown with reason: Scaling down because of idle timeout
AssetImportWorker is now disconnected from the server
Process exiting
Exiting without the bug reporter. Application will terminate with return code 0