Using pre-set license
Built from '2020.3/staging' branch; Version is '2020.3.5f1 (8095aa901b9b) revision 8426922'; Using compiler version '192528614'; Build Type 'Release'
OS: 'Windows 10 Home; OS build 19042.1165; Version 2009; 64bit' Language: 'en' Physical Memory: 16204 MB
BatchMode: 1, IsHumanControllingUs: 0, StartBugReporterOnCrash: 0, Is64bit: 1, IsPro: 0

 COMMAND LINE ARGUMENTS:
C:\Program Files\Unity\Hub\Editor\2020.3.5f1\Editor\Unity.exe
-adb2
-batchMode
-noUpm
-name
AssetImportWorker0
-projectPath
C:/Users/wgCob/OneDrive/Documents/Programming/Unity/Drifter (Unity 2D)
-logFile
Logs/AssetImportWorker0.log
-srvPort
49170
Successfully changed project path to: C:/Users/wgCob/OneDrive/Documents/Programming/Unity/Drifter (Unity 2D)
C:/Users/wgCob/OneDrive/Documents/Programming/Unity/Drifter (Unity 2D)
Using Asset Import Pipeline V2.
Refreshing native plugins compatible for Editor in 71.60 ms, found 1 plugins.
Preloading 0 native plugins for Editor in 0.00 ms.
Initialize engine version: 2020.3.5f1 (8095aa901b9b)
[Subsystems] Discovering subsystems at path C:/Program Files/Unity/Hub/Editor/2020.3.5f1/Editor/Data/Resources/UnitySubsystems
[Subsystems] Discovering subsystems at path C:/Users/wgCob/OneDrive/Documents/Programming/Unity/Drifter (Unity 2D)/Assets
GfxDevice: creating device client; threaded=0
Direct3D:
    Version:  Direct3D 11.0 [level 11.1]
    Renderer: NVIDIA GeForce RTX 2060 (ID=0x1f15)
    Vendor:   
    VRAM:     5980 MB
    Driver:   27.21.14.5167
Initialize mono
Mono path[0] = 'C:/Program Files/Unity/Hub/Editor/2020.3.5f1/Editor/Data/Managed'
Mono path[1] = 'C:/Program Files/Unity/Hub/Editor/2020.3.5f1/Editor/Data/MonoBleedingEdge/lib/mono/unityjit'
Mono config path = 'C:/Program Files/Unity/Hub/Editor/2020.3.5f1/Editor/Data/MonoBleedingEdge/etc'
Using monoOptions --debugger-agent=transport=dt_socket,embedding=1,server=y,suspend=n,address=127.0.0.1:56736
Begin MonoManager ReloadAssembly
Registering precompiled unity dll's ...
Register platform support module: C:/Program Files/Unity/Hub/Editor/2020.3.5f1/Editor/Data/PlaybackEngines/WindowsStandaloneSupport/UnityEditor.WindowsStandalone.Extensions.dll
Registered in 0.001775 seconds.
Native extension for WindowsStandalone target not found
Refreshing native plugins compatible for Editor in 74.01 ms, found 1 plugins.
Preloading 0 native plugins for Editor in 0.00 ms.
Mono: successfully reloaded assembly
- Completed reload, in  1.030 seconds
Platform modules already initialized, skipping
Registering precompiled user dll's ...
Registered in 0.001374 seconds.
Begin MonoManager ReloadAssembly
Native extension for WindowsStandalone target not found
Refreshing native plugins compatible for Editor in 95.41 ms, found 1 plugins.
Preloading 0 native plugins for Editor in 0.00 ms.
Mono: successfully reloaded assembly
- Completed reload, in  0.992 seconds
Platform modules already initialized, skipping
========================================================================
Worker process is ready to serve import requests
Launched and connected shader compiler UnityShaderCompiler.exe after 0.03 seconds
Refreshing native plugins compatible for Editor in 0.84 ms, found 1 plugins.
Preloading 0 native plugins for Editor in 0.00 ms.
Unloading 1922 Unused Serialized files (Serialized files now loaded: 0)
System memory in use before: 92.7 MB.
System memory in use after: 92.8 MB.

Unloading 18 unused Assets to reduce memory usage. Loaded Objects now: 2373.
Total: 2.164700 ms (FindLiveObjects: 0.248700 ms CreateObjectMapping: 0.283700 ms MarkObjects: 1.610000 ms  DeleteObjects: 0.021500 ms)

========================================================================
Received Import Request.
  path: Assets/Scripts/Managers/AnimationManager.cs
  artifactKey: Guid(a2771598ed7029f499bc626900bea404) Importer(815301076,1909f56bfc062723c751e8b465ee728b)
Start importing Assets/Scripts/Managers/AnimationManager.cs using Guid(a2771598ed7029f499bc626900bea404) Importer(815301076,1909f56bfc062723c751e8b465ee728b)  -> (artifact id: '6e6635a0e3d89bea8c5c087e8e5c61d7') in 0.024089 seconds
  Import took 0.031642 seconds .

========================================================================
Received Import Request.
  Time since last request: 7.097435 seconds.
  path: Assets/Scripts/Managers/AnimationManager.cs
  artifactKey: Guid(a2771598ed7029f499bc626900bea404) Importer(815301076,1909f56bfc062723c751e8b465ee728b)
Start importing Assets/Scripts/Managers/AnimationManager.cs using Guid(a2771598ed7029f499bc626900bea404) Importer(815301076,1909f56bfc062723c751e8b465ee728b)  -> (artifact id: '9453f67d983e7afc010d6cb09b738ff7') in 0.001965 seconds
  Import took 0.009922 seconds .

========================================================================
Received Prepare
Registering precompiled user dll's ...
Registered in 0.002247 seconds.
Begin MonoManager ReloadAssembly
Native extension for WindowsStandalone target not found
Refreshing native plugins compatible for Editor in 0.83 ms, found 1 plugins.
Preloading 0 native plugins for Editor in 0.00 ms.
Mono: successfully reloaded assembly
- Completed reload, in  0.795 seconds
Platform modules already initialized, skipping
Refreshing native plugins compatible for Editor in 0.82 ms, found 1 plugins.
Preloading 0 native plugins for Editor in 0.00 ms.
Unloading 1900 Unused Serialized files (Serialized files now loaded: 0)
System memory in use before: 91.0 MB.
System memory in use after: 91.1 MB.

Unloading 8 unused Assets to reduce memory usage. Loaded Objects now: 2376.
Total: 1.937300 ms (FindLiveObjects: 0.287900 ms CreateObjectMapping: 0.110000 ms MarkObjects: 1.525200 ms  DeleteObjects: 0.013500 ms)

========================================================================
Received Prepare
Registering precompiled user dll's ...
Registered in 0.001724 seconds.
Begin MonoManager ReloadAssembly
Native extension for WindowsStandalone target not found
Refreshing native plugins compatible for Editor in 0.79 ms, found 1 plugins.
Preloading 0 native plugins for Editor in 0.00 ms.
Mono: successfully reloaded assembly
- Completed reload, in  0.767 seconds
Platform modules already initialized, skipping
Refreshing native plugins compatible for Editor in 0.85 ms, found 1 plugins.
Preloading 0 native plugins for Editor in 0.00 ms.
Unloading 1900 Unused Serialized files (Serialized files now loaded: 0)
System memory in use before: 91.0 MB.
System memory in use after: 91.2 MB.

Unloading 8 unused Assets to reduce memory usage. Loaded Objects now: 2379.
Total: 1.711000 ms (FindLiveObjects: 0.214900 ms CreateObjectMapping: 0.076900 ms MarkObjects: 1.405600 ms  DeleteObjects: 0.012800 ms)

========================================================================
Received Import Request.
  Time since last request: 55.490254 seconds.
  path: Assets/Scripts/Managers/AudioManager.cs
  artifactKey: Guid(09d953a9c24572b45bf18f638d997eb6) Importer(815301076,1909f56bfc062723c751e8b465ee728b)
Start importing Assets/Scripts/Managers/AudioManager.cs using Guid(09d953a9c24572b45bf18f638d997eb6) Importer(815301076,1909f56bfc062723c751e8b465ee728b)  -> (artifact id: '35f4ecb0838f10a31d2cf6a39a71ee15') in 0.004843 seconds
  Import took 0.011353 seconds .

========================================================================
Received Import Request.
  Time since last request: 5.201561 seconds.
  path: Assets/Scripts/Managers/CardManager.cs
  artifactKey: Guid(7373cbee29c916349af7e6b8470d4e29) Importer(815301076,1909f56bfc062723c751e8b465ee728b)
Start importing Assets/Scripts/Managers/CardManager.cs using Guid(7373cbee29c916349af7e6b8470d4e29) Importer(815301076,1909f56bfc062723c751e8b465ee728b)  -> (artifact id: '147b9e1487372f74a93a680448f381bd') in 0.002737 seconds
  Import took 0.012811 seconds .

========================================================================
Received Prepare
Registering precompiled user dll's ...
Registered in 0.001592 seconds.
Begin MonoManager ReloadAssembly
Native extension for WindowsStandalone target not found
Refreshing native plugins compatible for Editor in 0.80 ms, found 1 plugins.
Preloading 0 native plugins for Editor in 0.00 ms.
Mono: successfully reloaded assembly
- Completed reload, in  0.810 seconds
Platform modules already initialized, skipping
Refreshing native plugins compatible for Editor in 0.81 ms, found 1 plugins.
Preloading 0 native plugins for Editor in 0.00 ms.
Unloading 1900 Unused Serialized files (Serialized files now loaded: 0)
System memory in use before: 91.1 MB.
System memory in use after: 91.2 MB.

Unloading 8 unused Assets to reduce memory usage. Loaded Objects now: 2382.
Total: 2.137100 ms (FindLiveObjects: 0.510000 ms CreateObjectMapping: 0.155700 ms MarkObjects: 1.459000 ms  DeleteObjects: 0.011500 ms)

========================================================================
Received Import Request.
  Time since last request: 52.664734 seconds.
  path: Assets/Scripts/Managers/CombatManager.cs
  artifactKey: Guid(597a597d1a4b89949b211f4394498d40) Importer(815301076,1909f56bfc062723c751e8b465ee728b)
Start importing Assets/Scripts/Managers/CombatManager.cs using Guid(597a597d1a4b89949b211f4394498d40) Importer(815301076,1909f56bfc062723c751e8b465ee728b)  -> (artifact id: 'e16582c48b932aa1d07aa7f9ee3d5573') in 0.004560 seconds
  Import took 0.011677 seconds .

========================================================================
Received Prepare
Registering precompiled user dll's ...
Registered in 0.003049 seconds.
Begin MonoManager ReloadAssembly
Native extension for WindowsStandalone target not found
Refreshing native plugins compatible for Editor in 0.89 ms, found 1 plugins.
Preloading 0 native plugins for Editor in 0.00 ms.
Mono: successfully reloaded assembly
- Completed reload, in  0.801 seconds
Platform modules already initialized, skipping
Refreshing native plugins compatible for Editor in 0.82 ms, found 1 plugins.
Preloading 0 native plugins for Editor in 0.00 ms.
Unloading 1900 Unused Serialized files (Serialized files now loaded: 0)
System memory in use before: 91.1 MB.
System memory in use after: 91.2 MB.

Unloading 8 unused Assets to reduce memory usage. Loaded Objects now: 2385.
Total: 1.864400 ms (FindLiveObjects: 0.252700 ms CreateObjectMapping: 0.109700 ms MarkObjects: 1.487800 ms  DeleteObjects: 0.013300 ms)

========================================================================
Received Import Request.
  Time since last request: 10.768822 seconds.
  path: Assets/Scripts/Managers/DialogueManager.cs
  artifactKey: Guid(f8798ef1fcab879408c7d13d5330add9) Importer(815301076,1909f56bfc062723c751e8b465ee728b)
Start importing Assets/Scripts/Managers/DialogueManager.cs using Guid(f8798ef1fcab879408c7d13d5330add9) Importer(815301076,1909f56bfc062723c751e8b465ee728b)  -> (artifact id: '5216f41c88bc704f04b78d56051c155b') in 0.004416 seconds
  Import took 0.011395 seconds .

========================================================================
Received Prepare
Registering precompiled user dll's ...
Registered in 0.001528 seconds.
Begin MonoManager ReloadAssembly
Native extension for WindowsStandalone target not found
Refreshing native plugins compatible for Editor in 0.79 ms, found 1 plugins.
Preloading 0 native plugins for Editor in 0.00 ms.
Mono: successfully reloaded assembly
- Completed reload, in  0.785 seconds
Platform modules already initialized, skipping
Refreshing native plugins compatible for Editor in 1.52 ms, found 1 plugins.
Preloading 0 native plugins for Editor in 0.00 ms.
Unloading 1900 Unused Serialized files (Serialized files now loaded: 0)
System memory in use before: 91.1 MB.
System memory in use after: 91.2 MB.

Unloading 8 unused Assets to reduce memory usage. Loaded Objects now: 2388.
Total: 3.017200 ms (FindLiveObjects: 0.360800 ms CreateObjectMapping: 0.183100 ms MarkObjects: 2.455600 ms  DeleteObjects: 0.016200 ms)

========================================================================
Received Import Request.
  Time since last request: 8.761031 seconds.
  path: Assets/Scripts/Managers/EffectManager.cs
  artifactKey: Guid(52ff3e14a0cc1d74b84392753cdfb0e4) Importer(815301076,1909f56bfc062723c751e8b465ee728b)
Start importing Assets/Scripts/Managers/EffectManager.cs using Guid(52ff3e14a0cc1d74b84392753cdfb0e4) Importer(815301076,1909f56bfc062723c751e8b465ee728b)  -> (artifact id: '81ee7fa1b2ea5cba75f80b00968662b9') in 0.004971 seconds
  Import took 0.012743 seconds .

========================================================================
Received Prepare
Registering precompiled user dll's ...
Registered in 0.001585 seconds.
Begin MonoManager ReloadAssembly
Native extension for WindowsStandalone target not found
Refreshing native plugins compatible for Editor in 0.85 ms, found 1 plugins.
Preloading 0 native plugins for Editor in 0.00 ms.
Mono: successfully reloaded assembly
- Completed reload, in  0.778 seconds
Platform modules already initialized, skipping
Refreshing native plugins compatible for Editor in 0.83 ms, found 1 plugins.
Preloading 0 native plugins for Editor in 0.00 ms.
Unloading 1900 Unused Serialized files (Serialized files now loaded: 0)
System memory in use before: 91.1 MB.
System memory in use after: 91.2 MB.

Unloading 8 unused Assets to reduce memory usage. Loaded Objects now: 2391.
Total: 1.904300 ms (FindLiveObjects: 0.175000 ms CreateObjectMapping: 0.061600 ms MarkObjects: 1.653300 ms  DeleteObjects: 0.013400 ms)

========================================================================
Received Import Request.
  Time since last request: 10.192321 seconds.
  path: Assets/Scripts/Managers/EnemyManager.cs
  artifactKey: Guid(868ad4dcd8b3c624bbd231dc1ee1e143) Importer(815301076,1909f56bfc062723c751e8b465ee728b)
Start importing Assets/Scripts/Managers/EnemyManager.cs using Guid(868ad4dcd8b3c624bbd231dc1ee1e143) Importer(815301076,1909f56bfc062723c751e8b465ee728b)  -> (artifact id: '1ca2e5647ea955c5260bbdba363d6ce1') in 0.004379 seconds
  Import took 0.010894 seconds .

========================================================================
Received Prepare
Registering precompiled user dll's ...
Registered in 0.002142 seconds.
Begin MonoManager ReloadAssembly
Native extension for WindowsStandalone target not found
Refreshing native plugins compatible for Editor in 1.01 ms, found 1 plugins.
Preloading 0 native plugins for Editor in 0.00 ms.
Mono: successfully reloaded assembly
- Completed reload, in  0.829 seconds
Platform modules already initialized, skipping
Refreshing native plugins compatible for Editor in 0.82 ms, found 1 plugins.
Preloading 0 native plugins for Editor in 0.00 ms.
Unloading 1900 Unused Serialized files (Serialized files now loaded: 0)
System memory in use before: 91.1 MB.
System memory in use after: 91.2 MB.

Unloading 8 unused Assets to reduce memory usage. Loaded Objects now: 2394.
Total: 2.029300 ms (FindLiveObjects: 0.305700 ms CreateObjectMapping: 0.123500 ms MarkObjects: 1.586100 ms  DeleteObjects: 0.013200 ms)

========================================================================
Received Import Request.
  Time since last request: 45.470026 seconds.
  path: Assets/Scripts/Managers/EventManager.cs
  artifactKey: Guid(e08ee5d318e6c7e489636ae40af12806) Importer(815301076,1909f56bfc062723c751e8b465ee728b)
Start importing Assets/Scripts/Managers/EventManager.cs using Guid(e08ee5d318e6c7e489636ae40af12806) Importer(815301076,1909f56bfc062723c751e8b465ee728b)  -> (artifact id: 'ba971ec3729ac624872866c3233b31ad') in 0.004517 seconds
  Import took 0.010598 seconds .

========================================================================
Received Prepare
Registering precompiled user dll's ...
Registered in 0.001561 seconds.
Begin MonoManager ReloadAssembly
Native extension for WindowsStandalone target not found
Refreshing native plugins compatible for Editor in 0.86 ms, found 1 plugins.
Preloading 0 native plugins for Editor in 0.00 ms.
Mono: successfully reloaded assembly
- Completed reload, in  0.713 seconds
Platform modules already initialized, skipping
Refreshing native plugins compatible for Editor in 0.81 ms, found 1 plugins.
Preloading 0 native plugins for Editor in 0.00 ms.
Unloading 1900 Unused Serialized files (Serialized files now loaded: 0)
System memory in use before: 91.1 MB.
System memory in use after: 91.2 MB.

Unloading 8 unused Assets to reduce memory usage. Loaded Objects now: 2397.
Total: 1.629300 ms (FindLiveObjects: 0.158400 ms CreateObjectMapping: 0.052400 ms MarkObjects: 1.403900 ms  DeleteObjects: 0.013900 ms)

========================================================================
Received Import Request.
  Time since last request: 22.208080 seconds.
  path: Assets/Scripts/Managers/GameManager.cs
  artifactKey: Guid(d4f2a081891608e489f43757f227fb42) Importer(815301076,1909f56bfc062723c751e8b465ee728b)
Start importing Assets/Scripts/Managers/GameManager.cs using Guid(d4f2a081891608e489f43757f227fb42) Importer(815301076,1909f56bfc062723c751e8b465ee728b)  -> (artifact id: '15f5928ce232cece2b1bcf4d03e000e3') in 0.004710 seconds
  Import took 0.010917 seconds .

========================================================================
Received Prepare
Registering precompiled user dll's ...
Registered in 0.001604 seconds.
Begin MonoManager ReloadAssembly
Native extension for WindowsStandalone target not found
Refreshing native plugins compatible for Editor in 0.87 ms, found 1 plugins.
Preloading 0 native plugins for Editor in 0.00 ms.
Mono: successfully reloaded assembly
- Completed reload, in  0.749 seconds
Platform modules already initialized, skipping
Refreshing native plugins compatible for Editor in 0.83 ms, found 1 plugins.
Preloading 0 native plugins for Editor in 0.00 ms.
Unloading 1900 Unused Serialized files (Serialized files now loaded: 0)
System memory in use before: 91.1 MB.
System memory in use after: 91.2 MB.

Unloading 8 unused Assets to reduce memory usage. Loaded Objects now: 2400.
Total: 2.142800 ms (FindLiveObjects: 0.243000 ms CreateObjectMapping: 0.156200 ms MarkObjects: 1.729600 ms  DeleteObjects: 0.013000 ms)

========================================================================
Received Import Request.
  Time since last request: 14.305625 seconds.
  path: Assets/Scripts/Managers/PlayerManager.cs
  artifactKey: Guid(56837211157733f4ab0231b6244edb92) Importer(815301076,1909f56bfc062723c751e8b465ee728b)
Start importing Assets/Scripts/Managers/PlayerManager.cs using Guid(56837211157733f4ab0231b6244edb92) Importer(815301076,1909f56bfc062723c751e8b465ee728b)  -> (artifact id: '0031dbc74a6234ac74fb8be68e533b89') in 0.004442 seconds
  Import took 0.012382 seconds .

========================================================================
Received Import Request.
  Time since last request: 21.102953 seconds.
  path: Assets/Scripts/Managers/UIManager.cs
  artifactKey: Guid(43b794f3ee6b57e4aa018d104ea57f40) Importer(815301076,1909f56bfc062723c751e8b465ee728b)
Start importing Assets/Scripts/Managers/UIManager.cs using Guid(43b794f3ee6b57e4aa018d104ea57f40) Importer(815301076,1909f56bfc062723c751e8b465ee728b)  -> (artifact id: '6953b996f9c21b5314b9c53885cf25bf') in 0.002033 seconds
  Import took 0.009776 seconds .

========================================================================
Received Prepare
Registering precompiled user dll's ...
Registered in 0.001442 seconds.
Begin MonoManager ReloadAssembly
Native extension for WindowsStandalone target not found
Refreshing native plugins compatible for Editor in 1.00 ms, found 1 plugins.
Preloading 0 native plugins for Editor in 0.00 ms.
Mono: successfully reloaded assembly
- Completed reload, in  0.748 seconds
Platform modules already initialized, skipping
Refreshing native plugins compatible for Editor in 0.86 ms, found 1 plugins.
Preloading 0 native plugins for Editor in 0.00 ms.
Unloading 1900 Unused Serialized files (Serialized files now loaded: 0)
System memory in use before: 91.1 MB.
System memory in use after: 91.2 MB.

Unloading 8 unused Assets to reduce memory usage. Loaded Objects now: 2403.
Total: 1.898700 ms (FindLiveObjects: 0.241300 ms CreateObjectMapping: 0.135900 ms MarkObjects: 1.506900 ms  DeleteObjects: 0.013700 ms)

========================================================================
Received Prepare
Registering precompiled user dll's ...
Registered in 0.001299 seconds.
Begin MonoManager ReloadAssembly
Native extension for WindowsStandalone target not found
Refreshing native plugins compatible for Editor in 0.83 ms, found 1 plugins.
Preloading 0 native plugins for Editor in 0.00 ms.
Mono: successfully reloaded assembly
- Completed reload, in  0.715 seconds
Platform modules already initialized, skipping
Refreshing native plugins compatible for Editor in 0.87 ms, found 1 plugins.
Preloading 0 native plugins for Editor in 0.00 ms.
Unloading 1900 Unused Serialized files (Serialized files now loaded: 0)
System memory in use before: 91.1 MB.
System memory in use after: 91.3 MB.

Unloading 8 unused Assets to reduce memory usage. Loaded Objects now: 2406.
Total: 2.473900 ms (FindLiveObjects: 0.340900 ms CreateObjectMapping: 0.130200 ms MarkObjects: 1.989200 ms  DeleteObjects: 0.012800 ms)

========================================================================
Received Import Request.
  Time since last request: 2581.520211 seconds.
  path: Assets/Scripts/UI/Displays/SceneDisplays/NewGameSceneDisplay.cs
  artifactKey: Guid(026ad851d25a41246b8b8ae0a3e22c1c) Importer(815301076,1909f56bfc062723c751e8b465ee728b)
Start importing Assets/Scripts/UI/Displays/SceneDisplays/NewGameSceneDisplay.cs using Guid(026ad851d25a41246b8b8ae0a3e22c1c) Importer(815301076,1909f56bfc062723c751e8b465ee728b)  -> (artifact id: '092e678d8a5eba1771c72cc627ec70a1') in 0.004455 seconds
  Import took 0.011107 seconds .

========================================================================
Received Prepare
Registering precompiled user dll's ...
Registered in 0.002105 seconds.
Begin MonoManager ReloadAssembly
Native extension for WindowsStandalone target not found
Refreshing native plugins compatible for Editor in 0.88 ms, found 1 plugins.
Preloading 0 native plugins for Editor in 0.00 ms.
Mono: successfully reloaded assembly
- Completed reload, in  0.746 seconds
Platform modules already initialized, skipping
Refreshing native plugins compatible for Editor in 0.83 ms, found 1 plugins.
Preloading 0 native plugins for Editor in 0.00 ms.
Unloading 1900 Unused Serialized files (Serialized files now loaded: 0)
System memory in use before: 91.1 MB.
System memory in use after: 91.3 MB.

Unloading 8 unused Assets to reduce memory usage. Loaded Objects now: 2409.
Total: 1.843100 ms (FindLiveObjects: 0.327900 ms CreateObjectMapping: 0.158400 ms MarkObjects: 1.342200 ms  DeleteObjects: 0.013400 ms)

========================================================================
Received Import Request.
  Time since last request: 57.981035 seconds.
  path: Assets/Scripts/UI/Displays/NewCardPopupDisplay.cs
  artifactKey: Guid(15d01c4b75b72ec45a0a2db57189da1f) Importer(815301076,1909f56bfc062723c751e8b465ee728b)
Start importing Assets/Scripts/UI/Displays/NewCardPopupDisplay.cs using Guid(15d01c4b75b72ec45a0a2db57189da1f) Importer(815301076,1909f56bfc062723c751e8b465ee728b)  -> (artifact id: 'a65a1124537625cc3ea8fb2e97d3f970') in 0.004159 seconds
  Import took 0.011529 seconds .

========================================================================
Received Prepare
Registering precompiled user dll's ...
Registered in 0.001396 seconds.
Begin MonoManager ReloadAssembly
Native extension for WindowsStandalone target not found
Refreshing native plugins compatible for Editor in 1.01 ms, found 1 plugins.
Preloading 0 native plugins for Editor in 0.00 ms.
Mono: successfully reloaded assembly
- Completed reload, in  0.748 seconds
Platform modules already initialized, skipping
Refreshing native plugins compatible for Editor in 1.59 ms, found 1 plugins.
Preloading 0 native plugins for Editor in 0.00 ms.
Unloading 1900 Unused Serialized files (Serialized files now loaded: 0)
System memory in use before: 91.2 MB.
System memory in use after: 91.3 MB.

Unloading 8 unused Assets to reduce memory usage. Loaded Objects now: 2412.
Total: 2.146600 ms (FindLiveObjects: 0.322200 ms CreateObjectMapping: 0.163500 ms MarkObjects: 1.620400 ms  DeleteObjects: 0.039300 ms)

========================================================================
Received Prepare
Registering precompiled user dll's ...
Registered in 0.001289 seconds.
Begin MonoManager ReloadAssembly
Native extension for WindowsStandalone target not found
Refreshing native plugins compatible for Editor in 0.92 ms, found 1 plugins.
Preloading 0 native plugins for Editor in 0.00 ms.
Mono: successfully reloaded assembly
- Completed reload, in  0.748 seconds
Platform modules already initialized, skipping
Refreshing native plugins compatible for Editor in 0.91 ms, found 1 plugins.
Preloading 0 native plugins for Editor in 0.00 ms.
Unloading 1900 Unused Serialized files (Serialized files now loaded: 0)
System memory in use before: 91.2 MB.
System memory in use after: 91.3 MB.

Unloading 8 unused Assets to reduce memory usage. Loaded Objects now: 2415.
Total: 1.842100 ms (FindLiveObjects: 0.218000 ms CreateObjectMapping: 0.078800 ms MarkObjects: 1.529300 ms  DeleteObjects: 0.015000 ms)

========================================================================
Received Prepare
Refreshing native plugins compatible for Editor in 2.90 ms, found 1 plugins.
Preloading 0 native plugins for Editor in 0.00 ms.
Unloading 6 Unused Serialized files (Serialized files now loaded: 0)
System memory in use before: 53.7 MB.
System memory in use after: 53.8 MB.

Unloading 5 unused Assets to reduce memory usage. Loaded Objects now: 2415.
Total: 2.961800 ms (FindLiveObjects: 0.626300 ms CreateObjectMapping: 0.202800 ms MarkObjects: 2.118800 ms  DeleteObjects: 0.012400 ms)

========================================================================
Received Prepare
Registering precompiled user dll's ...
Registered in 0.001543 seconds.
Begin MonoManager ReloadAssembly
Native extension for WindowsStandalone target not found
Refreshing native plugins compatible for Editor in 0.85 ms, found 1 plugins.
Preloading 0 native plugins for Editor in 0.00 ms.
Mono: successfully reloaded assembly
- Completed reload, in  0.756 seconds
Platform modules already initialized, skipping
Refreshing native plugins compatible for Editor in 0.83 ms, found 1 plugins.
Preloading 0 native plugins for Editor in 0.00 ms.
Unloading 1900 Unused Serialized files (Serialized files now loaded: 0)
System memory in use before: 91.2 MB.
System memory in use after: 91.3 MB.

Unloading 8 unused Assets to reduce memory usage. Loaded Objects now: 2418.
Total: 2.820500 ms (FindLiveObjects: 0.253200 ms CreateObjectMapping: 0.153800 ms MarkObjects: 2.398700 ms  DeleteObjects: 0.014000 ms)

========================================================================
Received Prepare
Registering precompiled user dll's ...
Registered in 0.001788 seconds.
Begin MonoManager ReloadAssembly
Native extension for WindowsStandalone target not found
Refreshing native plugins compatible for Editor in 0.84 ms, found 1 plugins.
Preloading 0 native plugins for Editor in 0.00 ms.
Mono: successfully reloaded assembly
- Completed reload, in  0.725 seconds
Platform modules already initialized, skipping
Refreshing native plugins compatible for Editor in 0.83 ms, found 1 plugins.
Preloading 0 native plugins for Editor in 0.00 ms.
Unloading 1900 Unused Serialized files (Serialized files now loaded: 0)
System memory in use before: 91.2 MB.
System memory in use after: 91.3 MB.

Unloading 8 unused Assets to reduce memory usage. Loaded Objects now: 2421.
Total: 2.074800 ms (FindLiveObjects: 0.308900 ms CreateObjectMapping: 0.167400 ms MarkObjects: 1.563900 ms  DeleteObjects: 0.033700 ms)

========================================================================
Received Import Request.
  Time since last request: 1972.579358 seconds.
  path: Assets/Prefabs/Cards/Action Card/ActionCard.prefab
  artifactKey: Guid(1a4b96b16aa18c74490df04672670e01) Importer(815301076,1909f56bfc062723c751e8b465ee728b)
Start importing Assets/Prefabs/Cards/Action Card/ActionCard.prefab using Guid(1a4b96b16aa18c74490df04672670e01) Importer(815301076,1909f56bfc062723c751e8b465ee728b)  -> (artifact id: '7e241eba138ff3d21b47d6ab21cd16cc') in 0.118019 seconds
  Import took 0.148331 seconds .

========================================================================
Received Prepare
Registering precompiled user dll's ...
Registered in 0.001505 seconds.
Begin MonoManager ReloadAssembly
Native extension for WindowsStandalone target not found
Refreshing native plugins compatible for Editor in 0.80 ms, found 1 plugins.
Preloading 0 native plugins for Editor in 0.00 ms.
Mono: successfully reloaded assembly
- Completed reload, in  0.723 seconds
Platform modules already initialized, skipping
Refreshing native plugins compatible for Editor in 0.83 ms, found 1 plugins.
Preloading 0 native plugins for Editor in 0.00 ms.
Unloading 1900 Unused Serialized files (Serialized files now loaded: 0)
System memory in use before: 91.4 MB.
System memory in use after: 91.5 MB.

Unloading 8 unused Assets to reduce memory usage. Loaded Objects now: 2424.
Total: 2.361000 ms (FindLiveObjects: 0.307400 ms CreateObjectMapping: 0.115000 ms MarkObjects: 1.905300 ms  DeleteObjects: 0.032500 ms)

========================================================================
Received Import Request.
  Time since last request: 108.036541 seconds.
  path: Assets/Prefabs/Cards/Unit Card/UnitCard.prefab
  artifactKey: Guid(1699411500fdc00408cd317524df96b6) Importer(815301076,1909f56bfc062723c751e8b465ee728b)
Start importing Assets/Prefabs/Cards/Unit Card/UnitCard.prefab using Guid(1699411500fdc00408cd317524df96b6) Importer(815301076,1909f56bfc062723c751e8b465ee728b)  -> (artifact id: '4767eb5180b00a58d001d3ee88644204') in 0.103639 seconds
  Import took 0.111704 seconds .

========================================================================
Received Import Request.
  Time since last request: 136.643334 seconds.
  path: Assets/Prefabs/Cards/Unit Card/Unit Card Popups/DescriptionPopup.prefab
  artifactKey: Guid(a1386cfa691c6134d9425094daba5660) Importer(815301076,1909f56bfc062723c751e8b465ee728b)
Start importing Assets/Prefabs/Cards/Unit Card/Unit Card Popups/DescriptionPopup.prefab using Guid(a1386cfa691c6134d9425094daba5660) Importer(815301076,1909f56bfc062723c751e8b465ee728b)  -> (artifact id: '801871a79fa49f388e9f0d1e92fc076c') in 0.024590 seconds
  Import took 0.034051 seconds .

========================================================================
Received Prepare
Registering precompiled user dll's ...
Registered in 0.001527 seconds.
Begin MonoManager ReloadAssembly
Native extension for WindowsStandalone target not found
Refreshing native plugins compatible for Editor in 0.83 ms, found 1 plugins.
Preloading 0 native plugins for Editor in 0.00 ms.
Mono: successfully reloaded assembly
- Completed reload, in  0.735 seconds
Platform modules already initialized, skipping
Refreshing native plugins compatible for Editor in 0.78 ms, found 1 plugins.
Preloading 0 native plugins for Editor in 0.00 ms.
Unloading 1900 Unused Serialized files (Serialized files now loaded: 0)
System memory in use before: 91.4 MB.
System memory in use after: 91.5 MB.

Unloading 8 unused Assets to reduce memory usage. Loaded Objects now: 2427.
Total: 2.374600 ms (FindLiveObjects: 0.355200 ms CreateObjectMapping: 0.126100 ms MarkObjects: 1.878000 ms  DeleteObjects: 0.014100 ms)

========================================================================
Received Import Request.
  Time since last request: 146.935965 seconds.
  path: Assets/Animations/Heroes/Reinforcements.anim
  artifactKey: Guid(11ab7ae1923028648845ad04dbac1060) Importer(815301076,1909f56bfc062723c751e8b465ee728b)
Start importing Assets/Animations/Heroes/Reinforcements.anim using Guid(11ab7ae1923028648845ad04dbac1060) Importer(815301076,1909f56bfc062723c751e8b465ee728b)  -> (artifact id: '9dd3ebb0506571546cbcdaa522e6340f') in 0.016765 seconds
  Import took 0.027924 seconds .

========================================================================
Received Import Request.
  Time since last request: 0.006751 seconds.
  path: Assets/Animations/Heroes/Reinforcements.anim
  artifactKey: Guid(11ab7ae1923028648845ad04dbac1060) Importer(815301076,1909f56bfc062723c751e8b465ee728b)
Start importing Assets/Animations/Heroes/Reinforcements.anim using Guid(11ab7ae1923028648845ad04dbac1060) Importer(815301076,1909f56bfc062723c751e8b465ee728b)  -> (artifact id: '9dd3ebb0506571546cbcdaa522e6340f') in 0.002573 seconds
  Import took 0.010614 seconds .

========================================================================
Received Prepare
Registering precompiled user dll's ...
Registered in 0.001522 seconds.
Begin MonoManager ReloadAssembly
Native extension for WindowsStandalone target not found
Refreshing native plugins compatible for Editor in 0.90 ms, found 1 plugins.
Preloading 0 native plugins for Editor in 0.00 ms.
Mono: successfully reloaded assembly
- Completed reload, in  0.735 seconds
Platform modules already initialized, skipping
Refreshing native plugins compatible for Editor in 0.85 ms, found 1 plugins.
Preloading 0 native plugins for Editor in 0.00 ms.
Unloading 1900 Unused Serialized files (Serialized files now loaded: 0)
System memory in use before: 91.4 MB.
System memory in use after: 91.5 MB.

Unloading 8 unused Assets to reduce memory usage. Loaded Objects now: 2430.
Total: 1.857700 ms (FindLiveObjects: 0.213800 ms CreateObjectMapping: 0.065200 ms MarkObjects: 1.565100 ms  DeleteObjects: 0.012600 ms)

========================================================================
Received Import Request.
  Time since last request: 131.843191 seconds.
  path: Assets/Scenes/TitleScene.unity
  artifactKey: Guid(63f34e354ce4f5a4c9cab5ca9e05533c) Importer(815301076,1909f56bfc062723c751e8b465ee728b)
Start importing Assets/Scenes/TitleScene.unity using Guid(63f34e354ce4f5a4c9cab5ca9e05533c) Importer(815301076,1909f56bfc062723c751e8b465ee728b)  -> (artifact id: '5cb927fb3fccdc60879ab7c908cad49c') in 0.011526 seconds
  Import took 0.018994 seconds .

========================================================================
Received Prepare
Registering precompiled user dll's ...
Registered in 0.001312 seconds.
Begin MonoManager ReloadAssembly
Native extension for WindowsStandalone target not found
Refreshing native plugins compatible for Editor in 1.04 ms, found 1 plugins.
Preloading 0 native plugins for Editor in 0.00 ms.
Mono: successfully reloaded assembly
- Completed reload, in  0.774 seconds
Platform modules already initialized, skipping
Refreshing native plugins compatible for Editor in 1.25 ms, found 1 plugins.
Preloading 0 native plugins for Editor in 0.00 ms.
Unloading 1900 Unused Serialized files (Serialized files now loaded: 0)
System memory in use before: 91.4 MB.
System memory in use after: 91.5 MB.

Unloading 8 unused Assets to reduce memory usage. Loaded Objects now: 2433.
Total: 3.283500 ms (FindLiveObjects: 0.808800 ms CreateObjectMapping: 0.201500 ms MarkObjects: 2.219000 ms  DeleteObjects: 0.051800 ms)

========================================================================
Received Prepare
Registering precompiled user dll's ...
Registered in 0.002475 seconds.
Begin MonoManager ReloadAssembly
Native extension for WindowsStandalone target not found
Refreshing native plugins compatible for Editor in 1.49 ms, found 1 plugins.
Preloading 0 native plugins for Editor in 0.00 ms.
Mono: successfully reloaded assembly
- Completed reload, in  1.054 seconds
Platform modules already initialized, skipping
Refreshing native plugins compatible for Editor in 1.38 ms, found 1 plugins.
Preloading 0 native plugins for Editor in 0.00 ms.
Unloading 1900 Unused Serialized files (Serialized files now loaded: 0)
System memory in use before: 91.4 MB.
System memory in use after: 91.5 MB.

Unloading 8 unused Assets to reduce memory usage. Loaded Objects now: 2436.
Total: 3.758000 ms (FindLiveObjects: 0.437300 ms CreateObjectMapping: 0.212900 ms MarkObjects: 3.085100 ms  DeleteObjects: 0.021000 ms)

========================================================================
Received Import Request.
  Time since last request: 633.287788 seconds.
  path: Assets/Prefabs/Cards/Unit Card/UnitCard.prefab
  artifactKey: Guid(1699411500fdc00408cd317524df96b6) Importer(815301076,1909f56bfc062723c751e8b465ee728b)
Start importing Assets/Prefabs/Cards/Unit Card/UnitCard.prefab using Guid(1699411500fdc00408cd317524df96b6) Importer(815301076,1909f56bfc062723c751e8b465ee728b)  -> (artifact id: 'fdec24b8b484862d9f65f719798fae1c') in 0.094362 seconds
  Import took 0.104757 seconds .

========================================================================
Received Import Request.
  Time since last request: 0.025854 seconds.
  path: Assets/Prefabs/Cards/Unit Card/UnitCard.prefab
  artifactKey: Guid(1699411500fdc00408cd317524df96b6) Importer(815301076,1909f56bfc062723c751e8b465ee728b)
Start importing Assets/Prefabs/Cards/Unit Card/UnitCard.prefab using Guid(1699411500fdc00408cd317524df96b6) Importer(815301076,1909f56bfc062723c751e8b465ee728b)  -> (artifact id: 'fdec24b8b484862d9f65f719798fae1c') in 0.045235 seconds
  Import took 0.055366 seconds .

========================================================================
Received Prepare
Registering precompiled user dll's ...
Registered in 0.001555 seconds.
Begin MonoManager ReloadAssembly
Native extension for WindowsStandalone target not found
Refreshing native plugins compatible for Editor in 0.81 ms, found 1 plugins.
Preloading 0 native plugins for Editor in 0.00 ms.
Mono: successfully reloaded assembly
- Completed reload, in  0.724 seconds
Platform modules already initialized, skipping
Refreshing native plugins compatible for Editor in 0.83 ms, found 1 plugins.
Preloading 0 native plugins for Editor in 0.00 ms.
Unloading 1900 Unused Serialized files (Serialized files now loaded: 0)
System memory in use before: 91.4 MB.
System memory in use after: 91.5 MB.

Unloading 8 unused Assets to reduce memory usage. Loaded Objects now: 2439.
Total: 1.960400 ms (FindLiveObjects: 0.332400 ms CreateObjectMapping: 0.113500 ms MarkObjects: 1.461600 ms  DeleteObjects: 0.051900 ms)

========================================================================
Received Prepare
Registering precompiled user dll's ...
Registered in 0.001765 seconds.
Begin MonoManager ReloadAssembly
Native extension for WindowsStandalone target not found
Refreshing native plugins compatible for Editor in 1.78 ms, found 1 plugins.
Preloading 0 native plugins for Editor in 0.00 ms.
Mono: successfully reloaded assembly
- Completed reload, in  0.832 seconds
Platform modules already initialized, skipping
Refreshing native plugins compatible for Editor in 0.88 ms, found 1 plugins.
Preloading 0 native plugins for Editor in 0.00 ms.
Unloading 1900 Unused Serialized files (Serialized files now loaded: 0)
System memory in use before: 91.4 MB.
System memory in use after: 91.5 MB.

Unloading 8 unused Assets to reduce memory usage. Loaded Objects now: 2442.
Total: 2.776500 ms (FindLiveObjects: 0.418000 ms CreateObjectMapping: 0.199800 ms MarkObjects: 2.136800 ms  DeleteObjects: 0.020500 ms)

========================================================================
Received Import Request.
  Time since last request: 6423.652335 seconds.
  path: Assets/Dependencies/HD-2D Background Art Apocalypse
  artifactKey: Guid(3f0fecd36a2e17545a42bcef870b7d75) Importer(815301076,1909f56bfc062723c751e8b465ee728b)
Start importing Assets/Dependencies/HD-2D Background Art Apocalypse using Guid(3f0fecd36a2e17545a42bcef870b7d75) Importer(815301076,1909f56bfc062723c751e8b465ee728b)  -> (artifact id: 'f04caf670e05344662bfcb8bccc4d1a2') in 0.005940 seconds
  Import took 0.018264 seconds .

========================================================================
Received Import Request.
  Time since last request: 4.543131 seconds.
  path: Assets/Dependencies/HD-2D Background Art Apocalypse/Apocalypse01_C1.png
  artifactKey: Guid(fac330c4625c7e24fa3af4f9041c2d72) Importer(815301076,1909f56bfc062723c751e8b465ee728b)
Start importing Assets/Dependencies/HD-2D Background Art Apocalypse/Apocalypse01_C1.png using Guid(fac330c4625c7e24fa3af4f9041c2d72) Importer(815301076,1909f56bfc062723c751e8b465ee728b)  -> (artifact id: '8cd0836d4e426d86d412f85b2fece752') in 0.115360 seconds
  Import took 0.122737 seconds .

========================================================================
Received Import Request.
  Time since last request: 0.000274 seconds.
  path: Assets/Dependencies/HD-2D Background Art Apocalypse/Apocalypse04_C4.png
  artifactKey: Guid(4fed3576160c1da439372cfc5f3dfd7b) Importer(815301076,1909f56bfc062723c751e8b465ee728b)
Start importing Assets/Dependencies/HD-2D Background Art Apocalypse/Apocalypse04_C4.png using Guid(4fed3576160c1da439372cfc5f3dfd7b) Importer(815301076,1909f56bfc062723c751e8b465ee728b)  -> (artifact id: 'af8d302c44ff239ddb8253ea630e86bc') in 0.030991 seconds
  Import took 0.038879 seconds .

========================================================================
Received Import Request.
  Time since last request: 0.000288 seconds.
  path: Assets/Dependencies/HD-2D Background Art Apocalypse/Apocalypse05_C1.png
  artifactKey: Guid(3f42b35da8da57141a3e721f248c9993) Importer(815301076,1909f56bfc062723c751e8b465ee728b)
Start importing Assets/Dependencies/HD-2D Background Art Apocalypse/Apocalypse05_C1.png using Guid(3f42b35da8da57141a3e721f248c9993) Importer(815301076,1909f56bfc062723c751e8b465ee728b)  -> (artifact id: '25187058967d51e1bd2f3878faa2eb9a') in 0.033290 seconds
  Import took 0.041337 seconds .

========================================================================
Received Import Request.
  Time since last request: 0.000234 seconds.
  path: Assets/Dependencies/HD-2D Background Art Apocalypse/Apocalypse03_C5.png
  artifactKey: Guid(cbe76aa8e213d86488a80f22af7095e5) Importer(815301076,1909f56bfc062723c751e8b465ee728b)
Start importing Assets/Dependencies/HD-2D Background Art Apocalypse/Apocalypse03_C5.png using Guid(cbe76aa8e213d86488a80f22af7095e5) Importer(815301076,1909f56bfc062723c751e8b465ee728b)  -> (artifact id: '6fe94a514da72598a4ab8d26018614f7') in 0.052356 seconds
  Import took 0.060123 seconds .

========================================================================
Received Import Request.
  Time since last request: 0.000183 seconds.
  path: Assets/Dependencies/HD-2D Background Art Apocalypse/Apocalypse04_C3.png
  artifactKey: Guid(b44e8c01ecce00744b974239d1c7c18a) Importer(815301076,1909f56bfc062723c751e8b465ee728b)
Start importing Assets/Dependencies/HD-2D Background Art Apocalypse/Apocalypse04_C3.png using Guid(b44e8c01ecce00744b974239d1c7c18a) Importer(815301076,1909f56bfc062723c751e8b465ee728b)  -> (artifact id: 'cf67417f0b83854de7563aca9973a414') in 0.029609 seconds
  Import took 0.037183 seconds .

========================================================================
Received Import Request.
  Time since last request: 0.000183 seconds.
  path: Assets/Dependencies/HD-2D Background Art Apocalypse/Apocalypse05_C2.png
  artifactKey: Guid(95fbf7afc72907a48b149f58663f943f) Importer(815301076,1909f56bfc062723c751e8b465ee728b)
Start importing Assets/Dependencies/HD-2D Background Art Apocalypse/Apocalypse05_C2.png using Guid(95fbf7afc72907a48b149f58663f943f) Importer(815301076,1909f56bfc062723c751e8b465ee728b)  -> (artifact id: '79ba03239106b68fc0ea23b8ebc466b0') in 0.029050 seconds
  Import took 0.036666 seconds .

========================================================================
Received Import Request.
  Time since last request: 0.000194 seconds.
  path: Assets/Dependencies/HD-2D Background Art Apocalypse/Apocalypse04_C1.png
  artifactKey: Guid(4619781e68e984d419491253faf031dc) Importer(815301076,1909f56bfc062723c751e8b465ee728b)
Start importing Assets/Dependencies/HD-2D Background Art Apocalypse/Apocalypse04_C1.png using Guid(4619781e68e984d419491253faf031dc) Importer(815301076,1909f56bfc062723c751e8b465ee728b)  -> (artifact id: '68c448041675069c9332904cae56b052') in 0.028223 seconds
  Import took 0.035754 seconds .

========================================================================
Received Import Request.
  Time since last request: 0.000274 seconds.
  path: Assets/Dependencies/HD-2D Background Art Apocalypse/Apocalypse03_C1.png
  artifactKey: Guid(7931172182bc61f4c9cdeb280d33f696) Importer(815301076,1909f56bfc062723c751e8b465ee728b)
Start importing Assets/Dependencies/HD-2D Background Art Apocalypse/Apocalypse03_C1.png using Guid(7931172182bc61f4c9cdeb280d33f696) Importer(815301076,1909f56bfc062723c751e8b465ee728b)  -> (artifact id: '09833ff83ab58d642b85abb8913e69d6') in 0.031757 seconds
  Import took 0.039594 seconds .

========================================================================
Received Import Request.
  Time since last request: 0.000286 seconds.
  path: Assets/Dependencies/HD-2D Background Art Apocalypse/Apocalypse01_C4.png
  artifactKey: Guid(c58ba9eca29b8954aaa6fb840d6bcd83) Importer(815301076,1909f56bfc062723c751e8b465ee728b)
Start importing Assets/Dependencies/HD-2D Background Art Apocalypse/Apocalypse01_C4.png using Guid(c58ba9eca29b8954aaa6fb840d6bcd83) Importer(815301076,1909f56bfc062723c751e8b465ee728b)  -> (artifact id: '0a624b5522f95d23c3941632bf8e2e18') in 0.029077 seconds
  Import took 0.037021 seconds .

========================================================================
Received Import Request.
  Time since last request: 0.000260 seconds.
  path: Assets/Dependencies/HD-2D Background Art Apocalypse/Apocalypse01_C2.png
  artifactKey: Guid(6c7d663b3e4ecf740ae7081280116c3e) Importer(815301076,1909f56bfc062723c751e8b465ee728b)
Start importing Assets/Dependencies/HD-2D Background Art Apocalypse/Apocalypse01_C2.png using Guid(6c7d663b3e4ecf740ae7081280116c3e) Importer(815301076,1909f56bfc062723c751e8b465ee728b)  -> (artifact id: '48b3b3f28740156186e7ed0149d2e435') in 0.028514 seconds
  Import took 0.035349 seconds .

========================================================================
Received Import Request.
  Time since last request: 0.000219 seconds.
  path: Assets/Dependencies/HD-2D Background Art Apocalypse/Apocalypse02_C5.png
  artifactKey: Guid(01cc5e8a026a89e44ae01e50c3be2d94) Importer(815301076,1909f56bfc062723c751e8b465ee728b)
Start importing Assets/Dependencies/HD-2D Background Art Apocalypse/Apocalypse02_C5.png using Guid(01cc5e8a026a89e44ae01e50c3be2d94) Importer(815301076,1909f56bfc062723c751e8b465ee728b)  -> (artifact id: '3e0eed90115a4eb3c50f00d219eb8c63') in 0.038116 seconds
  Import took 0.061773 seconds .

========================================================================
Received Import Request.
  Time since last request: 0.000256 seconds.
  path: Assets/Dependencies/HD-2D Background Art Apocalypse/Apocalypse05_C3.png
  artifactKey: Guid(aaf82ac6044c8de4fb59947ea703b50a) Importer(815301076,1909f56bfc062723c751e8b465ee728b)
Start importing Assets/Dependencies/HD-2D Background Art Apocalypse/Apocalypse05_C3.png using Guid(aaf82ac6044c8de4fb59947ea703b50a) Importer(815301076,1909f56bfc062723c751e8b465ee728b)  -> (artifact id: '404982bdde22128c2de879fa164f2e9a') in 0.038964 seconds
  Import took 0.049234 seconds .

========================================================================
Received Import Request.
  Time since last request: 0.000460 seconds.
  path: Assets/Dependencies/HD-2D Background Art Apocalypse/Apocalypse04_C2.png
  artifactKey: Guid(5a9d9e331cc5f884aba0b7ca11259abd) Importer(815301076,1909f56bfc062723c751e8b465ee728b)
Start importing Assets/Dependencies/HD-2D Background Art Apocalypse/Apocalypse04_C2.png using Guid(5a9d9e331cc5f884aba0b7ca11259abd) Importer(815301076,1909f56bfc062723c751e8b465ee728b)  -> (artifact id: 'd7f282077c88c79fa3399c6861a69c36') in 0.047807 seconds
  Import took 0.074434 seconds .

========================================================================
Received Import Request.
  Time since last request: 0.000290 seconds.
  path: Assets/Dependencies/HD-2D Background Art Apocalypse/Apocalypse05_C5.png
  artifactKey: Guid(1136d0b031b8e434b8e145707eac53a8) Importer(815301076,1909f56bfc062723c751e8b465ee728b)
Start importing Assets/Dependencies/HD-2D Background Art Apocalypse/Apocalypse05_C5.png using Guid(1136d0b031b8e434b8e145707eac53a8) Importer(815301076,1909f56bfc062723c751e8b465ee728b)  -> (artifact id: '40ee835d6dc7f3ba592a3d3db461b4dc') in 0.051075 seconds
  Import took 0.068338 seconds .

========================================================================
Received Import Request.
  Time since last request: 0.000599 seconds.
  path: Assets/Dependencies/HD-2D Background Art Apocalypse/Apocalypse02_C2.png
  artifactKey: Guid(5bd71f28b05c6c04b99497e264b10a08) Importer(815301076,1909f56bfc062723c751e8b465ee728b)
Start importing Assets/Dependencies/HD-2D Background Art Apocalypse/Apocalypse02_C2.png using Guid(5bd71f28b05c6c04b99497e264b10a08) Importer(815301076,1909f56bfc062723c751e8b465ee728b)  -> (artifact id: '4de47222ed55e7f57b99ed23e70e3cf2') in 0.028032 seconds
  Import took 0.036698 seconds .

========================================================================
Received Import Request.
  Time since last request: 0.000228 seconds.
  path: Assets/Dependencies/HD-2D Background Art Apocalypse/Apocalypse03_C2.png
  artifactKey: Guid(5e781e22fbdf4ae4c9e5e1efcef9006e) Importer(815301076,1909f56bfc062723c751e8b465ee728b)
Start importing Assets/Dependencies/HD-2D Background Art Apocalypse/Apocalypse03_C2.png using Guid(5e781e22fbdf4ae4c9e5e1efcef9006e) Importer(815301076,1909f56bfc062723c751e8b465ee728b)  -> (artifact id: '83d8cd005c968d36a7ebbf42ce11462c') in 0.025754 seconds
  Import took 0.035005 seconds .

========================================================================
Received Import Request.
  Time since last request: 0.000199 seconds.
  path: Assets/Dependencies/HD-2D Background Art Apocalypse/Apocalypse02_C3.png
  artifactKey: Guid(ceff38581ae5e0345856ce40dab8ff48) Importer(815301076,1909f56bfc062723c751e8b465ee728b)
Start importing Assets/Dependencies/HD-2D Background Art Apocalypse/Apocalypse02_C3.png using Guid(ceff38581ae5e0345856ce40dab8ff48) Importer(815301076,1909f56bfc062723c751e8b465ee728b)  -> (artifact id: 'd2b9a53d8407463f8c11da35476ed87c') in 0.039463 seconds
  Import took 0.047542 seconds .

========================================================================
Received Import Request.
  Time since last request: 0.000234 seconds.
  path: Assets/Dependencies/HD-2D Background Art Apocalypse/Apocalypse02_C4.png
  artifactKey: Guid(d4e0eed71f58fbe4cab3c8c2dcc7b42d) Importer(815301076,1909f56bfc062723c751e8b465ee728b)
Start importing Assets/Dependencies/HD-2D Background Art Apocalypse/Apocalypse02_C4.png using Guid(d4e0eed71f58fbe4cab3c8c2dcc7b42d) Importer(815301076,1909f56bfc062723c751e8b465ee728b)  -> (artifact id: 'b23fe820a85d8eaa17674eb3cea279aa') in 0.028922 seconds
  Import took 0.037205 seconds .

========================================================================
Received Import Request.
  Time since last request: 0.000223 seconds.
  path: Assets/Dependencies/HD-2D Background Art Apocalypse/Apocalypse01_C3.png
  artifactKey: Guid(c763995917f59af4c8a85153ca0464d2) Importer(815301076,1909f56bfc062723c751e8b465ee728b)
Start importing Assets/Dependencies/HD-2D Background Art Apocalypse/Apocalypse01_C3.png using Guid(c763995917f59af4c8a85153ca0464d2) Importer(815301076,1909f56bfc062723c751e8b465ee728b)  -> (artifact id: 'f793f5e131da462f9a849bc71b7412e8') in 0.029881 seconds
  Import took 0.039286 seconds .

========================================================================
Received Import Request.
  Time since last request: 0.000275 seconds.
  path: Assets/Dependencies/HD-2D Background Art Apocalypse/Apocalypse03_C3.png
  artifactKey: Guid(d1a56c300d170b846943238fdf493192) Importer(815301076,1909f56bfc062723c751e8b465ee728b)
Start importing Assets/Dependencies/HD-2D Background Art Apocalypse/Apocalypse03_C3.png using Guid(d1a56c300d170b846943238fdf493192) Importer(815301076,1909f56bfc062723c751e8b465ee728b)  -> (artifact id: 'a2826c6a331153e43dc9a45ee71d0fd9') in 0.026398 seconds
  Import took 0.038536 seconds .

========================================================================
Received Import Request.
  Time since last request: 0.000266 seconds.
  path: Assets/Dependencies/HD-2D Background Art Apocalypse/Apocalypse05_C4.png
  artifactKey: Guid(8de5ab6d621c32d4fa7a31511403c29b) Importer(815301076,1909f56bfc062723c751e8b465ee728b)
Start importing Assets/Dependencies/HD-2D Background Art Apocalypse/Apocalypse05_C4.png using Guid(8de5ab6d621c32d4fa7a31511403c29b) Importer(815301076,1909f56bfc062723c751e8b465ee728b)  -> (artifact id: '1593cbe0e1528662d500cf83e44c6ef4') in 0.029453 seconds
  Import took 0.039655 seconds .

========================================================================
Received Import Request.
  Time since last request: 0.000296 seconds.
  path: Assets/Dependencies/HD-2D Background Art Apocalypse/Apocalypse03_C4.png
  artifactKey: Guid(f9e24424714432a498dc03aeee48c587) Importer(815301076,1909f56bfc062723c751e8b465ee728b)
Start importing Assets/Dependencies/HD-2D Background Art Apocalypse/Apocalypse03_C4.png using Guid(f9e24424714432a498dc03aeee48c587) Importer(815301076,1909f56bfc062723c751e8b465ee728b)  -> (artifact id: 'f5cf5c436aa0f548cf3b4235df80f124') in 0.027431 seconds
  Import took 0.036172 seconds .

========================================================================
Received Import Request.
  Time since last request: 0.000293 seconds.
  path: Assets/Dependencies/HD-2D Background Art Apocalypse/Apocalypse01_C5.png
  artifactKey: Guid(2bd6d9f90b2a12a4088d12795731f273) Importer(815301076,1909f56bfc062723c751e8b465ee728b)
Start importing Assets/Dependencies/HD-2D Background Art Apocalypse/Apocalypse01_C5.png using Guid(2bd6d9f90b2a12a4088d12795731f273) Importer(815301076,1909f56bfc062723c751e8b465ee728b)  -> (artifact id: 'da12388dd7e8b7b6ee72b4d4de3cb9b5') in 0.024453 seconds
  Import took 0.033625 seconds .

========================================================================
Received Import Request.
  Time since last request: 0.000253 seconds.
  path: Assets/Dependencies/HD-2D Background Art Apocalypse/Apocalypse02_C1.png
  artifactKey: Guid(041010919b7c87c4da3ccb2b267891e5) Importer(815301076,1909f56bfc062723c751e8b465ee728b)
Start importing Assets/Dependencies/HD-2D Background Art Apocalypse/Apocalypse02_C1.png using Guid(041010919b7c87c4da3ccb2b267891e5) Importer(815301076,1909f56bfc062723c751e8b465ee728b)  -> (artifact id: '0fce2cbedd812168deadb9700c27054c') in 0.025880 seconds
  Import took 0.033354 seconds .

========================================================================
Received Import Request.
  Time since last request: 0.000228 seconds.
  path: Assets/Dependencies/HD-2D Background Art Apocalypse/Apocalypse04_C5.png
  artifactKey: Guid(aa4b53ea2f510a948bb550066e21d3a7) Importer(815301076,1909f56bfc062723c751e8b465ee728b)
Start importing Assets/Dependencies/HD-2D Background Art Apocalypse/Apocalypse04_C5.png using Guid(aa4b53ea2f510a948bb550066e21d3a7) Importer(815301076,1909f56bfc062723c751e8b465ee728b)  -> (artifact id: '2dd4db66c78ac865c8aaaf19363bf7d2') in 0.024512 seconds
  Import took 0.032175 seconds .

========================================================================
Received Import Request.
  Time since last request: 443.258553 seconds.
  path: Assets/Scenes/LoadingScene.unity
  artifactKey: Guid(88d7182e1eade5c4689da87029d22c9c) Importer(815301076,1909f56bfc062723c751e8b465ee728b)
Start importing Assets/Scenes/LoadingScene.unity using Guid(88d7182e1eade5c4689da87029d22c9c) Importer(815301076,1909f56bfc062723c751e8b465ee728b)  -> (artifact id: 'a42fd44bd67c8ae37b38139069922d2a') in 0.006581 seconds
  Import took 0.015405 seconds .

========================================================================
Received Import Request.
  Time since last request: 50.057276 seconds.
  path: Assets/Scenes/TitleScene.unity
  artifactKey: Guid(63f34e354ce4f5a4c9cab5ca9e05533c) Importer(815301076,1909f56bfc062723c751e8b465ee728b)
Start importing Assets/Scenes/TitleScene.unity using Guid(63f34e354ce4f5a4c9cab5ca9e05533c) Importer(815301076,1909f56bfc062723c751e8b465ee728b)  -> (artifact id: 'be5c96ce9b0279b75d246c85342fdb60') in 0.002435 seconds
  Import took 0.009967 seconds .

========================================================================
Received Import Request.
  Time since last request: 102.150629 seconds.
  path: Assets/Prefabs/Cards/Action Card/ActionCard.prefab
  artifactKey: Guid(1a4b96b16aa18c74490df04672670e01) Importer(815301076,1909f56bfc062723c751e8b465ee728b)
Start importing Assets/Prefabs/Cards/Action Card/ActionCard.prefab using Guid(1a4b96b16aa18c74490df04672670e01) Importer(815301076,1909f56bfc062723c751e8b465ee728b)  -> (artifact id: '9fe0143a0bce6239d28cd34d5f856689') in 0.079460 seconds
  Import took 0.089005 seconds .

========================================================================
Received Import Request.
  Time since last request: 0.000276 seconds.
  path: Assets/Prefabs/Cards/Action Card/ActionZoomCard.prefab
  artifactKey: Guid(cb7743522e2ef634aa7afbb5890a7252) Importer(815301076,1909f56bfc062723c751e8b465ee728b)
Start importing Assets/Prefabs/Cards/Action Card/ActionZoomCard.prefab using Guid(cb7743522e2ef634aa7afbb5890a7252) Importer(815301076,1909f56bfc062723c751e8b465ee728b)  -> (artifact id: 'c929a0437276eb1db8a81d07047a83a4') in 0.039449 seconds
  Import took 0.046080 seconds .

========================================================================
Received Prepare
Registering precompiled user dll's ...
Registered in 0.001802 seconds.
Begin MonoManager ReloadAssembly
Native extension for WindowsStandalone target not found
Refreshing native plugins compatible for Editor in 0.81 ms, found 1 plugins.
Preloading 0 native plugins for Editor in 0.00 ms.
Mono: successfully reloaded assembly
- Completed reload, in  0.715 seconds
Platform modules already initialized, skipping
Refreshing native plugins compatible for Editor in 0.94 ms, found 1 plugins.
Preloading 0 native plugins for Editor in 0.00 ms.
Unloading 1900 Unused Serialized files (Serialized files now loaded: 0)
System memory in use before: 94.4 MB.
System memory in use after: 94.5 MB.

Unloading 8 unused Assets to reduce memory usage. Loaded Objects now: 2451.
Total: 1.718500 ms (FindLiveObjects: 0.199700 ms CreateObjectMapping: 0.080800 ms MarkObjects: 1.422600 ms  DeleteObjects: 0.014600 ms)

========================================================================
Received Import Request.
  Time since last request: 27.292859 seconds.
  path: Assets/Prefabs/Cards/Action Card/ActionCard.prefab
  artifactKey: Guid(1a4b96b16aa18c74490df04672670e01) Importer(815301076,1909f56bfc062723c751e8b465ee728b)
Start importing Assets/Prefabs/Cards/Action Card/ActionCard.prefab using Guid(1a4b96b16aa18c74490df04672670e01) Importer(815301076,1909f56bfc062723c751e8b465ee728b)  -> (artifact id: '7a4aa6afa75667be28e33bfc2b71c8b7') in 0.092987 seconds
  Import took 0.100236 seconds .

========================================================================
Received Import Request.
  Time since last request: 10.336746 seconds.
  path: Assets/Prefabs/Cards/Action Card/ActionCard.prefab
  artifactKey: Guid(1a4b96b16aa18c74490df04672670e01) Importer(815301076,1909f56bfc062723c751e8b465ee728b)
Start importing Assets/Prefabs/Cards/Action Card/ActionCard.prefab using Guid(1a4b96b16aa18c74490df04672670e01) Importer(815301076,1909f56bfc062723c751e8b465ee728b)  -> (artifact id: '197b29d2df56ceffa7abd172833723a6') in 0.042234 seconds
  Import took 0.050615 seconds .

========================================================================
Received Import Request.
  Time since last request: 3.844454 seconds.
  path: Assets/Prefabs/Cards/Action Card/ActionCard.prefab
  artifactKey: Guid(1a4b96b16aa18c74490df04672670e01) Importer(815301076,1909f56bfc062723c751e8b465ee728b)
Start importing Assets/Prefabs/Cards/Action Card/ActionCard.prefab using Guid(1a4b96b16aa18c74490df04672670e01) Importer(815301076,1909f56bfc062723c751e8b465ee728b)  -> (artifact id: '56fdfa664a7000cadd36e736981ed3cd') in 0.039650 seconds
  Import took 0.047314 seconds .

========================================================================
Received Import Request.
  Time since last request: 15.087617 seconds.
  path: Assets/Prefabs/Cards/Action Card/ActionZoomCard.prefab
  artifactKey: Guid(cb7743522e2ef634aa7afbb5890a7252) Importer(815301076,1909f56bfc062723c751e8b465ee728b)
Start importing Assets/Prefabs/Cards/Action Card/ActionZoomCard.prefab using Guid(cb7743522e2ef634aa7afbb5890a7252) Importer(815301076,1909f56bfc062723c751e8b465ee728b)  -> (artifact id: 'f14d933a7fdf48fbec3f525b41133040') in 0.041982 seconds
  Import took 0.049825 seconds .

========================================================================
Received Import Request.
  Time since last request: 2.153508 seconds.
  path: Assets/Prefabs/Cards/Action Card/ActionZoomCard.prefab
  artifactKey: Guid(cb7743522e2ef634aa7afbb5890a7252) Importer(815301076,1909f56bfc062723c751e8b465ee728b)
Start importing Assets/Prefabs/Cards/Action Card/ActionZoomCard.prefab using Guid(cb7743522e2ef634aa7afbb5890a7252) Importer(815301076,1909f56bfc062723c751e8b465ee728b)  -> (artifact id: '5383f87bc3b936b858c3632331d9f372') in 0.042136 seconds
  Import took 0.049519 seconds .

========================================================================
Received Import Request.
  Time since last request: 0.961005 seconds.
  path: Assets/Prefabs/Cards/Action Card/ActionZoomCard.prefab
  artifactKey: Guid(cb7743522e2ef634aa7afbb5890a7252) Importer(815301076,1909f56bfc062723c751e8b465ee728b)
Start importing Assets/Prefabs/Cards/Action Card/ActionZoomCard.prefab using Guid(cb7743522e2ef634aa7afbb5890a7252) Importer(815301076,1909f56bfc062723c751e8b465ee728b)  -> (artifact id: 'b5530d254defdfa758995155ba2f1e7f') in 0.049349 seconds
  Import took 0.058712 seconds .

========================================================================
Received Import Request.
  Time since last request: 19.015256 seconds.
  path: Assets/Prefabs/Cards/Unit Card/UnitCard.prefab
  artifactKey: Guid(1699411500fdc00408cd317524df96b6) Importer(815301076,1909f56bfc062723c751e8b465ee728b)
Start importing Assets/Prefabs/Cards/Unit Card/UnitCard.prefab using Guid(1699411500fdc00408cd317524df96b6) Importer(815301076,1909f56bfc062723c751e8b465ee728b)  -> (artifact id: '8585f0d8771ad4d299a046ffc499bbc6') in 0.040558 seconds
  Import took 0.047731 seconds .

========================================================================
Received Import Request.
  Time since last request: 0.000202 seconds.
  path: Assets/Prefabs/Cards/Unit Card/ZoomAbilityIcon_OLD.prefab
  artifactKey: Guid(f0247b52cb371f84f9c5bc28522f5274) Importer(815301076,1909f56bfc062723c751e8b465ee728b)
Start importing Assets/Prefabs/Cards/Unit Card/ZoomAbilityIcon_OLD.prefab using Guid(f0247b52cb371f84f9c5bc28522f5274) Importer(815301076,1909f56bfc062723c751e8b465ee728b)  -> (artifact id: 'a3d22f44bf8706616380b4f643d1cb4c') in 0.065212 seconds
  Import took 0.071794 seconds .

========================================================================
Received Import Request.
  Time since last request: 0.000173 seconds.
  path: Assets/Prefabs/Cards/Unit Card/ZoomAbilityIcon.prefab
  artifactKey: Guid(0ab157fa3dd44cd4a9fdc4c303ac8001) Importer(815301076,1909f56bfc062723c751e8b465ee728b)
Start importing Assets/Prefabs/Cards/Unit Card/ZoomAbilityIcon.prefab using Guid(0ab157fa3dd44cd4a9fdc4c303ac8001) Importer(815301076,1909f56bfc062723c751e8b465ee728b)  -> (artifact id: '902eb7d7c84fe99d4a7ee50209ee6067') in 0.025965 seconds
  Import took 0.033416 seconds .

========================================================================
Received Import Request.
  Time since last request: 0.000180 seconds.
  path: Assets/Prefabs/Cards/Unit Card/UnitZoomCard.prefab
  artifactKey: Guid(c07a0922a28da3343827254dbc38f442) Importer(815301076,1909f56bfc062723c751e8b465ee728b)
Start importing Assets/Prefabs/Cards/Unit Card/UnitZoomCard.prefab using Guid(c07a0922a28da3343827254dbc38f442) Importer(815301076,1909f56bfc062723c751e8b465ee728b)  -> (artifact id: 'b8c824ad62ec6d5daeb0105511f3cc33') in 0.038501 seconds
  Import took 0.045871 seconds .

========================================================================
Received Import Request.
  Time since last request: 10.179859 seconds.
  path: Assets/Prefabs/Cards/Unit Card/UnitCard.prefab
  artifactKey: Guid(1699411500fdc00408cd317524df96b6) Importer(815301076,1909f56bfc062723c751e8b465ee728b)
Start importing Assets/Prefabs/Cards/Unit Card/UnitCard.prefab using Guid(1699411500fdc00408cd317524df96b6) Importer(815301076,1909f56bfc062723c751e8b465ee728b)  -> (artifact id: '7619eef7ee139608184bf088d5746f70') in 0.041337 seconds
  Import took 0.050405 seconds .

========================================================================
Received Import Request.
  Time since last request: 2.705779 seconds.
  path: Assets/Prefabs/Cards/Unit Card/UnitCard.prefab
  artifactKey: Guid(1699411500fdc00408cd317524df96b6) Importer(815301076,1909f56bfc062723c751e8b465ee728b)
Start importing Assets/Prefabs/Cards/Unit Card/UnitCard.prefab using Guid(1699411500fdc00408cd317524df96b6) Importer(815301076,1909f56bfc062723c751e8b465ee728b)  -> (artifact id: '4d7ab757748c4915c5418cfdc8bdfb50') in 0.042257 seconds
  Import took 0.050465 seconds .

========================================================================
Received Import Request.
  Time since last request: 7.527203 seconds.
  path: Assets/Dependencies/HD-2D Background Art Apocalypse/Optional/NyuN.png
  artifactKey: Guid(5060f962138a2ed4eb0cd341f7201479) Importer(815301076,1909f56bfc062723c751e8b465ee728b)
Start importing Assets/Dependencies/HD-2D Background Art Apocalypse/Optional/NyuN.png using Guid(5060f962138a2ed4eb0cd341f7201479) Importer(815301076,1909f56bfc062723c751e8b465ee728b)  -> (artifact id: '0e92f1497cdec74f38458bb12176f409') in 0.027735 seconds
  Import took 0.039172 seconds .

========================================================================
Received Import Request.
  Time since last request: 0.003778 seconds.
  path: Assets/Dependencies/HD-2D Background Art Apocalypse/Optional/NyuN.png
  artifactKey: Guid(5060f962138a2ed4eb0cd341f7201479) Importer(815301076,1909f56bfc062723c751e8b465ee728b)
Start importing Assets/Dependencies/HD-2D Background Art Apocalypse/Optional/NyuN.png using Guid(5060f962138a2ed4eb0cd341f7201479) Importer(815301076,1909f56bfc062723c751e8b465ee728b)  -> (artifact id: '0e92f1497cdec74f38458bb12176f409') in 0.014500 seconds
  Import took 0.024714 seconds .

========================================================================
Received Import Request.
  Time since last request: 6.267684 seconds.
  path: Assets/Dependencies/HD-2D Background Art Apocalypse/Optional/Apocalypse05_C3_Filter.png
  artifactKey: Guid(1d4d31eeb93e01b45a6058ba4bb50f63) Importer(815301076,1909f56bfc062723c751e8b465ee728b)
Start importing Assets/Dependencies/HD-2D Background Art Apocalypse/Optional/Apocalypse05_C3_Filter.png using Guid(1d4d31eeb93e01b45a6058ba4bb50f63) Importer(815301076,1909f56bfc062723c751e8b465ee728b)  -> (artifact id: '868f2975e46f697745548031f07a731c') in 0.026445 seconds
  Import took 0.036494 seconds .

========================================================================
Received Import Request.
  Time since last request: 0.000300 seconds.
  path: Assets/Dependencies/HD-2D Background Art Apocalypse/Optional/Apocalypse03_C2_Filter.png
  artifactKey: Guid(cbf412b72f8c53e4eb0ff016986c016b) Importer(815301076,1909f56bfc062723c751e8b465ee728b)
Start importing Assets/Dependencies/HD-2D Background Art Apocalypse/Optional/Apocalypse03_C2_Filter.png using Guid(cbf412b72f8c53e4eb0ff016986c016b) Importer(815301076,1909f56bfc062723c751e8b465ee728b)  -> (artifact id: 'a62627728521edae95a624542899192d') in 0.033895 seconds
  Import took 0.042102 seconds .

========================================================================
Received Import Request.
  Time since last request: 0.000292 seconds.
  path: Assets/Dependencies/HD-2D Background Art Apocalypse/Optional/Apocalypse02_C3_Filter.png
  artifactKey: Guid(5ad9ded65b2df2e4a9bdc3abfe232f61) Importer(815301076,1909f56bfc062723c751e8b465ee728b)
Start importing Assets/Dependencies/HD-2D Background Art Apocalypse/Optional/Apocalypse02_C3_Filter.png using Guid(5ad9ded65b2df2e4a9bdc3abfe232f61) Importer(815301076,1909f56bfc062723c751e8b465ee728b)  -> (artifact id: '4996b7ff10449c344efe83ae0a1adf6f') in 0.023097 seconds
  Import took 0.031545 seconds .

========================================================================
Received Import Request.
  Time since last request: 0.000215 seconds.
  path: Assets/Dependencies/HD-2D Background Art Apocalypse/Optional/Apocalypse02_C2_Filter.png
  artifactKey: Guid(ff63d732436828342b1abe70eb6fb01a) Importer(815301076,1909f56bfc062723c751e8b465ee728b)
Start importing Assets/Dependencies/HD-2D Background Art Apocalypse/Optional/Apocalypse02_C2_Filter.png using Guid(ff63d732436828342b1abe70eb6fb01a) Importer(815301076,1909f56bfc062723c751e8b465ee728b)  -> (artifact id: 'c64fd6106ea77f3d3723fc3a335acb6d') in 0.022633 seconds
  Import took 0.031492 seconds .

========================================================================
Received Import Request.
  Time since last request: 0.000210 seconds.
  path: Assets/Dependencies/HD-2D Background Art Apocalypse/Optional/Apocalypse05_C1_Filter.png
  artifactKey: Guid(f3690b8b9d19ba24eb1640d807fb0c80) Importer(815301076,1909f56bfc062723c751e8b465ee728b)
Start importing Assets/Dependencies/HD-2D Background Art Apocalypse/Optional/Apocalypse05_C1_Filter.png using Guid(f3690b8b9d19ba24eb1640d807fb0c80) Importer(815301076,1909f56bfc062723c751e8b465ee728b)  -> (artifact id: '873c1950a34516aa71d41dfd595bc061') in 0.023245 seconds
  Import took 0.032509 seconds .

========================================================================
Received Import Request.
  Time since last request: 0.000251 seconds.
  path: Assets/Dependencies/HD-2D Background Art Apocalypse/Optional/Apocalypse03_C1_Filter.png
  artifactKey: Guid(b79901266aec6a64c89532182765eb6d) Importer(815301076,1909f56bfc062723c751e8b465ee728b)
Start importing Assets/Dependencies/HD-2D Background Art Apocalypse/Optional/Apocalypse03_C1_Filter.png using Guid(b79901266aec6a64c89532182765eb6d) Importer(815301076,1909f56bfc062723c751e8b465ee728b)  -> (artifact id: '5b98d02cf3fbdb0003364e29aa859215') in 0.023334 seconds
  Import took 0.031483 seconds .

========================================================================
Received Import Request.
  Time since last request: 0.000223 seconds.
  path: Assets/Dependencies/HD-2D Background Art Apocalypse/Optional/Apocalypse02_C3_Cliff.png
  artifactKey: Guid(3d9397eb33f8c524eb61468c5687b6c3) Importer(815301076,1909f56bfc062723c751e8b465ee728b)
Start importing Assets/Dependencies/HD-2D Background Art Apocalypse/Optional/Apocalypse02_C3_Cliff.png using Guid(3d9397eb33f8c524eb61468c5687b6c3) Importer(815301076,1909f56bfc062723c751e8b465ee728b)  -> (artifact id: 'a795b3f8b6f5d4ed5d8b3a5d90ea6a21') in 0.024668 seconds
  Import took 0.037229 seconds .

========================================================================
Received Import Request.
  Time since last request: 0.000265 seconds.
  path: Assets/Dependencies/HD-2D Background Art Apocalypse/Optional/Apocalypse04_C3_Filter.png
  artifactKey: Guid(8034067158003614292270c72e1ac7ba) Importer(815301076,1909f56bfc062723c751e8b465ee728b)
Start importing Assets/Dependencies/HD-2D Background Art Apocalypse/Optional/Apocalypse04_C3_Filter.png using Guid(8034067158003614292270c72e1ac7ba) Importer(815301076,1909f56bfc062723c751e8b465ee728b)  -> (artifact id: 'c7060d90c8034f5a90e93d8aed0bdadb') in 0.026515 seconds
  Import took 0.038759 seconds .

========================================================================
Received Import Request.
  Time since last request: 0.000206 seconds.
  path: Assets/Dependencies/HD-2D Background Art Apocalypse/Optional/Apocalypse05_C5_Filter.png
  artifactKey: Guid(6a10a387b9566a047985e2ce00edd071) Importer(815301076,1909f56bfc062723c751e8b465ee728b)
Start importing Assets/Dependencies/HD-2D Background Art Apocalypse/Optional/Apocalypse05_C5_Filter.png using Guid(6a10a387b9566a047985e2ce00edd071) Importer(815301076,1909f56bfc062723c751e8b465ee728b)  -> (artifact id: '7f9f4481367d6beda54dce1766c7cfc8') in 0.027706 seconds
  Import took 0.036544 seconds .

========================================================================
Received Import Request.
  Time since last request: 0.000226 seconds.
  path: Assets/Dependencies/HD-2D Background Art Apocalypse/Optional/Apocalypse05_C2_Filter.png
  artifactKey: Guid(29a075e69ffb8c842a5b2de110d12f78) Importer(815301076,1909f56bfc062723c751e8b465ee728b)
Start importing Assets/Dependencies/HD-2D Background Art Apocalypse/Optional/Apocalypse05_C2_Filter.png using Guid(29a075e69ffb8c842a5b2de110d12f78) Importer(815301076,1909f56bfc062723c751e8b465ee728b)  -> (artifact id: '685a4ee4920bb45f25384383faba7e59') in 0.026206 seconds
  Import took 0.035059 seconds .

========================================================================
Received Import Request.
  Time since last request: 0.000289 seconds.
  path: Assets/Dependencies/HD-2D Background Art Apocalypse/Optional/Apocalypse02_C5_Cliff.png
  artifactKey: Guid(afb31f14292fd584cb09be57521bb197) Importer(815301076,1909f56bfc062723c751e8b465ee728b)
Start importing Assets/Dependencies/HD-2D Background Art Apocalypse/Optional/Apocalypse02_C5_Cliff.png using Guid(afb31f14292fd584cb09be57521bb197) Importer(815301076,1909f56bfc062723c751e8b465ee728b)  -> (artifact id: 'd11765f22adbf72e55ad13c34512663b') in 0.028576 seconds
  Import took 0.038779 seconds .

========================================================================
Received Import Request.
  Time since last request: 0.000394 seconds.
  path: Assets/Dependencies/HD-2D Background Art Apocalypse/Optional/Apocalypse02_C5_Filter.png
  artifactKey: Guid(c03570ae165e5d442848d010872e96fa) Importer(815301076,1909f56bfc062723c751e8b465ee728b)
Start importing Assets/Dependencies/HD-2D Background Art Apocalypse/Optional/Apocalypse02_C5_Filter.png using Guid(c03570ae165e5d442848d010872e96fa) Importer(815301076,1909f56bfc062723c751e8b465ee728b)  -> (artifact id: '2d787afb27284859c7721eef7d4e454f') in 0.028064 seconds
  Import took 0.037288 seconds .

========================================================================
Received Import Request.
  Time since last request: 0.000309 seconds.
  path: Assets/Dependencies/HD-2D Background Art Apocalypse/Optional/Apocalypse03_C3_Filter.png
  artifactKey: Guid(2f45a2fba795ca24cb120fa8ac6bbc5d) Importer(815301076,1909f56bfc062723c751e8b465ee728b)
Start importing Assets/Dependencies/HD-2D Background Art Apocalypse/Optional/Apocalypse03_C3_Filter.png using Guid(2f45a2fba795ca24cb120fa8ac6bbc5d) Importer(815301076,1909f56bfc062723c751e8b465ee728b)  -> (artifact id: '77eb9c673303e5ae475d60677b8dffb4') in 0.021076 seconds
  Import took 0.028756 seconds .

========================================================================
Received Import Request.
  Time since last request: 0.000217 seconds.
  path: Assets/Dependencies/HD-2D Background Art Apocalypse/Optional/Apocalypse01_C2_Filter.png
  artifactKey: Guid(efcf954842799c544bf3e9ab4be17fe8) Importer(815301076,1909f56bfc062723c751e8b465ee728b)
Start importing Assets/Dependencies/HD-2D Background Art Apocalypse/Optional/Apocalypse01_C2_Filter.png using Guid(efcf954842799c544bf3e9ab4be17fe8) Importer(815301076,1909f56bfc062723c751e8b465ee728b)  -> (artifact id: 'ffe0b21f1d87c8ce9928318bb775e73a') in 0.021580 seconds
  Import took 0.030999 seconds .

========================================================================
Received Import Request.
  Time since last request: 0.000200 seconds.
  path: Assets/Dependencies/HD-2D Background Art Apocalypse/Optional/Apocalypse02_C1_Filter.png
  artifactKey: Guid(5c145f43a46103d48aadbbd9f603931f) Importer(815301076,1909f56bfc062723c751e8b465ee728b)
Start importing Assets/Dependencies/HD-2D Background Art Apocalypse/Optional/Apocalypse02_C1_Filter.png using Guid(5c145f43a46103d48aadbbd9f603931f) Importer(815301076,1909f56bfc062723c751e8b465ee728b)  -> (artifact id: '9390287cf451f9c9b9627cec68706af0') in 0.026357 seconds
  Import took 0.033479 seconds .

========================================================================
Received Import Request.
  Time since last request: 0.000220 seconds.
  path: Assets/Dependencies/HD-2D Background Art Apocalypse/Optional/Apocalypse01_C5_Filter.png
  artifactKey: Guid(13cd26384f55a9d42b3d735661fe0b0f) Importer(815301076,1909f56bfc062723c751e8b465ee728b)
Start importing Assets/Dependencies/HD-2D Background Art Apocalypse/Optional/Apocalypse01_C5_Filter.png using Guid(13cd26384f55a9d42b3d735661fe0b0f) Importer(815301076,1909f56bfc062723c751e8b465ee728b)  -> (artifact id: '01f25a060af811dd2f035b5c85fc3b88') in 0.025849 seconds
  Import took 0.034518 seconds .

========================================================================
Received Import Request.
  Time since last request: 0.000404 seconds.
  path: Assets/Dependencies/HD-2D Background Art Apocalypse/Optional/Apocalypse04_C5_Filter.png
  artifactKey: Guid(cccceb009c9646c41a97f140a9d742b3) Importer(815301076,1909f56bfc062723c751e8b465ee728b)
Start importing Assets/Dependencies/HD-2D Background Art Apocalypse/Optional/Apocalypse04_C5_Filter.png using Guid(cccceb009c9646c41a97f140a9d742b3) Importer(815301076,1909f56bfc062723c751e8b465ee728b)  -> (artifact id: 'c9c35f7fdcbc07add6e9009497418afe') in 0.030277 seconds
  Import took 0.039261 seconds .

========================================================================
Received Import Request.
  Time since last request: 0.000354 seconds.
  path: Assets/Dependencies/HD-2D Background Art Apocalypse/Optional/Apocalypse02_C2_Cliff.png
  artifactKey: Guid(bc81a84880177ec4884bccb17ed572f9) Importer(815301076,1909f56bfc062723c751e8b465ee728b)
Start importing Assets/Dependencies/HD-2D Background Art Apocalypse/Optional/Apocalypse02_C2_Cliff.png using Guid(bc81a84880177ec4884bccb17ed572f9) Importer(815301076,1909f56bfc062723c751e8b465ee728b)  -> (artifact id: '45a14282af8af5e73d9727aab91ebac0') in 0.022839 seconds
  Import took 0.031885 seconds .

========================================================================
Received Import Request.
  Time since last request: 0.000331 seconds.
  path: Assets/Dependencies/HD-2D Background Art Apocalypse/Optional/Apocalypse04_C2_Filter.png
  artifactKey: Guid(3930c65123db46546a547eddab4158c8) Importer(815301076,1909f56bfc062723c751e8b465ee728b)
Start importing Assets/Dependencies/HD-2D Background Art Apocalypse/Optional/Apocalypse04_C2_Filter.png using Guid(3930c65123db46546a547eddab4158c8) Importer(815301076,1909f56bfc062723c751e8b465ee728b)  -> (artifact id: 'e1ffa5461b62b3f742aeedcb5cb03633') in 0.024471 seconds
  Import took 0.032822 seconds .

========================================================================
Received Import Request.
  Time since last request: 0.000214 seconds.
  path: Assets/Dependencies/HD-2D Background Art Apocalypse/Optional/Apocalypse02_C1_Cliff.png
  artifactKey: Guid(87a7a52204c20ef49b9ec6c89f3e8e2a) Importer(815301076,1909f56bfc062723c751e8b465ee728b)
Start importing Assets/Dependencies/HD-2D Background Art Apocalypse/Optional/Apocalypse02_C1_Cliff.png using Guid(87a7a52204c20ef49b9ec6c89f3e8e2a) Importer(815301076,1909f56bfc062723c751e8b465ee728b)  -> (artifact id: '264882c7be9dd7201422c367bdab26cc') in 0.022689 seconds
  Import took 0.031727 seconds .

========================================================================
Received Import Request.
  Time since last request: 0.000268 seconds.
  path: Assets/Dependencies/HD-2D Background Art Apocalypse/Optional/Apocalypse01_C3_Filter.png
  artifactKey: Guid(9bfa9e273588fab42932b4a44f02b398) Importer(815301076,1909f56bfc062723c751e8b465ee728b)
Start importing Assets/Dependencies/HD-2D Background Art Apocalypse/Optional/Apocalypse01_C3_Filter.png using Guid(9bfa9e273588fab42932b4a44f02b398) Importer(815301076,1909f56bfc062723c751e8b465ee728b)  -> (artifact id: 'ade75fd63a5cf4d1a2d357dca07c5411') in 0.025264 seconds
  Import took 0.033415 seconds .

========================================================================
Received Import Request.
  Time since last request: 0.000231 seconds.
  path: Assets/Dependencies/HD-2D Background Art Apocalypse/Optional/Apocalypse02_C4_Cliff.png
  artifactKey: Guid(e15e926621f422240a7c0d5399713224) Importer(815301076,1909f56bfc062723c751e8b465ee728b)
Start importing Assets/Dependencies/HD-2D Background Art Apocalypse/Optional/Apocalypse02_C4_Cliff.png using Guid(e15e926621f422240a7c0d5399713224) Importer(815301076,1909f56bfc062723c751e8b465ee728b)  -> (artifact id: '1d971c2f9b23d1e447266a04ab2f7e24') in 0.019315 seconds
  Import took 0.027583 seconds .

========================================================================
Received Import Request.
  Time since last request: 0.000456 seconds.
  path: Assets/Dependencies/HD-2D Background Art Apocalypse/Optional/Apocalypse03_C5_Filter.png
  artifactKey: Guid(690ffb6a46647b64497e1bdef3dfa5d5) Importer(815301076,1909f56bfc062723c751e8b465ee728b)
Start importing Assets/Dependencies/HD-2D Background Art Apocalypse/Optional/Apocalypse03_C5_Filter.png using Guid(690ffb6a46647b64497e1bdef3dfa5d5) Importer(815301076,1909f56bfc062723c751e8b465ee728b)  -> (artifact id: 'f01d1d02f789d3fd16f1251d59237590') in 0.019730 seconds
  Import took 0.028852 seconds .

========================================================================
Received Import Request.
  Time since last request: 1.377800 seconds.
  path: Assets/Prefabs/Cards/Unit Card/UnitZoomCard_OLD.prefab
  artifactKey: Guid(9bd5367a65ea43f46b757564841923f5) Importer(815301076,1909f56bfc062723c751e8b465ee728b)
Start importing Assets/Prefabs/Cards/Unit Card/UnitZoomCard_OLD.prefab using Guid(9bd5367a65ea43f46b757564841923f5) Importer(815301076,1909f56bfc062723c751e8b465ee728b)  -> (artifact id: 'b583c9bf81e14025f845f06abdd0b42f') in 0.062127 seconds
  Import took 0.070138 seconds .

========================================================================
Received Import Request.
  Time since last request: 55.408992 seconds.
  path: Assets/Prefabs/Cards/Unit Card/UnitZoomCard.prefab
  artifactKey: Guid(c07a0922a28da3343827254dbc38f442) Importer(815301076,1909f56bfc062723c751e8b465ee728b)
Start importing Assets/Prefabs/Cards/Unit Card/UnitZoomCard.prefab using Guid(c07a0922a28da3343827254dbc38f442) Importer(815301076,1909f56bfc062723c751e8b465ee728b)  -> (artifact id: '30391cf8fb35593e65c4db385d580c6d') in 0.039074 seconds
  Import took 0.050848 seconds .

========================================================================
Received Import Request.
  Time since last request: 30.314346 seconds.
  path: Assets/Scenes/NarrativeScene.unity
  artifactKey: Guid(e99842d984702db4fb525b2ddf0846a5) Importer(815301076,1909f56bfc062723c751e8b465ee728b)
Start importing Assets/Scenes/NarrativeScene.unity using Guid(e99842d984702db4fb525b2ddf0846a5) Importer(815301076,1909f56bfc062723c751e8b465ee728b)  -> (artifact id: '3fddb70bc48030742ec7f7654c680a9b') in 0.006343 seconds
  Import took 0.013879 seconds .

========================================================================
Received Import Request.
  Time since last request: 68.486733 seconds.
  path: Assets/Prefabs/Cards/Unit Card/Unit Card Popups/AbilityPopup.prefab
  artifactKey: Guid(5c61e8afecb13104c85071fbcc357ece) Importer(815301076,1909f56bfc062723c751e8b465ee728b)
Start importing Assets/Prefabs/Cards/Unit Card/Unit Card Popups/AbilityPopup.prefab using Guid(5c61e8afecb13104c85071fbcc357ece) Importer(815301076,1909f56bfc062723c751e8b465ee728b)  -> (artifact id: '62bb20c03ee9560b0cde38e0e36e4312') in 0.025901 seconds
  Import took 0.034820 seconds .

========================================================================
Received Import Request.
  Time since last request: 0.000196 seconds.
  path: Assets/Prefabs/Heroes/EnemyHero.prefab
  artifactKey: Guid(31637dea9d4e701409b1e552bf2a61ad) Importer(815301076,1909f56bfc062723c751e8b465ee728b)
Start importing Assets/Prefabs/Heroes/EnemyHero.prefab using Guid(31637dea9d4e701409b1e552bf2a61ad) Importer(815301076,1909f56bfc062723c751e8b465ee728b)  -> (artifact id: '333b1f89c2ab43fe9fd7b48139aabbe2') in 0.033961 seconds
  Import took 0.040951 seconds .

========================================================================
Received Import Request.
  Time since last request: 0.000249 seconds.
  path: Assets/Prefabs/UI/Popups/MenuPopup.prefab
  artifactKey: Guid(8192d4bafb812aa40a56f2831bbfbe89) Importer(815301076,1909f56bfc062723c751e8b465ee728b)
Start importing Assets/Prefabs/UI/Popups/MenuPopup.prefab using Guid(8192d4bafb812aa40a56f2831bbfbe89) Importer(815301076,1909f56bfc062723c751e8b465ee728b)  -> (artifact id: '1645633ab17cfb589be2a3980fd9c7e1') in 0.027205 seconds
  Import took 0.034848 seconds .

========================================================================
Received Import Request.
  Time since last request: 0.000300 seconds.
  path: Assets/Prefabs/Cards/Unit Card/Unit Card Popups/DescriptionPopup.prefab
  artifactKey: Guid(a1386cfa691c6134d9425094daba5660) Importer(815301076,1909f56bfc062723c751e8b465ee728b)
Start importing Assets/Prefabs/Cards/Unit Card/Unit Card Popups/DescriptionPopup.prefab using Guid(a1386cfa691c6134d9425094daba5660) Importer(815301076,1909f56bfc062723c751e8b465ee728b)  -> (artifact id: '1f3bb39f33309f72e0cd61a4742dbfc4') in 0.022576 seconds
  Import took 0.029939 seconds .

========================================================================
Received Import Request.
  Time since last request: 0.000219 seconds.
  path: Assets/Prefabs/Managers/GameManager.prefab
  artifactKey: Guid(ce8e8df633147224ea90f867242f3318) Importer(815301076,1909f56bfc062723c751e8b465ee728b)
Start importing Assets/Prefabs/Managers/GameManager.prefab using Guid(ce8e8df633147224ea90f867242f3318) Importer(815301076,1909f56bfc062723c751e8b465ee728b)  -> (artifact id: 'c81091bc1e28a6f8a843589a57485cf8') in 0.069302 seconds
  Import took 0.078627 seconds .

========================================================================
Received Import Request.
  Time since last request: 0.000234 seconds.
  path: Assets/Prefabs/Heroes/HeroPowerDescription.prefab
  artifactKey: Guid(daa63b743b4ab254f96ecf72d11e88f9) Importer(815301076,1909f56bfc062723c751e8b465ee728b)
Start importing Assets/Prefabs/Heroes/HeroPowerDescription.prefab using Guid(daa63b743b4ab254f96ecf72d11e88f9) Importer(815301076,1909f56bfc062723c751e8b465ee728b)  -> (artifact id: 'c7f7b87b846783bbc623c3f6f464ab91') in 0.029552 seconds
  Import took 0.036149 seconds .

========================================================================
Received Import Request.
  Time since last request: 0.000190 seconds.
  path: Assets/Prefabs/UI/Popups/NewCardPopup.prefab
  artifactKey: Guid(714f7388dd6b5ac46b6fcfef80e419f0) Importer(815301076,1909f56bfc062723c751e8b465ee728b)
Start importing Assets/Prefabs/UI/Popups/NewCardPopup.prefab using Guid(714f7388dd6b5ac46b6fcfef80e419f0) Importer(815301076,1909f56bfc062723c751e8b465ee728b)  -> (artifact id: '25459db19829a3f9f08f00c4fbbf51c5') in 0.032628 seconds
  Import took 0.040897 seconds .

========================================================================
Received Import Request.
  Time since last request: 0.000191 seconds.
  path: Assets/Prefabs/Locations/LocationIcon.prefab
  artifactKey: Guid(66d6680aaf145824992863dceab07391) Importer(815301076,1909f56bfc062723c751e8b465ee728b)
Start importing Assets/Prefabs/Locations/LocationIcon.prefab using Guid(66d6680aaf145824992863dceab07391) Importer(815301076,1909f56bfc062723c751e8b465ee728b)  -> (artifact id: 'b8db877166fee80ba4a0a87bb461e584') in 0.031491 seconds
  Import took 0.039495 seconds .

========================================================================
Received Import Request.
  Time since last request: 0.000217 seconds.
  path: Assets/Prefabs/Cards/DragArrow.prefab
  artifactKey: Guid(d8b7cf6cad2aa4a4db9a846023b2153a) Importer(815301076,1909f56bfc062723c751e8b465ee728b)
Start importing Assets/Prefabs/Cards/DragArrow.prefab using Guid(d8b7cf6cad2aa4a4db9a846023b2153a) Importer(815301076,1909f56bfc062723c751e8b465ee728b)  -> (artifact id: '47ad0bef8622771b705e645be26789e3') in 0.011279 seconds
  Import took 0.017821 seconds .

========================================================================
Received Import Request.
  Time since last request: 0.000308 seconds.
  path: Assets/Prefabs/UI/Buttons/NewGameButton.prefab
  artifactKey: Guid(ce36a7ba8ab729447a4c86e30cf9ce8a) Importer(815301076,1909f56bfc062723c751e8b465ee728b)
Start importing Assets/Prefabs/UI/Buttons/NewGameButton.prefab using Guid(ce36a7ba8ab729447a4c86e30cf9ce8a) Importer(815301076,1909f56bfc062723c751e8b465ee728b)  -> (artifact id: '419556c5faf85312a2fb3760eaf80da7') in 0.009360 seconds
  Import took 0.017374 seconds .

========================================================================
Received Import Request.
  Time since last request: 0.000179 seconds.
  path: Assets/Prefabs/UI/Popups/ExplicitLanguagePopup.prefab
  artifactKey: Guid(65e967fe6f664a54db84bb91a331ad40) Importer(815301076,1909f56bfc062723c751e8b465ee728b)
Start importing Assets/Prefabs/UI/Popups/ExplicitLanguagePopup.prefab using Guid(65e967fe6f664a54db84bb91a331ad40) Importer(815301076,1909f56bfc062723c751e8b465ee728b)  -> (artifact id: 'ce8a96495baf8f3e1823765870c8423d') in 0.024923 seconds
  Import took 0.031765 seconds .

========================================================================
Received Import Request.
  Time since last request: 0.000190 seconds.
  path: Assets/Prefabs/Locations/LocationPopup.prefab
  artifactKey: Guid(97578bbed6b45cc45a8ff4b66137ef2a) Importer(815301076,1909f56bfc062723c751e8b465ee728b)
Start importing Assets/Prefabs/Locations/LocationPopup.prefab using Guid(97578bbed6b45cc45a8ff4b66137ef2a) Importer(815301076,1909f56bfc062723c751e8b465ee728b)  -> (artifact id: '9190698e83cb564efb650e1daed0bc0f') in 0.029054 seconds
  Import took 0.035802 seconds .

========================================================================
Received Import Request.
  Time since last request: 0.709808 seconds.
  path: Assets/Prefabs/Heroes/PlayerHero.prefab
  artifactKey: Guid(82ee73e4f6edaf843822483120ad9f13) Importer(815301076,1909f56bfc062723c751e8b465ee728b)
Start importing Assets/Prefabs/Heroes/PlayerHero.prefab using Guid(82ee73e4f6edaf843822483120ad9f13) Importer(815301076,1909f56bfc062723c751e8b465ee728b)  -> (artifact id: '8aba3c3f984cedf44e813987cc544bf2') in 0.033708 seconds
  Import took 0.043089 seconds .

========================================================================
Received Import Request.
  Time since last request: 0.000328 seconds.
  path: Assets/Prefabs/Zones/Player/PlayerZoneOutline.prefab
  artifactKey: Guid(28b862f0f4fd80d4a8faa044c8962cd0) Importer(815301076,1909f56bfc062723c751e8b465ee728b)
Start importing Assets/Prefabs/Zones/Player/PlayerZoneOutline.prefab using Guid(28b862f0f4fd80d4a8faa044c8962cd0) Importer(815301076,1909f56bfc062723c751e8b465ee728b)  -> (artifact id: '43ac15c8aea37e9a93b65a8598211969') in 0.018558 seconds
  Import took 0.028549 seconds .

========================================================================
Received Import Request.
  Time since last request: 0.000565 seconds.
  path: Assets/Prefabs/Zones/Player/PlayerZone.prefab
  artifactKey: Guid(0e6b9b172a948534594b6e4b4a3d6245) Importer(815301076,1909f56bfc062723c751e8b465ee728b)
Start importing Assets/Prefabs/Zones/Player/PlayerZone.prefab using Guid(0e6b9b172a948534594b6e4b4a3d6245) Importer(815301076,1909f56bfc062723c751e8b465ee728b)  -> (artifact id: '9d79fab9d9567ddd88b0aaee375d395f') in 0.004491 seconds
  Import took 0.014416 seconds .

========================================================================
Received Import Request.
  Time since last request: 1.381152 seconds.
  path: Assets/Scenes/TitleScene.unity
  artifactKey: Guid(63f34e354ce4f5a4c9cab5ca9e05533c) Importer(815301076,1909f56bfc062723c751e8b465ee728b)
Start importing Assets/Scenes/TitleScene.unity using Guid(63f34e354ce4f5a4c9cab5ca9e05533c) Importer(815301076,1909f56bfc062723c751e8b465ee728b)  -> (artifact id: '20f50cc0d01a79a7e1683aaf31383061') in 0.002644 seconds
  Import took 0.012821 seconds .

========================================================================
Received Import Request.
  Time since last request: 19.593596 seconds.
  path: Assets/Scenes/NarrativeScene.unity
  artifactKey: Guid(e99842d984702db4fb525b2ddf0846a5) Importer(815301076,1909f56bfc062723c751e8b465ee728b)
Start importing Assets/Scenes/NarrativeScene.unity using Guid(e99842d984702db4fb525b2ddf0846a5) Importer(815301076,1909f56bfc062723c751e8b465ee728b)  -> (artifact id: 'b0c6e35481d13f4a966059f9deaa3a67') in 0.003014 seconds
  Import took 0.014006 seconds .

========================================================================
Received Import Request.
  Time since last request: 5.849320 seconds.
  path: Assets/Scenes/LoadingScene.unity
  artifactKey: Guid(88d7182e1eade5c4689da87029d22c9c) Importer(815301076,1909f56bfc062723c751e8b465ee728b)
Start importing Assets/Scenes/LoadingScene.unity using Guid(88d7182e1eade5c4689da87029d22c9c) Importer(815301076,1909f56bfc062723c751e8b465ee728b)  -> (artifact id: 'dde49275c4d86d539a2840ae2201e43c') in 0.002837 seconds
  Import took 0.014404 seconds .

========================================================================
Received Import Request.
  Time since last request: 89.827265 seconds.
  path: Assets/Scenes/DialogueScene.unity
  artifactKey: Guid(62debd2300ac4b344a782ffd79334c6f) Importer(815301076,1909f56bfc062723c751e8b465ee728b)
Start importing Assets/Scenes/DialogueScene.unity using Guid(62debd2300ac4b344a782ffd79334c6f) Importer(815301076,1909f56bfc062723c751e8b465ee728b)  -> (artifact id: '4b4cd39c7480e7ee3b82a3549aa37d98') in 0.006891 seconds
  Import took 0.015148 seconds .

========================================================================
Received Import Request.
  Time since last request: 40.498856 seconds.
  path: Assets/Scenes/HeroSelectScene.unity
  artifactKey: Guid(d36e93befefebfa44858021665aa2703) Importer(815301076,1909f56bfc062723c751e8b465ee728b)
Start importing Assets/Scenes/HeroSelectScene.unity using Guid(d36e93befefebfa44858021665aa2703) Importer(815301076,1909f56bfc062723c751e8b465ee728b)  -> (artifact id: '0f0de897c1030ea3335bdafa7ab19219') in 0.008214 seconds
  Import took 0.015261 seconds .

========================================================================
Received Import Request.
  Time since last request: 1.233446 seconds.
  path: Assets/Scenes/HomeBaseScene.unity
  artifactKey: Guid(422a3e4610391e140ab319c2b4947c5d) Importer(815301076,1909f56bfc062723c751e8b465ee728b)
Start importing Assets/Scenes/HomeBaseScene.unity using Guid(422a3e4610391e140ab319c2b4947c5d) Importer(815301076,1909f56bfc062723c751e8b465ee728b)  -> (artifact id: '83942b3efd54df60e9d929c058722340') in 0.002943 seconds
  Import took 0.010693 seconds .

========================================================================
Received Import Request.
  Time since last request: 85.582333 seconds.
  path: Assets/Scenes/DialogueScene.unity
  artifactKey: Guid(62debd2300ac4b344a782ffd79334c6f) Importer(815301076,1909f56bfc062723c751e8b465ee728b)
Start importing Assets/Scenes/DialogueScene.unity using Guid(62debd2300ac4b344a782ffd79334c6f) Importer(815301076,1909f56bfc062723c751e8b465ee728b)  -> (artifact id: '50de439a43acc28b956fe43f409d63f5') in 0.002927 seconds
  Import took 0.014169 seconds .

