Using pre-set license
Built from '2020.3/staging' branch; Version is '2020.3.5f1 (8095aa901b9b) revision 8426922'; Using compiler version '192528614'; Build Type 'Release'
OS: 'Windows 10 Home; OS build 19042.1110; Version 2009; 64bit' Language: 'en' Physical Memory: 16204 MB
BatchMode: 1, IsHumanControllingUs: 0, StartBugReporterOnCrash: 0, Is64bit: 1, IsPro: 0

 COMMAND LINE ARGUMENTS:
C:\Program Files\Unity\Hub\Editor\2020.3.5f1\Editor\Unity.exe
-adb2
-batchMode
-noUpm
-name
AssetImportWorker1
-projectPath
C:/Users/wgCob/OneDrive/Documents/Programming/Unity/Drifter (Unity 2D)
-logFile
Logs/AssetImportWorker1.log
-srvPort
52107
Successfully changed project path to: C:/Users/wgCob/OneDrive/Documents/Programming/Unity/Drifter (Unity 2D)
C:/Users/wgCob/OneDrive/Documents/Programming/Unity/Drifter (Unity 2D)
Using Asset Import Pipeline V2.
Refreshing native plugins compatible for Editor in 68.99 ms, found 1 plugins.
Preloading 0 native plugins for Editor in 0.00 ms.
Initialize engine version: 2020.3.5f1 (8095aa901b9b)
[Subsystems] Discovering subsystems at path C:/Program Files/Unity/Hub/Editor/2020.3.5f1/Editor/Data/Resources/UnitySubsystems
[Subsystems] Discovering subsystems at path C:/Users/wgCob/OneDrive/Documents/Programming/Unity/Drifter (Unity 2D)/Assets
GfxDevice: creating device client; threaded=0
Direct3D:
    Version:  Direct3D 11.0 [level 11.1]
    Renderer: NVIDIA GeForce RTX 2060 (ID=0x1f15)
    Vendor:   
    VRAM:     5980 MB
    Driver:   27.21.14.5167
Initialize mono
Mono path[0] = 'C:/Program Files/Unity/Hub/Editor/2020.3.5f1/Editor/Data/Managed'
Mono path[1] = 'C:/Program Files/Unity/Hub/Editor/2020.3.5f1/Editor/Data/MonoBleedingEdge/lib/mono/unityjit'
Mono config path = 'C:/Program Files/Unity/Hub/Editor/2020.3.5f1/Editor/Data/MonoBleedingEdge/etc'
Using monoOptions --debugger-agent=transport=dt_socket,embedding=1,server=y,suspend=n,address=127.0.0.1:56780
Begin MonoManager ReloadAssembly
Registering precompiled unity dll's ...
Register platform support module: C:/Program Files/Unity/Hub/Editor/2020.3.5f1/Editor/Data/PlaybackEngines/WindowsStandaloneSupport/UnityEditor.WindowsStandalone.Extensions.dll
Registered in 0.001965 seconds.
Native extension for WindowsStandalone target not found
Refreshing native plugins compatible for Editor in 76.10 ms, found 1 plugins.
Preloading 0 native plugins for Editor in 0.00 ms.
Mono: successfully reloaded assembly
- Completed reload, in  1.817 seconds
Platform modules already initialized, skipping
Registering precompiled user dll's ...
Registered in 0.001757 seconds.
Begin MonoManager ReloadAssembly
Native extension for WindowsStandalone target not found
Refreshing native plugins compatible for Editor in 76.32 ms, found 1 plugins.
Preloading 0 native plugins for Editor in 0.00 ms.
Mono: successfully reloaded assembly
- Completed reload, in  0.825 seconds
Platform modules already initialized, skipping
========================================================================
Worker process is ready to serve import requests
Launched and connected shader compiler UnityShaderCompiler.exe after 0.03 seconds
Refreshing native plugins compatible for Editor in 0.86 ms, found 1 plugins.
Preloading 0 native plugins for Editor in 0.00 ms.
Unloading 1901 Unused Serialized files (Serialized files now loaded: 0)
System memory in use before: 91.9 MB.
System memory in use after: 92.0 MB.

Unloading 18 unused Assets to reduce memory usage. Loaded Objects now: 2351.
Total: 2.533400 ms (FindLiveObjects: 0.206500 ms CreateObjectMapping: 0.086100 ms MarkObjects: 2.217900 ms  DeleteObjects: 0.021800 ms)

========================================================================
Received Import Request.
  path: Assets/Scenes/DialogueScene.unity
  artifactKey: Guid(62debd2300ac4b344a782ffd79334c6f) Importer(815301076,1909f56bfc062723c751e8b465ee728b)
Start importing Assets/Scenes/DialogueScene.unity using Guid(62debd2300ac4b344a782ffd79334c6f) Importer(815301076,1909f56bfc062723c751e8b465ee728b)  -> (artifact id: '5c3f89955be40c79cbb0df5834256105') in 0.011418 seconds
  Import took 0.016522 seconds .

========================================================================
Received Prepare
Registering precompiled user dll's ...
Registered in 0.002073 seconds.
Begin MonoManager ReloadAssembly
Native extension for WindowsStandalone target not found
Refreshing native plugins compatible for Editor in 0.91 ms, found 1 plugins.
Preloading 0 native plugins for Editor in 0.00 ms.
Mono: successfully reloaded assembly
- Completed reload, in  0.748 seconds
Platform modules already initialized, skipping
Refreshing native plugins compatible for Editor in 0.84 ms, found 1 plugins.
Preloading 0 native plugins for Editor in 0.00 ms.
Unloading 1879 Unused Serialized files (Serialized files now loaded: 0)
System memory in use before: 90.2 MB.
System memory in use after: 90.3 MB.

Unloading 8 unused Assets to reduce memory usage. Loaded Objects now: 2354.
Total: 1.835400 ms (FindLiveObjects: 0.226300 ms CreateObjectMapping: 0.068800 ms MarkObjects: 1.524200 ms  DeleteObjects: 0.015100 ms)

========================================================================
Received Prepare
Registering precompiled user dll's ...
Registered in 0.001560 seconds.
Begin MonoManager ReloadAssembly
Native extension for WindowsStandalone target not found
Refreshing native plugins compatible for Editor in 0.87 ms, found 1 plugins.
Preloading 0 native plugins for Editor in 0.00 ms.
Mono: successfully reloaded assembly
- Completed reload, in  0.756 seconds
Platform modules already initialized, skipping
Refreshing native plugins compatible for Editor in 0.80 ms, found 1 plugins.
Preloading 0 native plugins for Editor in 0.00 ms.
Unloading 1879 Unused Serialized files (Serialized files now loaded: 0)
System memory in use before: 90.3 MB.
System memory in use after: 90.4 MB.

Unloading 8 unused Assets to reduce memory usage. Loaded Objects now: 2357.
Total: 2.066400 ms (FindLiveObjects: 0.232800 ms CreateObjectMapping: 0.065300 ms MarkObjects: 1.754600 ms  DeleteObjects: 0.012900 ms)

========================================================================
Received Prepare
Registering precompiled user dll's ...
Registered in 0.001410 seconds.
Begin MonoManager ReloadAssembly
Native extension for WindowsStandalone target not found
Refreshing native plugins compatible for Editor in 0.78 ms, found 1 plugins.
Preloading 0 native plugins for Editor in 0.00 ms.
Mono: successfully reloaded assembly
- Completed reload, in  0.714 seconds
Platform modules already initialized, skipping
Refreshing native plugins compatible for Editor in 0.80 ms, found 1 plugins.
Preloading 0 native plugins for Editor in 0.00 ms.
Unloading 1879 Unused Serialized files (Serialized files now loaded: 0)
System memory in use before: 90.3 MB.
System memory in use after: 90.4 MB.

Unloading 8 unused Assets to reduce memory usage. Loaded Objects now: 2360.
Total: 2.182600 ms (FindLiveObjects: 0.379500 ms CreateObjectMapping: 0.163500 ms MarkObjects: 1.625700 ms  DeleteObjects: 0.012700 ms)

========================================================================
Received Prepare
Registering precompiled user dll's ...
Registered in 0.001662 seconds.
Begin MonoManager ReloadAssembly
Native extension for WindowsStandalone target not found
Refreshing native plugins compatible for Editor in 0.83 ms, found 1 plugins.
Preloading 0 native plugins for Editor in 0.00 ms.
Mono: successfully reloaded assembly
- Completed reload, in  0.705 seconds
Platform modules already initialized, skipping
Refreshing native plugins compatible for Editor in 0.79 ms, found 1 plugins.
Preloading 0 native plugins for Editor in 0.00 ms.
Unloading 1879 Unused Serialized files (Serialized files now loaded: 0)
System memory in use before: 90.3 MB.
System memory in use after: 90.4 MB.

Unloading 8 unused Assets to reduce memory usage. Loaded Objects now: 2363.
Total: 1.873800 ms (FindLiveObjects: 0.437200 ms CreateObjectMapping: 0.064900 ms MarkObjects: 1.358300 ms  DeleteObjects: 0.012600 ms)

========================================================================
Received Import Request.
  Time since last request: 367.574379 seconds.
  path: Assets/Scripts/Cards/Card Objects/Actions/Back-Alley Bargaining.asset
  artifactKey: Guid(2c2426100f4068b4a9381c4bd842fd2a) Importer(815301076,1909f56bfc062723c751e8b465ee728b)
Start importing Assets/Scripts/Cards/Card Objects/Actions/Back-Alley Bargaining.asset using Guid(2c2426100f4068b4a9381c4bd842fd2a) Importer(815301076,1909f56bfc062723c751e8b465ee728b)  -> (artifact id: 'bb0ea8bf182771b7946a2b08377da596') in 0.076101 seconds
  Import took 0.080835 seconds .

========================================================================
Received Import Request.
  Time since last request: 84.739421 seconds.
  path: Assets/Scripts/Cards/Card Objects/Actions/Back-Alley Bargaining.asset
  artifactKey: Guid(2c2426100f4068b4a9381c4bd842fd2a) Importer(815301076,1909f56bfc062723c751e8b465ee728b)
Start importing Assets/Scripts/Cards/Card Objects/Actions/Back-Alley Bargaining.asset using Guid(2c2426100f4068b4a9381c4bd842fd2a) Importer(815301076,1909f56bfc062723c751e8b465ee728b)  -> (artifact id: 'ca27172b9a716388563b2ec17c57b1d3') in 0.004108 seconds
  Import took 0.010218 seconds .

========================================================================
Received Import Request.
  Time since last request: 39.207078 seconds.
  path: Assets/Scripts/Cards/Card Objects/Actions/Back-Alley Bargaining.asset
  artifactKey: Guid(2c2426100f4068b4a9381c4bd842fd2a) Importer(815301076,1909f56bfc062723c751e8b465ee728b)
Start importing Assets/Scripts/Cards/Card Objects/Actions/Back-Alley Bargaining.asset using Guid(2c2426100f4068b4a9381c4bd842fd2a) Importer(815301076,1909f56bfc062723c751e8b465ee728b)  -> (artifact id: '9ed6d143329b2326952cad37607066e3') in 0.004159 seconds
  Import took 0.010288 seconds .

========================================================================
Received Prepare
Registering precompiled user dll's ...
Registered in 0.001513 seconds.
Begin MonoManager ReloadAssembly
Native extension for WindowsStandalone target not found
Refreshing native plugins compatible for Editor in 0.80 ms, found 1 plugins.
Preloading 0 native plugins for Editor in 0.00 ms.
Mono: successfully reloaded assembly
- Completed reload, in  0.729 seconds
Platform modules already initialized, skipping
Refreshing native plugins compatible for Editor in 0.82 ms, found 1 plugins.
Preloading 0 native plugins for Editor in 0.00 ms.
Unloading 1879 Unused Serialized files (Serialized files now loaded: 0)
System memory in use before: 90.3 MB.
System memory in use after: 90.4 MB.

Unloading 8 unused Assets to reduce memory usage. Loaded Objects now: 2366.
Total: 1.764200 ms (FindLiveObjects: 0.265700 ms CreateObjectMapping: 0.092800 ms MarkObjects: 1.391500 ms  DeleteObjects: 0.013400 ms)

========================================================================
Received Import Request.
  Time since last request: 2322.558841 seconds.
  path: Assets/Scripts/Managers/PlayerManager.cs
  artifactKey: Guid(56837211157733f4ab0231b6244edb92) Importer(815301076,1909f56bfc062723c751e8b465ee728b)
Start importing Assets/Scripts/Managers/PlayerManager.cs using Guid(56837211157733f4ab0231b6244edb92) Importer(815301076,1909f56bfc062723c751e8b465ee728b)  -> (artifact id: '1404916e0bb34e031bdffe3d932e8acc') in 0.027210 seconds
  Import took 0.035930 seconds .

========================================================================
Received Prepare
Registering precompiled user dll's ...
Registered in 0.001796 seconds.
Begin MonoManager ReloadAssembly
Native extension for WindowsStandalone target not found
Refreshing native plugins compatible for Editor in 0.96 ms, found 1 plugins.
Preloading 0 native plugins for Editor in 0.00 ms.
Mono: successfully reloaded assembly
- Completed reload, in  0.727 seconds
Platform modules already initialized, skipping
Refreshing native plugins compatible for Editor in 0.84 ms, found 1 plugins.
Preloading 0 native plugins for Editor in 0.00 ms.
Unloading 1879 Unused Serialized files (Serialized files now loaded: 0)
System memory in use before: 90.3 MB.
System memory in use after: 90.4 MB.

Unloading 8 unused Assets to reduce memory usage. Loaded Objects now: 2369.
Total: 2.313400 ms (FindLiveObjects: 0.501200 ms CreateObjectMapping: 0.201400 ms MarkObjects: 1.595700 ms  DeleteObjects: 0.013900 ms)

========================================================================
Received Import Request.
  Time since last request: 1043.181881 seconds.
  path: Assets/Scenes/DialogueScene.unity
  artifactKey: Guid(62debd2300ac4b344a782ffd79334c6f) Importer(815301076,1909f56bfc062723c751e8b465ee728b)
Start importing Assets/Scenes/DialogueScene.unity using Guid(62debd2300ac4b344a782ffd79334c6f) Importer(815301076,1909f56bfc062723c751e8b465ee728b)  -> (artifact id: 'f0f8de7a10f4f8602b7f45e8da2c33ca') in 0.014384 seconds
  Import took 0.023022 seconds .

========================================================================
Received Prepare
Registering precompiled user dll's ...
Registered in 0.001625 seconds.
Begin MonoManager ReloadAssembly
Native extension for WindowsStandalone target not found
Refreshing native plugins compatible for Editor in 0.77 ms, found 1 plugins.
Preloading 0 native plugins for Editor in 0.00 ms.
Mono: successfully reloaded assembly
- Completed reload, in  0.737 seconds
Platform modules already initialized, skipping
Refreshing native plugins compatible for Editor in 1.07 ms, found 1 plugins.
Preloading 0 native plugins for Editor in 0.00 ms.
Unloading 1879 Unused Serialized files (Serialized files now loaded: 0)
System memory in use before: 90.4 MB.
System memory in use after: 90.5 MB.

Unloading 8 unused Assets to reduce memory usage. Loaded Objects now: 2372.
Total: 2.385500 ms (FindLiveObjects: 0.301000 ms CreateObjectMapping: 0.095200 ms MarkObjects: 1.974600 ms  DeleteObjects: 0.013800 ms)

========================================================================
Received Import Request.
  Time since last request: 345.879817 seconds.
  path: Assets/Prefabs/UI/NewCardPopup.prefab
  artifactKey: Guid(714f7388dd6b5ac46b6fcfef80e419f0) Importer(815301076,1909f56bfc062723c751e8b465ee728b)
Start importing Assets/Prefabs/UI/NewCardPopup.prefab using Guid(714f7388dd6b5ac46b6fcfef80e419f0) Importer(815301076,1909f56bfc062723c751e8b465ee728b)  -> (artifact id: '66c499789f93fcbdce55a18db92e0455') in 0.094340 seconds
  Import took 0.102555 seconds .

========================================================================
Received Prepare
Registering precompiled user dll's ...
Registered in 0.001481 seconds.
Begin MonoManager ReloadAssembly
Native extension for WindowsStandalone target not found
Refreshing native plugins compatible for Editor in 1.10 ms, found 1 plugins.
Preloading 0 native plugins for Editor in 0.00 ms.
Mono: successfully reloaded assembly
- Completed reload, in  0.739 seconds
Platform modules already initialized, skipping
Refreshing native plugins compatible for Editor in 0.79 ms, found 1 plugins.
Preloading 0 native plugins for Editor in 0.00 ms.
Unloading 1879 Unused Serialized files (Serialized files now loaded: 0)
System memory in use before: 90.6 MB.
System memory in use after: 90.7 MB.

Unloading 8 unused Assets to reduce memory usage. Loaded Objects now: 2375.
Total: 4.321300 ms (FindLiveObjects: 1.140200 ms CreateObjectMapping: 0.174300 ms MarkObjects: 2.931900 ms  DeleteObjects: 0.072700 ms)

========================================================================
Received Import Request.
  Time since last request: 46.988960 seconds.
  path: Assets/Prefabs/UI/NewCardPopup.prefab
  artifactKey: Guid(714f7388dd6b5ac46b6fcfef80e419f0) Importer(815301076,1909f56bfc062723c751e8b465ee728b)
Start importing Assets/Prefabs/UI/NewCardPopup.prefab using Guid(714f7388dd6b5ac46b6fcfef80e419f0) Importer(815301076,1909f56bfc062723c751e8b465ee728b)  -> (artifact id: 'b17a411d0ad6550e92f3ee281d1710b7') in 0.078501 seconds
  Import took 0.113383 seconds .

========================================================================
Received Prepare
Registering precompiled user dll's ...
Registered in 0.001472 seconds.
Begin MonoManager ReloadAssembly
Native extension for WindowsStandalone target not found
Refreshing native plugins compatible for Editor in 0.77 ms, found 1 plugins.
Preloading 0 native plugins for Editor in 0.00 ms.
Mono: successfully reloaded assembly
- Completed reload, in  0.742 seconds
Platform modules already initialized, skipping
Refreshing native plugins compatible for Editor in 0.81 ms, found 1 plugins.
Preloading 0 native plugins for Editor in 0.00 ms.
Unloading 1879 Unused Serialized files (Serialized files now loaded: 0)
System memory in use before: 90.6 MB.
System memory in use after: 90.7 MB.

Unloading 8 unused Assets to reduce memory usage. Loaded Objects now: 2378.
Total: 2.023700 ms (FindLiveObjects: 0.321800 ms CreateObjectMapping: 0.093900 ms MarkObjects: 1.589400 ms  DeleteObjects: 0.017300 ms)

========================================================================
Received Prepare
Registering precompiled user dll's ...
Registered in 0.001671 seconds.
Begin MonoManager ReloadAssembly
Native extension for WindowsStandalone target not found
Refreshing native plugins compatible for Editor in 0.79 ms, found 1 plugins.
Preloading 0 native plugins for Editor in 0.00 ms.
Mono: successfully reloaded assembly
- Completed reload, in  0.709 seconds
Platform modules already initialized, skipping
Refreshing native plugins compatible for Editor in 0.80 ms, found 1 plugins.
Preloading 0 native plugins for Editor in 0.00 ms.
Unloading 1879 Unused Serialized files (Serialized files now loaded: 0)
System memory in use before: 90.6 MB.
System memory in use after: 90.7 MB.

Unloading 8 unused Assets to reduce memory usage. Loaded Objects now: 2381.
Total: 2.150200 ms (FindLiveObjects: 0.291500 ms CreateObjectMapping: 0.164900 ms MarkObjects: 1.677200 ms  DeleteObjects: 0.014400 ms)

========================================================================
Received Import Request.
  Time since last request: 542.732627 seconds.
  path: Assets/Prefabs/UI/NewCardPopup.prefab
  artifactKey: Guid(714f7388dd6b5ac46b6fcfef80e419f0) Importer(815301076,1909f56bfc062723c751e8b465ee728b)
Start importing Assets/Prefabs/UI/NewCardPopup.prefab using Guid(714f7388dd6b5ac46b6fcfef80e419f0) Importer(815301076,1909f56bfc062723c751e8b465ee728b)  -> (artifact id: '4e2881785b88e9c12a85b3a1c6d0d1d4') in 0.077287 seconds
  Import took 0.087046 seconds .

========================================================================
Received Prepare
Registering precompiled user dll's ...
Registered in 0.001661 seconds.
Begin MonoManager ReloadAssembly
Native extension for WindowsStandalone target not found
Refreshing native plugins compatible for Editor in 1.23 ms, found 1 plugins.
Preloading 0 native plugins for Editor in 0.00 ms.
Mono: successfully reloaded assembly
- Completed reload, in  0.728 seconds
Platform modules already initialized, skipping
Refreshing native plugins compatible for Editor in 0.82 ms, found 1 plugins.
Preloading 0 native plugins for Editor in 0.00 ms.
Unloading 1879 Unused Serialized files (Serialized files now loaded: 0)
System memory in use before: 90.6 MB.
System memory in use after: 90.7 MB.

Unloading 8 unused Assets to reduce memory usage. Loaded Objects now: 2384.
Total: 2.102300 ms (FindLiveObjects: 0.261100 ms CreateObjectMapping: 0.096400 ms MarkObjects: 1.727800 ms  DeleteObjects: 0.016100 ms)

========================================================================
Received Import Request.
  Time since last request: 116.988829 seconds.
  path: Assets/Prefabs/UI/NewCardPopup.prefab
  artifactKey: Guid(714f7388dd6b5ac46b6fcfef80e419f0) Importer(815301076,1909f56bfc062723c751e8b465ee728b)
Start importing Assets/Prefabs/UI/NewCardPopup.prefab using Guid(714f7388dd6b5ac46b6fcfef80e419f0) Importer(815301076,1909f56bfc062723c751e8b465ee728b)  -> (artifact id: 'cb7c1cb749ff88a810aa532c33f376c5') in 0.079120 seconds
  Import took 0.089034 seconds .

========================================================================
Received Prepare
Registering precompiled user dll's ...
Registered in 0.001552 seconds.
Begin MonoManager ReloadAssembly
Native extension for WindowsStandalone target not found
Refreshing native plugins compatible for Editor in 1.01 ms, found 1 plugins.
Preloading 0 native plugins for Editor in 0.00 ms.
Mono: successfully reloaded assembly
- Completed reload, in  0.730 seconds
Platform modules already initialized, skipping
Refreshing native plugins compatible for Editor in 0.93 ms, found 1 plugins.
Preloading 0 native plugins for Editor in 0.00 ms.
Unloading 1879 Unused Serialized files (Serialized files now loaded: 0)
System memory in use before: 90.6 MB.
System memory in use after: 90.7 MB.

Unloading 8 unused Assets to reduce memory usage. Loaded Objects now: 2387.
Total: 1.941700 ms (FindLiveObjects: 0.259400 ms CreateObjectMapping: 0.088000 ms MarkObjects: 1.565200 ms  DeleteObjects: 0.028000 ms)

========================================================================
Received Prepare
Registering precompiled user dll's ...
Registered in 0.001487 seconds.
Begin MonoManager ReloadAssembly
Native extension for WindowsStandalone target not found
Refreshing native plugins compatible for Editor in 0.81 ms, found 1 plugins.
Preloading 0 native plugins for Editor in 0.00 ms.
Mono: successfully reloaded assembly
- Completed reload, in  0.713 seconds
Platform modules already initialized, skipping
Refreshing native plugins compatible for Editor in 0.87 ms, found 1 plugins.
Preloading 0 native plugins for Editor in 0.00 ms.
Unloading 1879 Unused Serialized files (Serialized files now loaded: 0)
System memory in use before: 90.6 MB.
System memory in use after: 90.7 MB.

Unloading 8 unused Assets to reduce memory usage. Loaded Objects now: 2390.
Total: 2.205300 ms (FindLiveObjects: 0.332400 ms CreateObjectMapping: 0.282100 ms MarkObjects: 1.576000 ms  DeleteObjects: 0.013700 ms)

========================================================================
Received Import Request.
  Time since last request: 41.484334 seconds.
  path: Assets/Prefabs/UI/NewCardPopup.prefab
  artifactKey: Guid(714f7388dd6b5ac46b6fcfef80e419f0) Importer(815301076,1909f56bfc062723c751e8b465ee728b)
Start importing Assets/Prefabs/UI/NewCardPopup.prefab using Guid(714f7388dd6b5ac46b6fcfef80e419f0) Importer(815301076,1909f56bfc062723c751e8b465ee728b)  -> (artifact id: '69ba9126f0867458f37e0934d23806b6') in 0.077563 seconds
  Import took 0.086782 seconds .

========================================================================
Received Prepare
Registering precompiled user dll's ...
Registered in 0.001447 seconds.
Begin MonoManager ReloadAssembly
Native extension for WindowsStandalone target not found
Refreshing native plugins compatible for Editor in 1.53 ms, found 1 plugins.
Preloading 0 native plugins for Editor in 0.00 ms.
Mono: successfully reloaded assembly
- Completed reload, in  0.733 seconds
Platform modules already initialized, skipping
Refreshing native plugins compatible for Editor in 0.83 ms, found 1 plugins.
Preloading 0 native plugins for Editor in 0.00 ms.
Unloading 1879 Unused Serialized files (Serialized files now loaded: 0)
System memory in use before: 90.6 MB.
System memory in use after: 90.7 MB.

Unloading 8 unused Assets to reduce memory usage. Loaded Objects now: 2393.
Total: 2.085200 ms (FindLiveObjects: 0.168600 ms CreateObjectMapping: 0.060700 ms MarkObjects: 1.840600 ms  DeleteObjects: 0.013900 ms)

========================================================================
Received Prepare
Registering precompiled user dll's ...
Registered in 0.001728 seconds.
Begin MonoManager ReloadAssembly
Native extension for WindowsStandalone target not found
Refreshing native plugins compatible for Editor in 0.82 ms, found 1 plugins.
Preloading 0 native plugins for Editor in 0.00 ms.
Mono: successfully reloaded assembly
- Completed reload, in  0.752 seconds
Platform modules already initialized, skipping
Refreshing native plugins compatible for Editor in 0.81 ms, found 1 plugins.
Preloading 0 native plugins for Editor in 0.00 ms.
Unloading 1879 Unused Serialized files (Serialized files now loaded: 0)
System memory in use before: 90.6 MB.
System memory in use after: 90.8 MB.

Unloading 8 unused Assets to reduce memory usage. Loaded Objects now: 2396.
Total: 2.193000 ms (FindLiveObjects: 0.358900 ms CreateObjectMapping: 0.101800 ms MarkObjects: 1.718100 ms  DeleteObjects: 0.013500 ms)

========================================================================
Received Import Request.
  Time since last request: 566.210573 seconds.
  path: Assets/Prefabs/UI/NewCardPopup.prefab
  artifactKey: Guid(714f7388dd6b5ac46b6fcfef80e419f0) Importer(815301076,1909f56bfc062723c751e8b465ee728b)
Start importing Assets/Prefabs/UI/NewCardPopup.prefab using Guid(714f7388dd6b5ac46b6fcfef80e419f0) Importer(815301076,1909f56bfc062723c751e8b465ee728b)  -> (artifact id: '7bca727789eefb0ac0fdec1e855b8974') in 0.142814 seconds
  Import took 0.151962 seconds .

========================================================================
Received Prepare
Registering precompiled user dll's ...
Registered in 0.001458 seconds.
Begin MonoManager ReloadAssembly
Native extension for WindowsStandalone target not found
Refreshing native plugins compatible for Editor in 0.79 ms, found 1 plugins.
Preloading 0 native plugins for Editor in 0.00 ms.
Mono: successfully reloaded assembly
- Completed reload, in  0.731 seconds
Platform modules already initialized, skipping
Refreshing native plugins compatible for Editor in 0.82 ms, found 1 plugins.
Preloading 0 native plugins for Editor in 0.00 ms.
Unloading 1879 Unused Serialized files (Serialized files now loaded: 0)
System memory in use before: 90.7 MB.
System memory in use after: 90.8 MB.

Unloading 8 unused Assets to reduce memory usage. Loaded Objects now: 2399.
Total: 1.893600 ms (FindLiveObjects: 0.211900 ms CreateObjectMapping: 0.078800 ms MarkObjects: 1.589500 ms  DeleteObjects: 0.012500 ms)

========================================================================
Received Import Request.
  Time since last request: 48.934190 seconds.
  path: Assets/Prefabs/UI/NewCardPopup.prefab
  artifactKey: Guid(714f7388dd6b5ac46b6fcfef80e419f0) Importer(815301076,1909f56bfc062723c751e8b465ee728b)
Start importing Assets/Prefabs/UI/NewCardPopup.prefab using Guid(714f7388dd6b5ac46b6fcfef80e419f0) Importer(815301076,1909f56bfc062723c751e8b465ee728b)  -> (artifact id: '50855881ae888024d0c35f6500bd6be6') in 0.079544 seconds
  Import took 0.087601 seconds .

========================================================================
Received Import Request.
  Time since last request: 0.002403 seconds.
  path: Assets/Prefabs/UI/NewCardPopup.prefab
  artifactKey: Guid(714f7388dd6b5ac46b6fcfef80e419f0) Importer(815301076,1909f56bfc062723c751e8b465ee728b)
Start importing Assets/Prefabs/UI/NewCardPopup.prefab using Guid(714f7388dd6b5ac46b6fcfef80e419f0) Importer(815301076,1909f56bfc062723c751e8b465ee728b)  -> (artifact id: '50855881ae888024d0c35f6500bd6be6') in 0.031501 seconds
  Import took 0.040328 seconds .

========================================================================
Received Prepare
Registering precompiled user dll's ...
Registered in 0.001456 seconds.
Begin MonoManager ReloadAssembly
Native extension for WindowsStandalone target not found
Refreshing native plugins compatible for Editor in 0.90 ms, found 1 plugins.
Preloading 0 native plugins for Editor in 0.00 ms.
Mono: successfully reloaded assembly
- Completed reload, in  0.712 seconds
Platform modules already initialized, skipping
Refreshing native plugins compatible for Editor in 0.80 ms, found 1 plugins.
Preloading 0 native plugins for Editor in 0.00 ms.
Unloading 1879 Unused Serialized files (Serialized files now loaded: 0)
System memory in use before: 90.7 MB.
System memory in use after: 90.8 MB.

Unloading 8 unused Assets to reduce memory usage. Loaded Objects now: 2402.
Total: 2.203000 ms (FindLiveObjects: 0.296500 ms CreateObjectMapping: 0.080300 ms MarkObjects: 1.812100 ms  DeleteObjects: 0.013200 ms)

========================================================================
Received Prepare
Registering precompiled user dll's ...
Registered in 0.001562 seconds.
Begin MonoManager ReloadAssembly
Native extension for WindowsStandalone target not found
Refreshing native plugins compatible for Editor in 0.89 ms, found 1 plugins.
Preloading 0 native plugins for Editor in 0.00 ms.
Mono: successfully reloaded assembly
- Completed reload, in  0.711 seconds
Platform modules already initialized, skipping
Refreshing native plugins compatible for Editor in 0.82 ms, found 1 plugins.
Preloading 0 native plugins for Editor in 0.00 ms.
Unloading 1879 Unused Serialized files (Serialized files now loaded: 0)
System memory in use before: 90.7 MB.
System memory in use after: 90.8 MB.

Unloading 8 unused Assets to reduce memory usage. Loaded Objects now: 2405.
Total: 2.109800 ms (FindLiveObjects: 0.275400 ms CreateObjectMapping: 0.126300 ms MarkObjects: 1.694600 ms  DeleteObjects: 0.012600 ms)

========================================================================
Received Prepare
Registering precompiled user dll's ...
Registered in 0.001957 seconds.
Begin MonoManager ReloadAssembly
Native extension for WindowsStandalone target not found
Refreshing native plugins compatible for Editor in 0.87 ms, found 1 plugins.
Preloading 0 native plugins for Editor in 0.00 ms.
Mono: successfully reloaded assembly
- Completed reload, in  0.746 seconds
Platform modules already initialized, skipping
Refreshing native plugins compatible for Editor in 0.79 ms, found 1 plugins.
Preloading 0 native plugins for Editor in 0.00 ms.
Unloading 1879 Unused Serialized files (Serialized files now loaded: 0)
System memory in use before: 90.7 MB.
System memory in use after: 90.8 MB.

Unloading 8 unused Assets to reduce memory usage. Loaded Objects now: 2408.
Total: 2.341900 ms (FindLiveObjects: 0.430600 ms CreateObjectMapping: 0.064400 ms MarkObjects: 1.831500 ms  DeleteObjects: 0.014400 ms)

========================================================================
Received Prepare
Registering precompiled user dll's ...
Registered in 0.001544 seconds.
Begin MonoManager ReloadAssembly
Native extension for WindowsStandalone target not found
Refreshing native plugins compatible for Editor in 0.83 ms, found 1 plugins.
Preloading 0 native plugins for Editor in 0.00 ms.
Mono: successfully reloaded assembly
- Completed reload, in  0.735 seconds
Platform modules already initialized, skipping
Refreshing native plugins compatible for Editor in 0.82 ms, found 1 plugins.
Preloading 0 native plugins for Editor in 0.00 ms.
Unloading 1879 Unused Serialized files (Serialized files now loaded: 0)
System memory in use before: 90.7 MB.
System memory in use after: 90.8 MB.

Unloading 8 unused Assets to reduce memory usage. Loaded Objects now: 2411.
Total: 2.096300 ms (FindLiveObjects: 0.197700 ms CreateObjectMapping: 0.066600 ms MarkObjects: 1.815500 ms  DeleteObjects: 0.015300 ms)

========================================================================
Received Prepare
Registering precompiled user dll's ...
Registered in 0.001453 seconds.
Begin MonoManager ReloadAssembly
Native extension for WindowsStandalone target not found
Refreshing native plugins compatible for Editor in 0.90 ms, found 1 plugins.
Preloading 0 native plugins for Editor in 0.00 ms.
Mono: successfully reloaded assembly
- Completed reload, in  0.738 seconds
Platform modules already initialized, skipping
Refreshing native plugins compatible for Editor in 0.98 ms, found 1 plugins.
Preloading 0 native plugins for Editor in 0.00 ms.
Unloading 1879 Unused Serialized files (Serialized files now loaded: 0)
System memory in use before: 90.7 MB.
System memory in use after: 90.8 MB.

Unloading 8 unused Assets to reduce memory usage. Loaded Objects now: 2414.
Total: 1.745900 ms (FindLiveObjects: 0.226600 ms CreateObjectMapping: 0.088800 ms MarkObjects: 1.415500 ms  DeleteObjects: 0.013600 ms)

