Using pre-set license
Built from '2020.3/staging' branch; Version is '2020.3.5f1 (8095aa901b9b) revision 8426922'; Using compiler version '192528614'; Build Type 'Release'
OS: 'Windows 10 Home; OS build 19042.1110; Version 2009; 64bit' Language: 'en' Physical Memory: 16204 MB
BatchMode: 1, IsHumanControllingUs: 0, StartBugReporterOnCrash: 0, Is64bit: 1, IsPro: 0

 COMMAND LINE ARGUMENTS:
C:\Program Files\Unity\Hub\Editor\2020.3.5f1\Editor\Unity.exe
-adb2
-batchMode
-noUpm
-name
AssetImportWorker1
-projectPath
C:/Users/wgCob/OneDrive/Documents/Programming/Unity/Drifter (Unity 2D)
-logFile
Logs/AssetImportWorker1.log
-srvPort
53992
Successfully changed project path to: C:/Users/wgCob/OneDrive/Documents/Programming/Unity/Drifter (Unity 2D)
C:/Users/wgCob/OneDrive/Documents/Programming/Unity/Drifter (Unity 2D)
Using Asset Import Pipeline V2.
Refreshing native plugins compatible for Editor in 62.43 ms, found 1 plugins.
Preloading 0 native plugins for Editor in 0.00 ms.
Initialize engine version: 2020.3.5f1 (8095aa901b9b)
[Subsystems] Discovering subsystems at path C:/Program Files/Unity/Hub/Editor/2020.3.5f1/Editor/Data/Resources/UnitySubsystems
[Subsystems] Discovering subsystems at path C:/Users/wgCob/OneDrive/Documents/Programming/Unity/Drifter (Unity 2D)/Assets
GfxDevice: creating device client; threaded=0
Direct3D:
    Version:  Direct3D 11.0 [level 11.1]
    Renderer: NVIDIA GeForce RTX 2060 (ID=0x1f15)
    Vendor:   
    VRAM:     5980 MB
    Driver:   27.21.14.5167
Initialize mono
Mono path[0] = 'C:/Program Files/Unity/Hub/Editor/2020.3.5f1/Editor/Data/Managed'
Mono path[1] = 'C:/Program Files/Unity/Hub/Editor/2020.3.5f1/Editor/Data/MonoBleedingEdge/lib/mono/unityjit'
Mono config path = 'C:/Program Files/Unity/Hub/Editor/2020.3.5f1/Editor/Data/MonoBleedingEdge/etc'
Using monoOptions --debugger-agent=transport=dt_socket,embedding=1,server=y,suspend=n,address=127.0.0.1:56724
Begin MonoManager ReloadAssembly
Registering precompiled unity dll's ...
Register platform support module: C:/Program Files/Unity/Hub/Editor/2020.3.5f1/Editor/Data/PlaybackEngines/WindowsStandaloneSupport/UnityEditor.WindowsStandalone.Extensions.dll
Registered in 0.001865 seconds.
Native extension for WindowsStandalone target not found
Refreshing native plugins compatible for Editor in 67.91 ms, found 1 plugins.
Preloading 0 native plugins for Editor in 0.00 ms.
Mono: successfully reloaded assembly
- Completed reload, in  4.004 seconds
Platform modules already initialized, skipping
Registering precompiled user dll's ...
Registered in 0.001418 seconds.
Begin MonoManager ReloadAssembly
Native extension for WindowsStandalone target not found
Refreshing native plugins compatible for Editor in 68.44 ms, found 1 plugins.
Preloading 0 native plugins for Editor in 0.00 ms.
Mono: successfully reloaded assembly
- Completed reload, in  0.825 seconds
Platform modules already initialized, skipping
========================================================================
Worker process is ready to serve import requests
Launched and connected shader compiler UnityShaderCompiler.exe after 0.05 seconds
Refreshing native plugins compatible for Editor in 0.75 ms, found 1 plugins.
Preloading 0 native plugins for Editor in 0.00 ms.
Unloading 1900 Unused Serialized files (Serialized files now loaded: 0)
System memory in use before: 91.9 MB.
System memory in use after: 92.0 MB.

Unloading 18 unused Assets to reduce memory usage. Loaded Objects now: 2350.
Total: 1.761000 ms (FindLiveObjects: 0.221500 ms CreateObjectMapping: 0.132100 ms MarkObjects: 1.386100 ms  DeleteObjects: 0.019700 ms)

========================================================================
Received Import Request.
  path: Assets/Scripts/Heroes/Hero Objects/Heroes/Enemy Heroes/Mutant Alpha/Reinforcements/Mut_Alp_1.asset
  artifactKey: Guid(4c650c0c824e9974a9a5df512d163550) Importer(815301076,1909f56bfc062723c751e8b465ee728b)
Start importing Assets/Scripts/Heroes/Hero Objects/Heroes/Enemy Heroes/Mutant Alpha/Reinforcements/Mut_Alp_1.asset using Guid(4c650c0c824e9974a9a5df512d163550) Importer(815301076,1909f56bfc062723c751e8b465ee728b)  -> (artifact id: '1e37513ebedf49ad9b128d5ad7be85ff') in 0.077218 seconds
  Import took 0.092300 seconds .

========================================================================
Received Import Request.
  Time since last request: 18.857455 seconds.
  path: Assets/Scripts/Heroes/Hero Objects/Heroes/Enemy Heroes/Mutant Alpha/Reinforcements/Mut_Alp_1.asset
  artifactKey: Guid(4c650c0c824e9974a9a5df512d163550) Importer(815301076,1909f56bfc062723c751e8b465ee728b)
Start importing Assets/Scripts/Heroes/Hero Objects/Heroes/Enemy Heroes/Mutant Alpha/Reinforcements/Mut_Alp_1.asset using Guid(4c650c0c824e9974a9a5df512d163550) Importer(815301076,1909f56bfc062723c751e8b465ee728b)  -> (artifact id: 'ffee8ddc45a605166874f0f3153dbb43') in 0.015445 seconds
  Import took 0.022649 seconds .

========================================================================
Received Import Request.
  Time since last request: 4.542347 seconds.
  path: Assets/Scripts/Heroes/Hero Objects/Heroes/Enemy Heroes/Mega-Corp Operative/Reinforcements/Meg_Op_1.asset
  artifactKey: Guid(8f4252c17cfcafd44a75600f0869a1ca) Importer(815301076,1909f56bfc062723c751e8b465ee728b)
Start importing Assets/Scripts/Heroes/Hero Objects/Heroes/Enemy Heroes/Mega-Corp Operative/Reinforcements/Meg_Op_1.asset using Guid(8f4252c17cfcafd44a75600f0869a1ca) Importer(815301076,1909f56bfc062723c751e8b465ee728b)  -> (artifact id: 'bd747035717b505c57063b35c952055c') in 0.024190 seconds
  Import took 0.032959 seconds .

========================================================================
Received Import Request.
  Time since last request: 12.417724 seconds.
  path: Assets/Scripts/Heroes/Hero Objects/Heroes/Enemy Heroes/Mega-Corp Operative/Reinforcements/Meg_Op_1.asset
  artifactKey: Guid(8f4252c17cfcafd44a75600f0869a1ca) Importer(815301076,1909f56bfc062723c751e8b465ee728b)
Start importing Assets/Scripts/Heroes/Hero Objects/Heroes/Enemy Heroes/Mega-Corp Operative/Reinforcements/Meg_Op_1.asset using Guid(8f4252c17cfcafd44a75600f0869a1ca) Importer(815301076,1909f56bfc062723c751e8b465ee728b)  -> (artifact id: 'd8c437d8ee4f1327d5587fc73088ca0a') in 0.017497 seconds
  Import took 0.024954 seconds .

========================================================================
Received Import Request.
  Time since last request: 2.188209 seconds.
  path: Assets/Scripts/Heroes/Hero Objects/Heroes/Enemy Heroes/Mega-Corp Operative/Reinforcements/Meg_Op_1.asset
  artifactKey: Guid(8f4252c17cfcafd44a75600f0869a1ca) Importer(815301076,1909f56bfc062723c751e8b465ee728b)
Start importing Assets/Scripts/Heroes/Hero Objects/Heroes/Enemy Heroes/Mega-Corp Operative/Reinforcements/Meg_Op_1.asset using Guid(8f4252c17cfcafd44a75600f0869a1ca) Importer(815301076,1909f56bfc062723c751e8b465ee728b)  -> (artifact id: '3045b161243904535e61aa7cbcdb2f2d') in 0.016095 seconds
  Import took 0.024739 seconds .

========================================================================
Received Import Request.
  Time since last request: 123.864699 seconds.
  path: Assets/Prefabs/Cards/Unit Card/Unit Card Popups/AbilityPopup.prefab
  artifactKey: Guid(fec2d97833bbcc441874baf0490606f3) Importer(815301076,1909f56bfc062723c751e8b465ee728b)
Start importing Assets/Prefabs/Cards/Unit Card/Unit Card Popups/AbilityPopup.prefab using Guid(fec2d97833bbcc441874baf0490606f3) Importer(815301076,1909f56bfc062723c751e8b465ee728b)  -> (artifact id: 'cb2b3e9888bc7042e578e291d571da0c') in 0.138884 seconds
  Import took 0.146231 seconds .

========================================================================
Received Prepare
Registering precompiled user dll's ...
Registered in 0.001437 seconds.
Begin MonoManager ReloadAssembly
Native extension for WindowsStandalone target not found
Refreshing native plugins compatible for Editor in 1.16 ms, found 1 plugins.
Preloading 0 native plugins for Editor in 0.00 ms.
Mono: successfully reloaded assembly
- Completed reload, in  0.738 seconds
Platform modules already initialized, skipping
Refreshing native plugins compatible for Editor in 0.80 ms, found 1 plugins.
Preloading 0 native plugins for Editor in 0.00 ms.
Unloading 1878 Unused Serialized files (Serialized files now loaded: 0)
System memory in use before: 93.5 MB.
System memory in use after: 93.7 MB.

Unloading 8 unused Assets to reduce memory usage. Loaded Objects now: 2360.
Total: 2.135700 ms (FindLiveObjects: 0.176800 ms CreateObjectMapping: 0.067300 ms MarkObjects: 1.862800 ms  DeleteObjects: 0.013200 ms)

========================================================================
Received Import Request.
  Time since last request: 21.743905 seconds.
  path: Assets/Prefabs/Cards/Unit Card/Unit Card Popups/ZoomAbilityIcon.prefab
  artifactKey: Guid(f0247b52cb371f84f9c5bc28522f5274) Importer(815301076,1909f56bfc062723c751e8b465ee728b)
Start importing Assets/Prefabs/Cards/Unit Card/Unit Card Popups/ZoomAbilityIcon.prefab using Guid(f0247b52cb371f84f9c5bc28522f5274) Importer(815301076,1909f56bfc062723c751e8b465ee728b)  -> (artifact id: '5c211de3c26e96ec320a9e3df451b8ce') in 0.123600 seconds
  Import took 0.132154 seconds .

========================================================================
Received Import Request.
  Time since last request: 187.141852 seconds.
  path: Assets/Prefabs/Cards/Unit Card/Unit Card Popups/ZoomAbilityIcon.prefab
  artifactKey: Guid(f0247b52cb371f84f9c5bc28522f5274) Importer(815301076,1909f56bfc062723c751e8b465ee728b)
Start importing Assets/Prefabs/Cards/Unit Card/Unit Card Popups/ZoomAbilityIcon.prefab using Guid(f0247b52cb371f84f9c5bc28522f5274) Importer(815301076,1909f56bfc062723c751e8b465ee728b)  -> (artifact id: '5ec64d55bd342c03207c8cbc93be54cf') in 0.032001 seconds
  Import took 0.039585 seconds .

========================================================================
Received Prepare
Registering precompiled user dll's ...
Registered in 0.001604 seconds.
Begin MonoManager ReloadAssembly
Native extension for WindowsStandalone target not found
Refreshing native plugins compatible for Editor in 0.79 ms, found 1 plugins.
Preloading 0 native plugins for Editor in 0.00 ms.
Mono: successfully reloaded assembly
- Completed reload, in  0.734 seconds
Platform modules already initialized, skipping
Refreshing native plugins compatible for Editor in 0.73 ms, found 1 plugins.
Preloading 0 native plugins for Editor in 0.00 ms.
Unloading 1878 Unused Serialized files (Serialized files now loaded: 0)
System memory in use before: 93.6 MB.
System memory in use after: 93.7 MB.

Unloading 8 unused Assets to reduce memory usage. Loaded Objects now: 2364.
Total: 1.808600 ms (FindLiveObjects: 0.308800 ms CreateObjectMapping: 0.067300 ms MarkObjects: 1.396400 ms  DeleteObjects: 0.035200 ms)

========================================================================
Received Import Request.
  Time since last request: 18.026172 seconds.
  path: Assets/Prefabs/Cards/Unit Card/Unit Card Popups/AbilityPopup.prefab
  artifactKey: Guid(fec2d97833bbcc441874baf0490606f3) Importer(815301076,1909f56bfc062723c751e8b465ee728b)
Start importing Assets/Prefabs/Cards/Unit Card/Unit Card Popups/AbilityPopup.prefab using Guid(fec2d97833bbcc441874baf0490606f3) Importer(815301076,1909f56bfc062723c751e8b465ee728b)  -> (artifact id: '54e29fd0633859f4608d6c9af14be9c2') in 0.105923 seconds
  Import took 0.114311 seconds .

========================================================================
Received Prepare
Registering precompiled user dll's ...
Registered in 0.001420 seconds.
Begin MonoManager ReloadAssembly
Native extension for WindowsStandalone target not found
Refreshing native plugins compatible for Editor in 0.71 ms, found 1 plugins.
Preloading 0 native plugins for Editor in 0.00 ms.
Mono: successfully reloaded assembly
- Completed reload, in  0.723 seconds
Platform modules already initialized, skipping
Refreshing native plugins compatible for Editor in 0.73 ms, found 1 plugins.
Preloading 0 native plugins for Editor in 0.00 ms.
Unloading 1878 Unused Serialized files (Serialized files now loaded: 0)
System memory in use before: 93.6 MB.
System memory in use after: 93.7 MB.

Unloading 8 unused Assets to reduce memory usage. Loaded Objects now: 2368.
Total: 2.243000 ms (FindLiveObjects: 0.322000 ms CreateObjectMapping: 0.138000 ms MarkObjects: 1.747700 ms  DeleteObjects: 0.034600 ms)

========================================================================
Received Import Request.
  Time since last request: 256.966227 seconds.
  path: Assets/Scripts/Card Abilities/Ability Objects/Triggered Abilities/Play_Deal1_EU1.asset
  artifactKey: Guid(531e0a24d2733f043a3ae049896327a2) Importer(815301076,1909f56bfc062723c751e8b465ee728b)
Start importing Assets/Scripts/Card Abilities/Ability Objects/Triggered Abilities/Play_Deal1_EU1.asset using Guid(531e0a24d2733f043a3ae049896327a2) Importer(815301076,1909f56bfc062723c751e8b465ee728b)  -> (artifact id: 'a62663a549941e1bb51bb2fdd7f0e02b') in 0.030402 seconds
  Import took 0.036929 seconds .

========================================================================
Received Prepare
Registering precompiled user dll's ...
Registered in 0.001550 seconds.
Begin MonoManager ReloadAssembly
Native extension for WindowsStandalone target not found
Refreshing native plugins compatible for Editor in 0.71 ms, found 1 plugins.
Preloading 0 native plugins for Editor in 0.00 ms.
Mono: successfully reloaded assembly
- Completed reload, in  0.728 seconds
Platform modules already initialized, skipping
Refreshing native plugins compatible for Editor in 0.74 ms, found 1 plugins.
Preloading 0 native plugins for Editor in 0.00 ms.
Unloading 1878 Unused Serialized files (Serialized files now loaded: 0)
System memory in use before: 93.6 MB.
System memory in use after: 93.7 MB.

Unloading 8 unused Assets to reduce memory usage. Loaded Objects now: 2371.
Total: 1.663300 ms (FindLiveObjects: 0.215100 ms CreateObjectMapping: 0.073100 ms MarkObjects: 1.362700 ms  DeleteObjects: 0.011700 ms)

========================================================================
Received Import Request.
  Time since last request: 156.101910 seconds.
  path: Assets/Scripts/Card Abilities/Ability Objects/Triggered Abilities/Deathblow_Deal1_EH.asset
  artifactKey: Guid(3e5e5509e556ea740ad5ba75c56f91dc) Importer(815301076,1909f56bfc062723c751e8b465ee728b)
Start importing Assets/Scripts/Card Abilities/Ability Objects/Triggered Abilities/Deathblow_Deal1_EH.asset using Guid(3e5e5509e556ea740ad5ba75c56f91dc) Importer(815301076,1909f56bfc062723c751e8b465ee728b)  -> (artifact id: 'bfae99467a92820b41cc5c7e099156d8') in 0.012713 seconds
  Import took 0.019172 seconds .

========================================================================
Received Import Request.
  Time since last request: 18.263964 seconds.
  path: Assets/Scripts/Card Abilities/Ability Objects/Triggered Abilities/Play_Deal1_EU1.asset
  artifactKey: Guid(531e0a24d2733f043a3ae049896327a2) Importer(815301076,1909f56bfc062723c751e8b465ee728b)
Start importing Assets/Scripts/Card Abilities/Ability Objects/Triggered Abilities/Play_Deal1_EU1.asset using Guid(531e0a24d2733f043a3ae049896327a2) Importer(815301076,1909f56bfc062723c751e8b465ee728b)  -> (artifact id: 'bbe7743274237ea15f9239f06ecc56d4') in 0.005014 seconds
  Import took 0.012431 seconds .

========================================================================
Received Import Request.
  Time since last request: 33.255238 seconds.
  path: Assets/Scripts/Card Abilities/Ability Objects/Triggered Abilities/Deathblow_Deal2_EH.asset
  artifactKey: Guid(fdf322a6ecc336e41b78897135d56d0d) Importer(815301076,1909f56bfc062723c751e8b465ee728b)
Start importing Assets/Scripts/Card Abilities/Ability Objects/Triggered Abilities/Deathblow_Deal2_EH.asset using Guid(fdf322a6ecc336e41b78897135d56d0d) Importer(815301076,1909f56bfc062723c751e8b465ee728b)  -> (artifact id: '0918a98de10c75bb630d81b529ce62a4') in 0.004994 seconds
  Import took 0.014092 seconds .

========================================================================
Received Import Request.
  Time since last request: 24.696594 seconds.
  path: Assets/Scripts/Card Abilities/Ability Objects/Triggered Abilities/Play_Mark_EU1.asset
  artifactKey: Guid(b5d57922c2aef9847901506335fd4293) Importer(815301076,1909f56bfc062723c751e8b465ee728b)
Start importing Assets/Scripts/Card Abilities/Ability Objects/Triggered Abilities/Play_Mark_EU1.asset using Guid(b5d57922c2aef9847901506335fd4293) Importer(815301076,1909f56bfc062723c751e8b465ee728b)  -> (artifact id: 'e1cd7898d1ceab841fe1ae037cad7b06') in 0.005994 seconds
  Import took 0.014789 seconds .

========================================================================
Received Import Request.
  Time since last request: 5.136692 seconds.
  path: Assets/Scripts/Card Abilities/Ability Objects/Triggered Abilities/Revenge_Heal1_PH.asset
  artifactKey: Guid(596d879b2630e16458c3766b0026f4de) Importer(815301076,1909f56bfc062723c751e8b465ee728b)
Start importing Assets/Scripts/Card Abilities/Ability Objects/Triggered Abilities/Revenge_Heal1_PH.asset using Guid(596d879b2630e16458c3766b0026f4de) Importer(815301076,1909f56bfc062723c751e8b465ee728b)  -> (artifact id: '7655bf6f1ed4914cc38e5b9f87ed98bf') in 0.006246 seconds
  Import took 0.014570 seconds .

========================================================================
Received Import Request.
  Time since last request: 170.922456 seconds.
  path: Assets/Scripts/Cards/Card Displays/Popup Displays/AbilityIconDisplay.cs
  artifactKey: Guid(026a89e7ce91d9642883ada27e4ec320) Importer(815301076,1909f56bfc062723c751e8b465ee728b)
Start importing Assets/Scripts/Cards/Card Displays/Popup Displays/AbilityIconDisplay.cs using Guid(026a89e7ce91d9642883ada27e4ec320) Importer(815301076,1909f56bfc062723c751e8b465ee728b)  -> (artifact id: 'c136f6ddf42c563e298ca1c8ce0429b6') in 0.007039 seconds
  Import took 0.014797 seconds .

========================================================================
Received Import Request.
  Time since last request: 15.853005 seconds.
  path: Assets/Scripts/Cards/Card Displays/Popup Displays/AbilityPopupDisplay.cs
  artifactKey: Guid(dfe71f5316bd3db4dbff0911720ca48a) Importer(815301076,1909f56bfc062723c751e8b465ee728b)
Start importing Assets/Scripts/Cards/Card Displays/Popup Displays/AbilityPopupDisplay.cs using Guid(dfe71f5316bd3db4dbff0911720ca48a) Importer(815301076,1909f56bfc062723c751e8b465ee728b)  -> (artifact id: 'c9618e530bf16bb206c9bca306b17af0') in 0.002975 seconds
  Import took 0.010692 seconds .

========================================================================
Received Import Request.
  Time since last request: 0.001703 seconds.
  path: Assets/Scripts/Cards/Card Displays/Popup Displays/AbilityPopupDisplay.cs
  artifactKey: Guid(dfe71f5316bd3db4dbff0911720ca48a) Importer(815301076,1909f56bfc062723c751e8b465ee728b)
Start importing Assets/Scripts/Cards/Card Displays/Popup Displays/AbilityPopupDisplay.cs using Guid(dfe71f5316bd3db4dbff0911720ca48a) Importer(815301076,1909f56bfc062723c751e8b465ee728b)  -> (artifact id: 'c9618e530bf16bb206c9bca306b17af0') in 0.020730 seconds
  Import took 0.028874 seconds .

========================================================================
Received Prepare
Registering precompiled user dll's ...
Registered in 0.001302 seconds.
Begin MonoManager ReloadAssembly
Native extension for WindowsStandalone target not found
Refreshing native plugins compatible for Editor in 0.70 ms, found 1 plugins.
Preloading 0 native plugins for Editor in 0.00 ms.
Mono: successfully reloaded assembly
- Completed reload, in  0.707 seconds
Platform modules already initialized, skipping
Refreshing native plugins compatible for Editor in 0.75 ms, found 1 plugins.
Preloading 0 native plugins for Editor in 0.00 ms.
Unloading 1878 Unused Serialized files (Serialized files now loaded: 0)
System memory in use before: 93.6 MB.
System memory in use after: 93.8 MB.

Unloading 8 unused Assets to reduce memory usage. Loaded Objects now: 2374.
Total: 1.933600 ms (FindLiveObjects: 0.195900 ms CreateObjectMapping: 0.073700 ms MarkObjects: 1.649800 ms  DeleteObjects: 0.013200 ms)

========================================================================
Received Prepare
Registering precompiled user dll's ...
Registered in 0.001731 seconds.
Begin MonoManager ReloadAssembly
Native extension for WindowsStandalone target not found
Refreshing native plugins compatible for Editor in 0.72 ms, found 1 plugins.
Preloading 0 native plugins for Editor in 0.00 ms.
Mono: successfully reloaded assembly
- Completed reload, in  0.734 seconds
Platform modules already initialized, skipping
Refreshing native plugins compatible for Editor in 0.73 ms, found 1 plugins.
Preloading 0 native plugins for Editor in 0.00 ms.
Unloading 1878 Unused Serialized files (Serialized files now loaded: 0)
System memory in use before: 93.7 MB.
System memory in use after: 93.8 MB.

Unloading 8 unused Assets to reduce memory usage. Loaded Objects now: 2377.
Total: 1.854900 ms (FindLiveObjects: 0.257500 ms CreateObjectMapping: 0.083700 ms MarkObjects: 1.479600 ms  DeleteObjects: 0.033300 ms)

========================================================================
Received Prepare
Registering precompiled user dll's ...
Registered in 0.001761 seconds.
Begin MonoManager ReloadAssembly
Native extension for WindowsStandalone target not found
Refreshing native plugins compatible for Editor in 0.75 ms, found 1 plugins.
Preloading 0 native plugins for Editor in 0.00 ms.
Mono: successfully reloaded assembly
- Completed reload, in  0.753 seconds
Platform modules already initialized, skipping
Refreshing native plugins compatible for Editor in 0.76 ms, found 1 plugins.
Preloading 0 native plugins for Editor in 0.00 ms.
Unloading 1878 Unused Serialized files (Serialized files now loaded: 0)
System memory in use before: 93.7 MB.
System memory in use after: 93.8 MB.

Unloading 8 unused Assets to reduce memory usage. Loaded Objects now: 2380.
Total: 1.954800 ms (FindLiveObjects: 0.179600 ms CreateObjectMapping: 0.069100 ms MarkObjects: 1.689500 ms  DeleteObjects: 0.015200 ms)

========================================================================
Received Prepare
Registering precompiled user dll's ...
Registered in 0.001543 seconds.
Begin MonoManager ReloadAssembly
Native extension for WindowsStandalone target not found
Refreshing native plugins compatible for Editor in 0.72 ms, found 1 plugins.
Preloading 0 native plugins for Editor in 0.00 ms.
Mono: successfully reloaded assembly
- Completed reload, in  0.726 seconds
Platform modules already initialized, skipping
Refreshing native plugins compatible for Editor in 0.75 ms, found 1 plugins.
Preloading 0 native plugins for Editor in 0.00 ms.
Unloading 1878 Unused Serialized files (Serialized files now loaded: 0)
System memory in use before: 93.7 MB.
System memory in use after: 93.8 MB.

Unloading 8 unused Assets to reduce memory usage. Loaded Objects now: 2383.
Total: 2.202400 ms (FindLiveObjects: 0.333500 ms CreateObjectMapping: 0.095600 ms MarkObjects: 1.737800 ms  DeleteObjects: 0.034600 ms)

========================================================================
Received Prepare
Registering precompiled user dll's ...
Registered in 0.001360 seconds.
Begin MonoManager ReloadAssembly
Native extension for WindowsStandalone target not found
Refreshing native plugins compatible for Editor in 0.84 ms, found 1 plugins.
Preloading 0 native plugins for Editor in 0.00 ms.
Mono: successfully reloaded assembly
- Completed reload, in  0.739 seconds
Platform modules already initialized, skipping
Refreshing native plugins compatible for Editor in 0.74 ms, found 1 plugins.
Preloading 0 native plugins for Editor in 0.00 ms.
Unloading 1878 Unused Serialized files (Serialized files now loaded: 0)
System memory in use before: 93.7 MB.
System memory in use after: 93.8 MB.

Unloading 8 unused Assets to reduce memory usage. Loaded Objects now: 2386.
Total: 2.345400 ms (FindLiveObjects: 0.302100 ms CreateObjectMapping: 0.113500 ms MarkObjects: 1.914900 ms  DeleteObjects: 0.013600 ms)

========================================================================
Received Prepare
Registering precompiled user dll's ...
Registered in 0.001956 seconds.
Begin MonoManager ReloadAssembly
Native extension for WindowsStandalone target not found
Refreshing native plugins compatible for Editor in 0.72 ms, found 1 plugins.
Preloading 0 native plugins for Editor in 0.00 ms.
Mono: successfully reloaded assembly
- Completed reload, in  0.713 seconds
Platform modules already initialized, skipping
Refreshing native plugins compatible for Editor in 0.78 ms, found 1 plugins.
Preloading 0 native plugins for Editor in 0.00 ms.
Unloading 1878 Unused Serialized files (Serialized files now loaded: 0)
System memory in use before: 93.7 MB.
System memory in use after: 93.8 MB.

Unloading 8 unused Assets to reduce memory usage. Loaded Objects now: 2389.
Total: 1.988500 ms (FindLiveObjects: 0.291100 ms CreateObjectMapping: 0.088000 ms MarkObjects: 1.573500 ms  DeleteObjects: 0.014700 ms)

========================================================================
Received Prepare
Registering precompiled user dll's ...
Registered in 0.002242 seconds.
Begin MonoManager ReloadAssembly
Native extension for WindowsStandalone target not found
Refreshing native plugins compatible for Editor in 0.73 ms, found 1 plugins.
Preloading 0 native plugins for Editor in 0.00 ms.
Mono: successfully reloaded assembly
- Completed reload, in  0.732 seconds
Platform modules already initialized, skipping
Refreshing native plugins compatible for Editor in 0.75 ms, found 1 plugins.
Preloading 0 native plugins for Editor in 0.00 ms.
Unloading 1878 Unused Serialized files (Serialized files now loaded: 0)
System memory in use before: 93.7 MB.
System memory in use after: 93.8 MB.

Unloading 8 unused Assets to reduce memory usage. Loaded Objects now: 2392.
Total: 2.215800 ms (FindLiveObjects: 0.422600 ms CreateObjectMapping: 0.099700 ms MarkObjects: 1.679200 ms  DeleteObjects: 0.013400 ms)

========================================================================
Received Prepare
Registering precompiled user dll's ...
Registered in 0.001651 seconds.
Begin MonoManager ReloadAssembly
Native extension for WindowsStandalone target not found
Refreshing native plugins compatible for Editor in 0.88 ms, found 1 plugins.
Preloading 0 native plugins for Editor in 0.00 ms.
Mono: successfully reloaded assembly
- Completed reload, in  0.731 seconds
Platform modules already initialized, skipping
Refreshing native plugins compatible for Editor in 0.73 ms, found 1 plugins.
Preloading 0 native plugins for Editor in 0.00 ms.
Unloading 1878 Unused Serialized files (Serialized files now loaded: 0)
System memory in use before: 93.7 MB.
System memory in use after: 93.8 MB.

Unloading 8 unused Assets to reduce memory usage. Loaded Objects now: 2395.
Total: 2.893500 ms (FindLiveObjects: 0.319400 ms CreateObjectMapping: 0.154300 ms MarkObjects: 2.400200 ms  DeleteObjects: 0.018500 ms)

========================================================================
Received Prepare
Registering precompiled user dll's ...
Registered in 0.001557 seconds.
Begin MonoManager ReloadAssembly
Native extension for WindowsStandalone target not found
Refreshing native plugins compatible for Editor in 0.81 ms, found 1 plugins.
Preloading 0 native plugins for Editor in 0.00 ms.
Mono: successfully reloaded assembly
- Completed reload, in  0.703 seconds
Platform modules already initialized, skipping
Refreshing native plugins compatible for Editor in 0.74 ms, found 1 plugins.
Preloading 0 native plugins for Editor in 0.00 ms.
Unloading 1878 Unused Serialized files (Serialized files now loaded: 0)
System memory in use before: 93.7 MB.
System memory in use after: 93.8 MB.

Unloading 8 unused Assets to reduce memory usage. Loaded Objects now: 2398.
Total: 1.844200 ms (FindLiveObjects: 0.245700 ms CreateObjectMapping: 0.088700 ms MarkObjects: 1.496500 ms  DeleteObjects: 0.012300 ms)

========================================================================
Received Prepare
Registering precompiled user dll's ...
Registered in 0.001502 seconds.
Begin MonoManager ReloadAssembly
Native extension for WindowsStandalone target not found
Refreshing native plugins compatible for Editor in 0.79 ms, found 1 plugins.
Preloading 0 native plugins for Editor in 0.00 ms.
Mono: successfully reloaded assembly
- Completed reload, in  0.726 seconds
Platform modules already initialized, skipping
Refreshing native plugins compatible for Editor in 0.75 ms, found 1 plugins.
Preloading 0 native plugins for Editor in 0.00 ms.
Unloading 1878 Unused Serialized files (Serialized files now loaded: 0)
System memory in use before: 93.7 MB.
System memory in use after: 93.8 MB.

Unloading 8 unused Assets to reduce memory usage. Loaded Objects now: 2401.
Total: 2.208900 ms (FindLiveObjects: 0.282900 ms CreateObjectMapping: 0.087300 ms MarkObjects: 1.809200 ms  DeleteObjects: 0.014400 ms)

========================================================================
Received Prepare
Registering precompiled user dll's ...
Registered in 0.001410 seconds.
Begin MonoManager ReloadAssembly
Native extension for WindowsStandalone target not found
Refreshing native plugins compatible for Editor in 0.76 ms, found 1 plugins.
Preloading 0 native plugins for Editor in 0.00 ms.
Mono: successfully reloaded assembly
- Completed reload, in  0.729 seconds
Platform modules already initialized, skipping
Refreshing native plugins compatible for Editor in 0.74 ms, found 1 plugins.
Preloading 0 native plugins for Editor in 0.00 ms.
Unloading 1878 Unused Serialized files (Serialized files now loaded: 0)
System memory in use before: 93.7 MB.
System memory in use after: 93.9 MB.

Unloading 8 unused Assets to reduce memory usage. Loaded Objects now: 2404.
Total: 2.272100 ms (FindLiveObjects: 0.213400 ms CreateObjectMapping: 0.063200 ms MarkObjects: 1.981500 ms  DeleteObjects: 0.013200 ms)

========================================================================
Received Prepare
Registering precompiled user dll's ...
Registered in 0.001489 seconds.
Begin MonoManager ReloadAssembly
Native extension for WindowsStandalone target not found
Refreshing native plugins compatible for Editor in 0.79 ms, found 1 plugins.
Preloading 0 native plugins for Editor in 0.00 ms.
Mono: successfully reloaded assembly
- Completed reload, in  0.736 seconds
Platform modules already initialized, skipping
Refreshing native plugins compatible for Editor in 0.74 ms, found 1 plugins.
Preloading 0 native plugins for Editor in 0.00 ms.
Unloading 1878 Unused Serialized files (Serialized files now loaded: 0)
System memory in use before: 93.8 MB.
System memory in use after: 93.9 MB.

Unloading 8 unused Assets to reduce memory usage. Loaded Objects now: 2407.
Total: 2.142900 ms (FindLiveObjects: 0.222500 ms CreateObjectMapping: 0.084400 ms MarkObjects: 1.800000 ms  DeleteObjects: 0.035000 ms)

========================================================================
Received Prepare
Registering precompiled user dll's ...
Registered in 0.001518 seconds.
Begin MonoManager ReloadAssembly
Native extension for WindowsStandalone target not found
Refreshing native plugins compatible for Editor in 0.75 ms, found 1 plugins.
Preloading 0 native plugins for Editor in 0.00 ms.
Mono: successfully reloaded assembly
- Completed reload, in  0.776 seconds
Platform modules already initialized, skipping
Refreshing native plugins compatible for Editor in 0.74 ms, found 1 plugins.
Preloading 0 native plugins for Editor in 0.00 ms.
Unloading 1878 Unused Serialized files (Serialized files now loaded: 0)
System memory in use before: 93.8 MB.
System memory in use after: 93.9 MB.

Unloading 8 unused Assets to reduce memory usage. Loaded Objects now: 2410.
Total: 2.333000 ms (FindLiveObjects: 0.354600 ms CreateObjectMapping: 0.091900 ms MarkObjects: 1.871300 ms  DeleteObjects: 0.014300 ms)

========================================================================
Received Prepare
Registering precompiled user dll's ...
Registered in 0.001975 seconds.
Begin MonoManager ReloadAssembly
Native extension for WindowsStandalone target not found
Refreshing native plugins compatible for Editor in 1.30 ms, found 1 plugins.
Preloading 0 native plugins for Editor in 0.00 ms.
Mono: successfully reloaded assembly
- Completed reload, in  0.857 seconds
Platform modules already initialized, skipping
Refreshing native plugins compatible for Editor in 1.14 ms, found 1 plugins.
Preloading 0 native plugins for Editor in 0.00 ms.
Unloading 1878 Unused Serialized files (Serialized files now loaded: 0)
System memory in use before: 93.8 MB.
System memory in use after: 93.9 MB.

Unloading 8 unused Assets to reduce memory usage. Loaded Objects now: 2413.
Total: 2.828200 ms (FindLiveObjects: 0.396900 ms CreateObjectMapping: 0.182600 ms MarkObjects: 2.227700 ms  DeleteObjects: 0.018900 ms)

========================================================================
Received Prepare
Registering precompiled user dll's ...
Registered in 0.001363 seconds.
Begin MonoManager ReloadAssembly
Native extension for WindowsStandalone target not found
Refreshing native plugins compatible for Editor in 0.74 ms, found 1 plugins.
Preloading 0 native plugins for Editor in 0.00 ms.
Mono: successfully reloaded assembly
- Completed reload, in  0.731 seconds
Platform modules already initialized, skipping
Refreshing native plugins compatible for Editor in 0.79 ms, found 1 plugins.
Preloading 0 native plugins for Editor in 0.00 ms.
Unloading 1878 Unused Serialized files (Serialized files now loaded: 0)
System memory in use before: 93.8 MB.
System memory in use after: 93.9 MB.

Unloading 8 unused Assets to reduce memory usage. Loaded Objects now: 2416.
Total: 2.506900 ms (FindLiveObjects: 0.390700 ms CreateObjectMapping: 0.218300 ms MarkObjects: 1.881700 ms  DeleteObjects: 0.015000 ms)

========================================================================
Received Prepare
Registering precompiled user dll's ...
Registered in 0.001438 seconds.
Begin MonoManager ReloadAssembly
Native extension for WindowsStandalone target not found
Refreshing native plugins compatible for Editor in 0.78 ms, found 1 plugins.
Preloading 0 native plugins for Editor in 0.00 ms.
Mono: successfully reloaded assembly
- Completed reload, in  0.738 seconds
Platform modules already initialized, skipping
Refreshing native plugins compatible for Editor in 0.76 ms, found 1 plugins.
Preloading 0 native plugins for Editor in 0.00 ms.
Unloading 1878 Unused Serialized files (Serialized files now loaded: 0)
System memory in use before: 93.8 MB.
System memory in use after: 93.9 MB.

Unloading 8 unused Assets to reduce memory usage. Loaded Objects now: 2419.
Total: 1.969500 ms (FindLiveObjects: 0.271300 ms CreateObjectMapping: 0.120000 ms MarkObjects: 1.563000 ms  DeleteObjects: 0.014000 ms)

========================================================================
Received Prepare
Registering precompiled user dll's ...
Registered in 0.002007 seconds.
Begin MonoManager ReloadAssembly
Native extension for WindowsStandalone target not found
Refreshing native plugins compatible for Editor in 0.91 ms, found 1 plugins.
Preloading 0 native plugins for Editor in 0.00 ms.
Mono: successfully reloaded assembly
- Completed reload, in  0.849 seconds
Platform modules already initialized, skipping
Refreshing native plugins compatible for Editor in 1.07 ms, found 1 plugins.
Preloading 0 native plugins for Editor in 0.00 ms.
Unloading 1878 Unused Serialized files (Serialized files now loaded: 0)
System memory in use before: 93.8 MB.
System memory in use after: 93.9 MB.

Unloading 8 unused Assets to reduce memory usage. Loaded Objects now: 2422.
Total: 2.120900 ms (FindLiveObjects: 0.240700 ms CreateObjectMapping: 0.115700 ms MarkObjects: 1.746900 ms  DeleteObjects: 0.016200 ms)

========================================================================
Received Prepare
Registering precompiled user dll's ...
Registered in 0.001598 seconds.
Begin MonoManager ReloadAssembly
Native extension for WindowsStandalone target not found
Refreshing native plugins compatible for Editor in 0.73 ms, found 1 plugins.
Preloading 0 native plugins for Editor in 0.00 ms.
Mono: successfully reloaded assembly
- Completed reload, in  0.734 seconds
Platform modules already initialized, skipping
Refreshing native plugins compatible for Editor in 0.75 ms, found 1 plugins.
Preloading 0 native plugins for Editor in 0.00 ms.
Unloading 1878 Unused Serialized files (Serialized files now loaded: 0)
System memory in use before: 93.8 MB.
System memory in use after: 93.9 MB.

Unloading 8 unused Assets to reduce memory usage. Loaded Objects now: 2425.
Total: 2.118100 ms (FindLiveObjects: 0.261300 ms CreateObjectMapping: 0.060600 ms MarkObjects: 1.760800 ms  DeleteObjects: 0.034300 ms)

========================================================================
Received Import Request.
  Time since last request: 2309.636928 seconds.
  path: Assets/Scripts/Card Abilities/Ability Objects/Triggered Abilities/Play_Deal1_EU1.asset
  artifactKey: Guid(531e0a24d2733f043a3ae049896327a2) Importer(815301076,1909f56bfc062723c751e8b465ee728b)
Start importing Assets/Scripts/Card Abilities/Ability Objects/Triggered Abilities/Play_Deal1_EU1.asset using Guid(531e0a24d2733f043a3ae049896327a2) Importer(815301076,1909f56bfc062723c751e8b465ee728b)  -> (artifact id: 'cf30223cd90e8a9daa95616a441514be') in 0.013936 seconds
  Import took 0.022823 seconds .

========================================================================
Received Import Request.
  Time since last request: 1.907249 seconds.
  path: Assets/Scripts/Card Abilities/Ability Objects/Triggered Abilities/Play_Deal1_EU1.asset
  artifactKey: Guid(531e0a24d2733f043a3ae049896327a2) Importer(815301076,1909f56bfc062723c751e8b465ee728b)
Start importing Assets/Scripts/Card Abilities/Ability Objects/Triggered Abilities/Play_Deal1_EU1.asset using Guid(531e0a24d2733f043a3ae049896327a2) Importer(815301076,1909f56bfc062723c751e8b465ee728b)  -> (artifact id: 'cf30223cd90e8a9daa95616a441514be') in 0.003978 seconds
  Import took 0.010753 seconds .

========================================================================
Received Prepare
Registering precompiled user dll's ...
Registered in 0.001433 seconds.
Begin MonoManager ReloadAssembly
Native extension for WindowsStandalone target not found
Refreshing native plugins compatible for Editor in 0.71 ms, found 1 plugins.
Preloading 0 native plugins for Editor in 0.00 ms.
Mono: successfully reloaded assembly
- Completed reload, in  0.711 seconds
Platform modules already initialized, skipping
Refreshing native plugins compatible for Editor in 0.73 ms, found 1 plugins.
Preloading 0 native plugins for Editor in 0.00 ms.
Unloading 1878 Unused Serialized files (Serialized files now loaded: 0)
System memory in use before: 93.8 MB.
System memory in use after: 93.9 MB.

Unloading 8 unused Assets to reduce memory usage. Loaded Objects now: 2428.
Total: 2.514400 ms (FindLiveObjects: 0.440100 ms CreateObjectMapping: 0.123700 ms MarkObjects: 1.936500 ms  DeleteObjects: 0.013200 ms)

========================================================================
Received Prepare
Registering precompiled user dll's ...
Registered in 0.001505 seconds.
Begin MonoManager ReloadAssembly
Native extension for WindowsStandalone target not found
Refreshing native plugins compatible for Editor in 0.75 ms, found 1 plugins.
Preloading 0 native plugins for Editor in 0.00 ms.
Mono: successfully reloaded assembly
- Completed reload, in  0.736 seconds
Platform modules already initialized, skipping
Refreshing native plugins compatible for Editor in 0.74 ms, found 1 plugins.
Preloading 0 native plugins for Editor in 0.00 ms.
Unloading 1878 Unused Serialized files (Serialized files now loaded: 0)
System memory in use before: 93.8 MB.
System memory in use after: 93.9 MB.

Unloading 8 unused Assets to reduce memory usage. Loaded Objects now: 2431.
Total: 2.101300 ms (FindLiveObjects: 0.253800 ms CreateObjectMapping: 0.126700 ms MarkObjects: 1.685400 ms  DeleteObjects: 0.034600 ms)

========================================================================
Received Prepare
Registering precompiled user dll's ...
Registered in 0.001808 seconds.
Begin MonoManager ReloadAssembly
Native extension for WindowsStandalone target not found
Refreshing native plugins compatible for Editor in 1.14 ms, found 1 plugins.
Preloading 0 native plugins for Editor in 0.00 ms.
Mono: successfully reloaded assembly
- Completed reload, in  0.855 seconds
Platform modules already initialized, skipping
Refreshing native plugins compatible for Editor in 0.93 ms, found 1 plugins.
Preloading 0 native plugins for Editor in 0.00 ms.
Unloading 1878 Unused Serialized files (Serialized files now loaded: 0)
System memory in use before: 93.8 MB.
System memory in use after: 93.9 MB.

Unloading 8 unused Assets to reduce memory usage. Loaded Objects now: 2434.
Total: 2.243100 ms (FindLiveObjects: 0.305800 ms CreateObjectMapping: 0.104400 ms MarkObjects: 1.809500 ms  DeleteObjects: 0.021400 ms)

========================================================================
Received Prepare
Registering precompiled user dll's ...
Registered in 0.001950 seconds.
Begin MonoManager ReloadAssembly
Native extension for WindowsStandalone target not found
Refreshing native plugins compatible for Editor in 1.03 ms, found 1 plugins.
Preloading 0 native plugins for Editor in 0.00 ms.
Mono: successfully reloaded assembly
- Completed reload, in  0.881 seconds
Platform modules already initialized, skipping
Refreshing native plugins compatible for Editor in 0.96 ms, found 1 plugins.
Preloading 0 native plugins for Editor in 0.00 ms.
Unloading 1878 Unused Serialized files (Serialized files now loaded: 0)
System memory in use before: 93.8 MB.
System memory in use after: 93.9 MB.

Unloading 8 unused Assets to reduce memory usage. Loaded Objects now: 2437.
Total: 2.871500 ms (FindLiveObjects: 0.339600 ms CreateObjectMapping: 0.146600 ms MarkObjects: 2.362500 ms  DeleteObjects: 0.021200 ms)

========================================================================
Received Import Request.
  Time since last request: 1563.047296 seconds.
  path: Assets/Scripts/Heroes/Hero Objects/Heroes/Enemy Heroes/Mega-Corp Operative/Reinforcements/Meg_Op_1.asset
  artifactKey: Guid(8f4252c17cfcafd44a75600f0869a1ca) Importer(815301076,1909f56bfc062723c751e8b465ee728b)
Start importing Assets/Scripts/Heroes/Hero Objects/Heroes/Enemy Heroes/Mega-Corp Operative/Reinforcements/Meg_Op_1.asset using Guid(8f4252c17cfcafd44a75600f0869a1ca) Importer(815301076,1909f56bfc062723c751e8b465ee728b)  -> (artifact id: '1024509426d330e82aa92ba557afa21e') in 0.032222 seconds
  Import took 0.039854 seconds .

========================================================================
Received Prepare
Registering precompiled user dll's ...
Registered in 0.001792 seconds.
Begin MonoManager ReloadAssembly
Native extension for WindowsStandalone target not found
Refreshing native plugins compatible for Editor in 1.18 ms, found 1 plugins.
Preloading 0 native plugins for Editor in 0.00 ms.
Mono: successfully reloaded assembly
- Completed reload, in  1.005 seconds
Platform modules already initialized, skipping
Refreshing native plugins compatible for Editor in 0.98 ms, found 1 plugins.
Preloading 0 native plugins for Editor in 0.00 ms.
Unloading 1878 Unused Serialized files (Serialized files now loaded: 0)
System memory in use before: 93.8 MB.
System memory in use after: 93.9 MB.

Unloading 8 unused Assets to reduce memory usage. Loaded Objects now: 2440.
Total: 2.388400 ms (FindLiveObjects: 0.250600 ms CreateObjectMapping: 0.118200 ms MarkObjects: 1.997800 ms  DeleteObjects: 0.019700 ms)

========================================================================
Received Import Request.
  Time since last request: 98.805976 seconds.
  path: Assets/Scripts/Heroes/Hero Objects/Heroes/Enemy Heroes/Mega-Corp Operative/Mega-Corp Operative.asset
  artifactKey: Guid(ed56caa2b8e79a140817f8ea728a8444) Importer(815301076,1909f56bfc062723c751e8b465ee728b)
Start importing Assets/Scripts/Heroes/Hero Objects/Heroes/Enemy Heroes/Mega-Corp Operative/Mega-Corp Operative.asset using Guid(ed56caa2b8e79a140817f8ea728a8444) Importer(815301076,1909f56bfc062723c751e8b465ee728b)  -> (artifact id: '707800626f5478bc6fc8c2066258dfbe') in 0.033315 seconds
  Import took 0.042741 seconds .

========================================================================
Received Prepare
Registering precompiled user dll's ...
Registered in 0.003148 seconds.
Begin MonoManager ReloadAssembly
Native extension for WindowsStandalone target not found
Refreshing native plugins compatible for Editor in 1.15 ms, found 1 plugins.
Preloading 0 native plugins for Editor in 0.00 ms.
Mono: successfully reloaded assembly
- Completed reload, in  0.858 seconds
Platform modules already initialized, skipping
Refreshing native plugins compatible for Editor in 0.99 ms, found 1 plugins.
Preloading 0 native plugins for Editor in 0.00 ms.
Unloading 1878 Unused Serialized files (Serialized files now loaded: 0)
System memory in use before: 93.8 MB.
System memory in use after: 94.0 MB.

Unloading 8 unused Assets to reduce memory usage. Loaded Objects now: 2443.
Total: 2.508600 ms (FindLiveObjects: 0.351300 ms CreateObjectMapping: 0.132200 ms MarkObjects: 1.998400 ms  DeleteObjects: 0.023500 ms)

========================================================================
Received Prepare
Registering precompiled user dll's ...
Registered in 0.001956 seconds.
Begin MonoManager ReloadAssembly
Native extension for WindowsStandalone target not found
Refreshing native plugins compatible for Editor in 0.90 ms, found 1 plugins.
Preloading 0 native plugins for Editor in 0.00 ms.
Mono: successfully reloaded assembly
- Completed reload, in  0.850 seconds
Platform modules already initialized, skipping
Refreshing native plugins compatible for Editor in 1.02 ms, found 1 plugins.
Preloading 0 native plugins for Editor in 0.00 ms.
Unloading 1878 Unused Serialized files (Serialized files now loaded: 0)
System memory in use before: 93.8 MB.
System memory in use after: 94.0 MB.

Unloading 8 unused Assets to reduce memory usage. Loaded Objects now: 2446.
Total: 3.321600 ms (FindLiveObjects: 0.466000 ms CreateObjectMapping: 0.181300 ms MarkObjects: 2.651500 ms  DeleteObjects: 0.020700 ms)

========================================================================
Received Prepare
Registering precompiled user dll's ...
Registered in 0.003544 seconds.
Begin MonoManager ReloadAssembly
Native extension for WindowsStandalone target not found
Refreshing native plugins compatible for Editor in 0.72 ms, found 1 plugins.
Preloading 0 native plugins for Editor in 0.00 ms.
Mono: successfully reloaded assembly
- Completed reload, in  0.714 seconds
Platform modules already initialized, skipping
Refreshing native plugins compatible for Editor in 0.75 ms, found 1 plugins.
Preloading 0 native plugins for Editor in 0.00 ms.
Unloading 1878 Unused Serialized files (Serialized files now loaded: 0)
System memory in use before: 93.9 MB.
System memory in use after: 94.0 MB.

Unloading 8 unused Assets to reduce memory usage. Loaded Objects now: 2449.
Total: 2.469400 ms (FindLiveObjects: 0.505500 ms CreateObjectMapping: 0.218600 ms MarkObjects: 1.729700 ms  DeleteObjects: 0.014600 ms)

========================================================================
Received Prepare
Registering precompiled user dll's ...
Registered in 0.001773 seconds.
Begin MonoManager ReloadAssembly
Native extension for WindowsStandalone target not found
Refreshing native plugins compatible for Editor in 1.82 ms, found 1 plugins.
Preloading 0 native plugins for Editor in 0.00 ms.
Mono: successfully reloaded assembly
- Completed reload, in  0.896 seconds
Platform modules already initialized, skipping
Refreshing native plugins compatible for Editor in 1.06 ms, found 1 plugins.
Preloading 0 native plugins for Editor in 0.00 ms.
Unloading 1878 Unused Serialized files (Serialized files now loaded: 0)
System memory in use before: 93.9 MB.
System memory in use after: 94.0 MB.

Unloading 8 unused Assets to reduce memory usage. Loaded Objects now: 2452.
Total: 2.914400 ms (FindLiveObjects: 0.389000 ms CreateObjectMapping: 0.191500 ms MarkObjects: 2.316000 ms  DeleteObjects: 0.016000 ms)

========================================================================
Received Prepare
Registering precompiled user dll's ...
Registered in 0.001744 seconds.
Begin MonoManager ReloadAssembly
Native extension for WindowsStandalone target not found
Refreshing native plugins compatible for Editor in 0.93 ms, found 1 plugins.
Preloading 0 native plugins for Editor in 0.00 ms.
Mono: successfully reloaded assembly
- Completed reload, in  0.936 seconds
Platform modules already initialized, skipping
Refreshing native plugins compatible for Editor in 1.12 ms, found 1 plugins.
Preloading 0 native plugins for Editor in 0.00 ms.
Unloading 1878 Unused Serialized files (Serialized files now loaded: 0)
System memory in use before: 93.9 MB.
System memory in use after: 94.0 MB.

Unloading 8 unused Assets to reduce memory usage. Loaded Objects now: 2455.
Total: 2.471300 ms (FindLiveObjects: 0.326500 ms CreateObjectMapping: 0.100700 ms MarkObjects: 2.023300 ms  DeleteObjects: 0.018100 ms)

========================================================================
Received Import Request.
  Time since last request: 1257.680095 seconds.
  path: Assets/Scripts/Effects/Effect Objects/Effects/GiveNextUnit/GiveNext_plus1plus3.asset
  artifactKey: Guid(5e530aa7bb7864c41a581b9f6844b324) Importer(815301076,1909f56bfc062723c751e8b465ee728b)
Start importing Assets/Scripts/Effects/Effect Objects/Effects/GiveNextUnit/GiveNext_plus1plus3.asset using Guid(5e530aa7bb7864c41a581b9f6844b324) Importer(815301076,1909f56bfc062723c751e8b465ee728b)  -> (artifact id: '61656d609b7fba2e9bfe121b7268df74') in 0.016440 seconds
  Import took 0.024676 seconds .

========================================================================
Received Import Request.
  Time since last request: 19.217613 seconds.
  path: Assets/Scripts/Heroes/Hero Objects/Hero Augments/Biogenic Enhancer.asset
  artifactKey: Guid(1e409eadbe09b7c40865988c6f7c0dea) Importer(815301076,1909f56bfc062723c751e8b465ee728b)
Start importing Assets/Scripts/Heroes/Hero Objects/Hero Augments/Biogenic Enhancer.asset using Guid(1e409eadbe09b7c40865988c6f7c0dea) Importer(815301076,1909f56bfc062723c751e8b465ee728b)  -> (artifact id: '1c5de0278df674734c261f003030a39b') in 0.004152 seconds
  Import took 0.011356 seconds .

========================================================================
Received Import Request.
  Time since last request: 9.963110 seconds.
  path: Assets/Scripts/Heroes/Hero Objects/Hero Augments/Biogenic Enhancer.asset
  artifactKey: Guid(1e409eadbe09b7c40865988c6f7c0dea) Importer(815301076,1909f56bfc062723c751e8b465ee728b)
Start importing Assets/Scripts/Heroes/Hero Objects/Hero Augments/Biogenic Enhancer.asset using Guid(1e409eadbe09b7c40865988c6f7c0dea) Importer(815301076,1909f56bfc062723c751e8b465ee728b)  -> (artifact id: '2ca372354ff956b5685807ca24a9831c') in 0.003668 seconds
  Import took 0.012257 seconds .

========================================================================
Received Import Request.
  Time since last request: 15.531522 seconds.
  path: Assets/Scripts/Effects/Effect Objects/Effects/GiveNextUnit/GiveNext_plus1plus3.asset
  artifactKey: Guid(5e530aa7bb7864c41a581b9f6844b324) Importer(815301076,1909f56bfc062723c751e8b465ee728b)
Start importing Assets/Scripts/Effects/Effect Objects/Effects/GiveNextUnit/GiveNext_plus1plus3.asset using Guid(5e530aa7bb7864c41a581b9f6844b324) Importer(815301076,1909f56bfc062723c751e8b465ee728b)  -> (artifact id: '53ff8aafbdde819cdb44146aa9193c4f') in 0.002916 seconds
  Import took 0.011259 seconds .

========================================================================
Received Prepare
Registering precompiled user dll's ...
Registered in 0.001494 seconds.
Begin MonoManager ReloadAssembly
Native extension for WindowsStandalone target not found
Refreshing native plugins compatible for Editor in 0.73 ms, found 1 plugins.
Preloading 0 native plugins for Editor in 0.00 ms.
Mono: successfully reloaded assembly
- Completed reload, in  0.736 seconds
Platform modules already initialized, skipping
Refreshing native plugins compatible for Editor in 0.73 ms, found 1 plugins.
Preloading 0 native plugins for Editor in 0.00 ms.
Unloading 1878 Unused Serialized files (Serialized files now loaded: 0)
System memory in use before: 93.9 MB.
System memory in use after: 94.0 MB.

Unloading 8 unused Assets to reduce memory usage. Loaded Objects now: 2458.
Total: 2.368700 ms (FindLiveObjects: 0.297800 ms CreateObjectMapping: 0.105400 ms MarkObjects: 1.948300 ms  DeleteObjects: 0.016400 ms)

========================================================================
Received Prepare
Registering precompiled user dll's ...
Registered in 0.001393 seconds.
Begin MonoManager ReloadAssembly
Native extension for WindowsStandalone target not found
Refreshing native plugins compatible for Editor in 0.71 ms, found 1 plugins.
Preloading 0 native plugins for Editor in 0.00 ms.
Mono: successfully reloaded assembly
- Completed reload, in  0.741 seconds
Platform modules already initialized, skipping
Refreshing native plugins compatible for Editor in 0.73 ms, found 1 plugins.
Preloading 0 native plugins for Editor in 0.00 ms.
Unloading 1878 Unused Serialized files (Serialized files now loaded: 0)
System memory in use before: 93.9 MB.
System memory in use after: 94.0 MB.

Unloading 8 unused Assets to reduce memory usage. Loaded Objects now: 2461.
Total: 1.892100 ms (FindLiveObjects: 0.269600 ms CreateObjectMapping: 0.116400 ms MarkObjects: 1.490800 ms  DeleteObjects: 0.014400 ms)

========================================================================
Received Import Request.
  Time since last request: 465.297251 seconds.
  path: Assets/Scripts/Heroes/Hero Objects/Hero Augments/Biogenic Enhancer.asset
  artifactKey: Guid(1e409eadbe09b7c40865988c6f7c0dea) Importer(815301076,1909f56bfc062723c751e8b465ee728b)
Start importing Assets/Scripts/Heroes/Hero Objects/Hero Augments/Biogenic Enhancer.asset using Guid(1e409eadbe09b7c40865988c6f7c0dea) Importer(815301076,1909f56bfc062723c751e8b465ee728b)  -> (artifact id: 'bb26c2e49e987fe3eff6d6c53bdba579') in 0.011320 seconds
  Import took 0.018454 seconds .

========================================================================
Received Import Request.
  Time since last request: 7.886063 seconds.
  path: Assets/Scripts/Effects/Effect Objects/Effects/GiveNextUnit/GiveNext_plus1plus3.asset
  artifactKey: Guid(5e530aa7bb7864c41a581b9f6844b324) Importer(815301076,1909f56bfc062723c751e8b465ee728b)
Start importing Assets/Scripts/Effects/Effect Objects/Effects/GiveNextUnit/GiveNext_plus1plus3.asset using Guid(5e530aa7bb7864c41a581b9f6844b324) Importer(815301076,1909f56bfc062723c751e8b465ee728b)  -> (artifact id: 'a5de9c28bd8bf8edcf4a79eaab7a7d1d') in 0.003692 seconds
  Import took 0.012724 seconds .

========================================================================
Received Import Request.
  Time since last request: 6.730677 seconds.
  path: Assets/Scripts/Effects/Effect Objects/Effects/GiveNextUnit/GiveNext_plus1plus3_mult3.asset
  artifactKey: Guid(5e530aa7bb7864c41a581b9f6844b324) Importer(815301076,1909f56bfc062723c751e8b465ee728b)
Start importing Assets/Scripts/Effects/Effect Objects/Effects/GiveNextUnit/GiveNext_plus1plus3_mult3.asset using Guid(5e530aa7bb7864c41a581b9f6844b324) Importer(815301076,1909f56bfc062723c751e8b465ee728b)  -> (artifact id: '8857a2b64f2ffe04092d29df282fb144') in 0.003220 seconds
  Import took 0.011229 seconds .

========================================================================
Received Import Request.
  Time since last request: 262.336209 seconds.
  path: Assets/Scripts/Effects/Effect Objects/Effects/GiveNextUnit/GiveNext_plus1plus3_mult3.asset
  artifactKey: Guid(5e530aa7bb7864c41a581b9f6844b324) Importer(815301076,1909f56bfc062723c751e8b465ee728b)
Start importing Assets/Scripts/Effects/Effect Objects/Effects/GiveNextUnit/GiveNext_plus1plus3_mult3.asset using Guid(5e530aa7bb7864c41a581b9f6844b324) Importer(815301076,1909f56bfc062723c751e8b465ee728b)  -> (artifact id: 'b0c7a6fa743fb72dd6b9432330a44259') in 0.003725 seconds
  Import took 0.014167 seconds .

========================================================================
Received Prepare
Registering precompiled user dll's ...
Registered in 0.003440 seconds.
Begin MonoManager ReloadAssembly
Native extension for WindowsStandalone target not found
Refreshing native plugins compatible for Editor in 1.25 ms, found 1 plugins.
Preloading 0 native plugins for Editor in 0.00 ms.
Mono: successfully reloaded assembly
- Completed reload, in  0.964 seconds
Platform modules already initialized, skipping
Refreshing native plugins compatible for Editor in 1.97 ms, found 1 plugins.
Preloading 0 native plugins for Editor in 0.00 ms.
Unloading 1878 Unused Serialized files (Serialized files now loaded: 0)
System memory in use before: 93.9 MB.
System memory in use after: 94.0 MB.

Unloading 8 unused Assets to reduce memory usage. Loaded Objects now: 2464.
Total: 3.418100 ms (FindLiveObjects: 0.370900 ms CreateObjectMapping: 0.271900 ms MarkObjects: 2.754500 ms  DeleteObjects: 0.019100 ms)

========================================================================
Received Prepare
Registering precompiled user dll's ...
Registered in 0.001947 seconds.
Begin MonoManager ReloadAssembly
Native extension for WindowsStandalone target not found
Refreshing native plugins compatible for Editor in 1.09 ms, found 1 plugins.
Preloading 0 native plugins for Editor in 0.00 ms.
Mono: successfully reloaded assembly
- Completed reload, in  0.910 seconds
Platform modules already initialized, skipping
Refreshing native plugins compatible for Editor in 1.19 ms, found 1 plugins.
Preloading 0 native plugins for Editor in 0.00 ms.
Unloading 1878 Unused Serialized files (Serialized files now loaded: 0)
System memory in use before: 93.9 MB.
System memory in use after: 94.0 MB.

Unloading 8 unused Assets to reduce memory usage. Loaded Objects now: 2467.
Total: 2.756400 ms (FindLiveObjects: 0.362800 ms CreateObjectMapping: 0.138600 ms MarkObjects: 2.237100 ms  DeleteObjects: 0.014500 ms)

========================================================================
Received Import Request.
  Time since last request: 154512.918321 seconds.
  path: Assets/Scenes/DialogueScene.unity
  artifactKey: Guid(62debd2300ac4b344a782ffd79334c6f) Importer(815301076,1909f56bfc062723c751e8b465ee728b)
Start importing Assets/Scenes/DialogueScene.unity using Guid(62debd2300ac4b344a782ffd79334c6f) Importer(815301076,1909f56bfc062723c751e8b465ee728b)  -> (artifact id: '3d38e9483a6bc8adda516d60d59262d6') in 0.015122 seconds
  Import took 0.025699 seconds .

========================================================================
Received Prepare
Registering precompiled user dll's ...
Registered in 0.001641 seconds.
Begin MonoManager ReloadAssembly
Native extension for WindowsStandalone target not found
Refreshing native plugins compatible for Editor in 0.73 ms, found 1 plugins.
Preloading 0 native plugins for Editor in 0.00 ms.
Mono: successfully reloaded assembly
- Completed reload, in  0.732 seconds
Platform modules already initialized, skipping
Refreshing native plugins compatible for Editor in 0.74 ms, found 1 plugins.
Preloading 0 native plugins for Editor in 0.00 ms.
Unloading 1878 Unused Serialized files (Serialized files now loaded: 0)
System memory in use before: 93.9 MB.
System memory in use after: 94.0 MB.

Unloading 8 unused Assets to reduce memory usage. Loaded Objects now: 2470.
Total: 2.517900 ms (FindLiveObjects: 0.357200 ms CreateObjectMapping: 0.123800 ms MarkObjects: 2.019000 ms  DeleteObjects: 0.016500 ms)

========================================================================
Received Prepare
Registering precompiled user dll's ...
Registered in 0.001360 seconds.
Begin MonoManager ReloadAssembly
Native extension for WindowsStandalone target not found
Refreshing native plugins compatible for Editor in 0.75 ms, found 1 plugins.
Preloading 0 native plugins for Editor in 0.00 ms.
Mono: successfully reloaded assembly
- Completed reload, in  0.732 seconds
Platform modules already initialized, skipping
Refreshing native plugins compatible for Editor in 0.73 ms, found 1 plugins.
Preloading 0 native plugins for Editor in 0.00 ms.
Unloading 1878 Unused Serialized files (Serialized files now loaded: 0)
System memory in use before: 93.9 MB.
System memory in use after: 94.0 MB.

Unloading 8 unused Assets to reduce memory usage. Loaded Objects now: 2473.
Total: 2.226300 ms (FindLiveObjects: 0.283400 ms CreateObjectMapping: 0.089800 ms MarkObjects: 1.837900 ms  DeleteObjects: 0.013700 ms)

========================================================================
Received Prepare
Registering precompiled user dll's ...
Registered in 0.001646 seconds.
Begin MonoManager ReloadAssembly
Native extension for WindowsStandalone target not found
Refreshing native plugins compatible for Editor in 0.77 ms, found 1 plugins.
Preloading 0 native plugins for Editor in 0.00 ms.
Mono: successfully reloaded assembly
- Completed reload, in  0.760 seconds
Platform modules already initialized, skipping
Refreshing native plugins compatible for Editor in 0.79 ms, found 1 plugins.
Preloading 0 native plugins for Editor in 0.00 ms.
Unloading 1878 Unused Serialized files (Serialized files now loaded: 0)
System memory in use before: 93.9 MB.
System memory in use after: 94.0 MB.

Unloading 8 unused Assets to reduce memory usage. Loaded Objects now: 2476.
Total: 2.227400 ms (FindLiveObjects: 0.208000 ms CreateObjectMapping: 0.067500 ms MarkObjects: 1.900100 ms  DeleteObjects: 0.051000 ms)

========================================================================
Received Prepare
Registering precompiled user dll's ...
Registered in 0.001773 seconds.
Begin MonoManager ReloadAssembly
Native extension for WindowsStandalone target not found
Refreshing native plugins compatible for Editor in 0.71 ms, found 1 plugins.
Preloading 0 native plugins for Editor in 0.00 ms.
Mono: successfully reloaded assembly
- Completed reload, in  0.770 seconds
Platform modules already initialized, skipping
Refreshing native plugins compatible for Editor in 0.80 ms, found 1 plugins.
Preloading 0 native plugins for Editor in 0.00 ms.
Unloading 1878 Unused Serialized files (Serialized files now loaded: 0)
System memory in use before: 93.9 MB.
System memory in use after: 94.1 MB.

Unloading 8 unused Assets to reduce memory usage. Loaded Objects now: 2479.
Total: 2.546600 ms (FindLiveObjects: 0.223800 ms CreateObjectMapping: 0.099900 ms MarkObjects: 2.162100 ms  DeleteObjects: 0.059200 ms)

========================================================================
Received Import Request.
  Time since last request: 769.648770 seconds.
  path: Assets/Scripts/Card Abilities/Ability Objects/Triggered Abilities/Ability Triggers/Strike.asset
  artifactKey: Guid(87f3e6666404c694cb625a5bd096cd05) Importer(815301076,1909f56bfc062723c751e8b465ee728b)
Start importing Assets/Scripts/Card Abilities/Ability Objects/Triggered Abilities/Ability Triggers/Strike.asset using Guid(87f3e6666404c694cb625a5bd096cd05) Importer(815301076,1909f56bfc062723c751e8b465ee728b)  -> (artifact id: '24ad7ae50e18837477c9daf01e8571bf') in 0.015669 seconds
  Import took 0.024963 seconds .

========================================================================
Received Prepare
Registering precompiled user dll's ...
Registered in 0.001430 seconds.
Begin MonoManager ReloadAssembly
Native extension for WindowsStandalone target not found
Refreshing native plugins compatible for Editor in 0.72 ms, found 1 plugins.
Preloading 0 native plugins for Editor in 0.00 ms.
Mono: successfully reloaded assembly
- Completed reload, in  0.734 seconds
Platform modules already initialized, skipping
Refreshing native plugins compatible for Editor in 0.75 ms, found 1 plugins.
Preloading 0 native plugins for Editor in 0.00 ms.
Unloading 1878 Unused Serialized files (Serialized files now loaded: 0)
System memory in use before: 94.0 MB.
System memory in use after: 94.1 MB.

Unloading 8 unused Assets to reduce memory usage. Loaded Objects now: 2482.
Total: 2.313700 ms (FindLiveObjects: 0.453400 ms CreateObjectMapping: 0.109900 ms MarkObjects: 1.735100 ms  DeleteObjects: 0.014500 ms)

========================================================================
Received Import Request.
  Time since last request: 51.875594 seconds.
  path: Assets/Prefabs/Cards/Action Card/ActionCard.prefab
  artifactKey: Guid(f0dc44236c7bc1d498863ec4eb0768f3) Importer(815301076,1909f56bfc062723c751e8b465ee728b)
Start importing Assets/Prefabs/Cards/Action Card/ActionCard.prefab using Guid(f0dc44236c7bc1d498863ec4eb0768f3) Importer(815301076,1909f56bfc062723c751e8b465ee728b)  -> (artifact id: '3a4b4f749d3025538caae000caef8099') in 0.555624 seconds
  Import took 0.564932 seconds .

========================================================================
Received Prepare
Registering precompiled user dll's ...
Registered in 0.001592 seconds.
Begin MonoManager ReloadAssembly
Native extension for WindowsStandalone target not found
Refreshing native plugins compatible for Editor in 1.10 ms, found 1 plugins.
Preloading 0 native plugins for Editor in 0.00 ms.
Mono: successfully reloaded assembly
- Completed reload, in  0.771 seconds
Platform modules already initialized, skipping
Refreshing native plugins compatible for Editor in 0.75 ms, found 1 plugins.
Preloading 0 native plugins for Editor in 0.00 ms.
Unloading 1878 Unused Serialized files (Serialized files now loaded: 0)
System memory in use before: 94.0 MB.
System memory in use after: 94.1 MB.

Unloading 11 unused Assets to reduce memory usage. Loaded Objects now: 2486.
Total: 2.291600 ms (FindLiveObjects: 0.319900 ms CreateObjectMapping: 0.106600 ms MarkObjects: 1.805000 ms  DeleteObjects: 0.059200 ms)

========================================================================
Received Prepare
Registering precompiled user dll's ...
Registered in 0.001594 seconds.
Begin MonoManager ReloadAssembly
Native extension for WindowsStandalone target not found
Refreshing native plugins compatible for Editor in 1.03 ms, found 1 plugins.
Preloading 0 native plugins for Editor in 0.00 ms.
Mono: successfully reloaded assembly
- Completed reload, in  0.761 seconds
Platform modules already initialized, skipping
Refreshing native plugins compatible for Editor in 0.76 ms, found 1 plugins.
Preloading 0 native plugins for Editor in 0.00 ms.
Unloading 1878 Unused Serialized files (Serialized files now loaded: 0)
System memory in use before: 94.0 MB.
System memory in use after: 94.1 MB.

Unloading 8 unused Assets to reduce memory usage. Loaded Objects now: 2489.
Total: 2.245600 ms (FindLiveObjects: 0.269600 ms CreateObjectMapping: 0.147600 ms MarkObjects: 1.811900 ms  DeleteObjects: 0.014800 ms)

========================================================================
Received Import Request.
  Time since last request: 858.193672 seconds.
  path: Assets/Scripts/Heroes/Hero Objects/Hero Powers/Biochemical Elixir.asset
  artifactKey: Guid(8d0e298eaa6016e40ac8ec50c9a92d69) Importer(815301076,1909f56bfc062723c751e8b465ee728b)
Start importing Assets/Scripts/Heroes/Hero Objects/Hero Powers/Biochemical Elixir.asset using Guid(8d0e298eaa6016e40ac8ec50c9a92d69) Importer(815301076,1909f56bfc062723c751e8b465ee728b)  -> (artifact id: 'e2429421d8eae18f1d246f22b1739c0f') in 0.014939 seconds
  Import took 0.022392 seconds .

========================================================================
Received Import Request.
  Time since last request: 361.525062 seconds.
  path: Assets/Scripts/Characters/Character.cs
  artifactKey: Guid(05e2ec6e5c44a484db62e3f90aa9623c) Importer(815301076,1909f56bfc062723c751e8b465ee728b)
Start importing Assets/Scripts/Characters/Character.cs using Guid(05e2ec6e5c44a484db62e3f90aa9623c) Importer(815301076,1909f56bfc062723c751e8b465ee728b)  -> (artifact id: '8ec7f2d0dd453610893ab0ec0ee60518') in 0.003061 seconds
  Import took 0.012448 seconds .

AssetImportWorkerClient::OnTransportError - code=2 error=End of file
