Using pre-set license
Built from '2020.3/staging' branch; Version is '2020.3.5f1 (8095aa901b9b) revision 8426922'; Using compiler version '192528614'; Build Type 'Release'
OS: 'Windows 10 Home; OS build 19042.1348; Version 2009; 64bit' Language: 'en' Physical Memory: 16204 MB
BatchMode: 1, IsHumanControllingUs: 0, StartBugReporterOnCrash: 0, Is64bit: 1, IsPro: 0

 COMMAND LINE ARGUMENTS:
C:\Program Files\Unity\Hub\Editor\2020.3.5f1\Editor\Unity.exe
-adb2
-batchMode
-noUpm
-name
AssetImportWorker0
-projectPath
C:/Users/wgCob/OneDrive/Documents/Programming/Unity/Drifter (Unity 2D)
-logFile
Logs/AssetImportWorker0.log
-srvPort
52568
Successfully changed project path to: C:/Users/wgCob/OneDrive/Documents/Programming/Unity/Drifter (Unity 2D)
C:/Users/wgCob/OneDrive/Documents/Programming/Unity/Drifter (Unity 2D)
Using Asset Import Pipeline V2.
Refreshing native plugins compatible for Editor in 77.23 ms, found 1 plugins.
Preloading 0 native plugins for Editor in 0.00 ms.
Initialize engine version: 2020.3.5f1 (8095aa901b9b)
[Subsystems] Discovering subsystems at path C:/Program Files/Unity/Hub/Editor/2020.3.5f1/Editor/Data/Resources/UnitySubsystems
[Subsystems] Discovering subsystems at path C:/Users/wgCob/OneDrive/Documents/Programming/Unity/Drifter (Unity 2D)/Assets
GfxDevice: creating device client; threaded=0
Direct3D:
    Version:  Direct3D 11.0 [level 11.1]
    Renderer: NVIDIA GeForce RTX 2060 (ID=0x1f15)
    Vendor:   
    VRAM:     5980 MB
    Driver:   27.21.14.5167
Initialize mono
Mono path[0] = 'C:/Program Files/Unity/Hub/Editor/2020.3.5f1/Editor/Data/Managed'
Mono path[1] = 'C:/Program Files/Unity/Hub/Editor/2020.3.5f1/Editor/Data/MonoBleedingEdge/lib/mono/unityjit'
Mono config path = 'C:/Program Files/Unity/Hub/Editor/2020.3.5f1/Editor/Data/MonoBleedingEdge/etc'
Using monoOptions --debugger-agent=transport=dt_socket,embedding=1,server=y,suspend=n,address=127.0.0.1:56848
Begin MonoManager ReloadAssembly
Registering precompiled unity dll's ...
Register platform support module: C:/Program Files/Unity/Hub/Editor/2020.3.5f1/Editor/Data/PlaybackEngines/WindowsStandaloneSupport/UnityEditor.WindowsStandalone.Extensions.dll
Registered in 0.002393 seconds.
Native extension for WindowsStandalone target not found
Refreshing native plugins compatible for Editor in 94.08 ms, found 1 plugins.
Preloading 0 native plugins for Editor in 0.00 ms.
Mono: successfully reloaded assembly
- Completed reload, in  0.950 seconds
Platform modules already initialized, skipping
Registering precompiled user dll's ...
Registered in 0.001576 seconds.
Begin MonoManager ReloadAssembly
Native extension for WindowsStandalone target not found
Refreshing native plugins compatible for Editor in 79.21 ms, found 1 plugins.
Preloading 0 native plugins for Editor in 0.00 ms.
Mono: successfully reloaded assembly
- Completed reload, in  0.838 seconds
Platform modules already initialized, skipping
========================================================================
Worker process is ready to serve import requests
Launched and connected shader compiler UnityShaderCompiler.exe after 0.03 seconds
Refreshing native plugins compatible for Editor in 0.87 ms, found 1 plugins.
Preloading 0 native plugins for Editor in 0.00 ms.
Unloading 1949 Unused Serialized files (Serialized files now loaded: 0)
System memory in use before: 94.4 MB.
System memory in use after: 94.5 MB.

Unloading 18 unused Assets to reduce memory usage. Loaded Objects now: 2403.
Total: 1.974300 ms (FindLiveObjects: 0.359900 ms CreateObjectMapping: 0.236700 ms MarkObjects: 1.360100 ms  DeleteObjects: 0.016800 ms)

========================================================================
Received Import Request.
  path: Assets/Resources/Dialogue/Shadowblade Assassin/Shadow_Assin_Prompt_55.asset
  artifactKey: Guid(a2ecc411753899b4dba42bf7c91d5f46) Importer(815301076,1909f56bfc062723c751e8b465ee728b)
Start importing Assets/Resources/Dialogue/Shadowblade Assassin/Shadow_Assin_Prompt_55.asset using Guid(a2ecc411753899b4dba42bf7c91d5f46) Importer(815301076,1909f56bfc062723c751e8b465ee728b)  -> (artifact id: 'd8304a56096beb4f8c74342b84eae982') in 0.055628 seconds
  Import took 0.061142 seconds .

========================================================================
Received Import Request.
  Time since last request: 11.220076 seconds.
  path: Assets/Resources/Dialogue/Shadowblade Assassin/Shadow_Assin_Prompt_7.asset
  artifactKey: Guid(d4a73615a25f9da43aee434572cb73be) Importer(815301076,1909f56bfc062723c751e8b465ee728b)
Start importing Assets/Resources/Dialogue/Shadowblade Assassin/Shadow_Assin_Prompt_7.asset using Guid(d4a73615a25f9da43aee434572cb73be) Importer(815301076,1909f56bfc062723c751e8b465ee728b)  -> (artifact id: '1d08000cf5e912074cb50ac40a890999') in 0.023088 seconds
  Import took 0.027979 seconds .

========================================================================
Received Import Request.
  Time since last request: 15.434090 seconds.
  path: Assets/Resources/Dialogue/Shadowblade Assassin/Shadow_Assin_Prompt_6.asset
  artifactKey: Guid(b7c1d0beac13b014fb4ae6f60cc53d5a) Importer(815301076,1909f56bfc062723c751e8b465ee728b)
Start importing Assets/Resources/Dialogue/Shadowblade Assassin/Shadow_Assin_Prompt_6.asset using Guid(b7c1d0beac13b014fb4ae6f60cc53d5a) Importer(815301076,1909f56bfc062723c751e8b465ee728b)  -> (artifact id: 'fb221df7b6c6b363eb31c460a69c057e') in 0.026585 seconds
  Import took 0.031805 seconds .

========================================================================
Received Import Request.
  Time since last request: 9.156270 seconds.
  path: Assets/Resources/Dialogue/Shadowblade Assassin/Shadow_Assin_Prompt_5.asset
  artifactKey: Guid(a2ecc411753899b4dba42bf7c91d5f46) Importer(815301076,1909f56bfc062723c751e8b465ee728b)
Start importing Assets/Resources/Dialogue/Shadowblade Assassin/Shadow_Assin_Prompt_5.asset using Guid(a2ecc411753899b4dba42bf7c91d5f46) Importer(815301076,1909f56bfc062723c751e8b465ee728b)  -> (artifact id: '1facaa3cc41d0e86b50be5240cab24d4') in 0.031736 seconds
  Import took 0.037341 seconds .

========================================================================
Received Import Request.
  Time since last request: 51.825277 seconds.
  path: Assets/Resources/Dialogue/Shadowblade Assassin/Shadow_Assin_Prompt_4.asset
  artifactKey: Guid(1fdbd10f9c1f3874abd7f66f6ae9a012) Importer(815301076,1909f56bfc062723c751e8b465ee728b)
Start importing Assets/Resources/Dialogue/Shadowblade Assassin/Shadow_Assin_Prompt_4.asset using Guid(1fdbd10f9c1f3874abd7f66f6ae9a012) Importer(815301076,1909f56bfc062723c751e8b465ee728b)  -> (artifact id: 'ead154b0e22a24cfa2ebc7f92461f5cf') in 0.002885 seconds
  Import took 0.009397 seconds .

========================================================================
Received Import Request.
  Time since last request: 1.738942 seconds.
  path: Assets/Resources/Dialogue/Shadowblade Assassin/Shadow_Assin_Prompt_5.asset
  artifactKey: Guid(a2ecc411753899b4dba42bf7c91d5f46) Importer(815301076,1909f56bfc062723c751e8b465ee728b)
Start importing Assets/Resources/Dialogue/Shadowblade Assassin/Shadow_Assin_Prompt_5.asset using Guid(a2ecc411753899b4dba42bf7c91d5f46) Importer(815301076,1909f56bfc062723c751e8b465ee728b)  -> (artifact id: '073e96d3c7c3696924d774d9e03b8223') in 0.030949 seconds
  Import took 0.036231 seconds .

========================================================================
Received Import Request.
  Time since last request: 1.992783 seconds.
  path: Assets/Resources/Dialogue/Shadowblade Assassin/Shadow_Assin_Prompt_6.asset
  artifactKey: Guid(b7c1d0beac13b014fb4ae6f60cc53d5a) Importer(815301076,1909f56bfc062723c751e8b465ee728b)
Start importing Assets/Resources/Dialogue/Shadowblade Assassin/Shadow_Assin_Prompt_6.asset using Guid(b7c1d0beac13b014fb4ae6f60cc53d5a) Importer(815301076,1909f56bfc062723c751e8b465ee728b)  -> (artifact id: 'fae034fb7d384baf46f9deb2bcd62db9') in 0.023948 seconds
  Import took 0.029057 seconds .

========================================================================
Received Import Request.
  Time since last request: 0.463460 seconds.
  path: Assets/Resources/Dialogue/Shadowblade Assassin/Shadow_Assin_Prompt_7.asset
  artifactKey: Guid(d4a73615a25f9da43aee434572cb73be) Importer(815301076,1909f56bfc062723c751e8b465ee728b)
Start importing Assets/Resources/Dialogue/Shadowblade Assassin/Shadow_Assin_Prompt_7.asset using Guid(d4a73615a25f9da43aee434572cb73be) Importer(815301076,1909f56bfc062723c751e8b465ee728b)  -> (artifact id: '1edde8a17eb547de9108dc1e6831682d') in 0.024478 seconds
  Import took 0.030288 seconds .

========================================================================
Received Import Request.
  Time since last request: 24.070629 seconds.
  path: Assets/Resources/Dialogue/Shadowblade Assassin/Shadow_Assin_Prompt_4.asset
  artifactKey: Guid(1fdbd10f9c1f3874abd7f66f6ae9a012) Importer(815301076,1909f56bfc062723c751e8b465ee728b)
Start importing Assets/Resources/Dialogue/Shadowblade Assassin/Shadow_Assin_Prompt_4.asset using Guid(1fdbd10f9c1f3874abd7f66f6ae9a012) Importer(815301076,1909f56bfc062723c751e8b465ee728b)  -> (artifact id: '2018fafbec05f5e4280353aa18f834a4') in 0.002463 seconds
  Import took 0.007688 seconds .

========================================================================
Received Import Request.
  Time since last request: 61.720545 seconds.
  path: Assets/Resources/Dialogue/Shadowblade Assassin/Shadow_Assin_Prompt_5.asset
  artifactKey: Guid(a2ecc411753899b4dba42bf7c91d5f46) Importer(815301076,1909f56bfc062723c751e8b465ee728b)
Start importing Assets/Resources/Dialogue/Shadowblade Assassin/Shadow_Assin_Prompt_5.asset using Guid(a2ecc411753899b4dba42bf7c91d5f46) Importer(815301076,1909f56bfc062723c751e8b465ee728b)  -> (artifact id: '7c0ab3933c84444c5c4994f7308a9353') in 0.214898 seconds
  Import took 0.220559 seconds .

========================================================================
Received Import Request.
  Time since last request: 3.117890 seconds.
  path: Assets/Resources/Dialogue/Shadowblade Assassin/Shadow_Assin_Prompt_4.asset
  artifactKey: Guid(1fdbd10f9c1f3874abd7f66f6ae9a012) Importer(815301076,1909f56bfc062723c751e8b465ee728b)
Start importing Assets/Resources/Dialogue/Shadowblade Assassin/Shadow_Assin_Prompt_4.asset using Guid(1fdbd10f9c1f3874abd7f66f6ae9a012) Importer(815301076,1909f56bfc062723c751e8b465ee728b)  -> (artifact id: '42dc909317a86a913b2032c078f2bfda') in 0.055684 seconds
  Import took 0.061213 seconds .

========================================================================
Received Import Request.
  Time since last request: 40.489650 seconds.
  path: Assets/Resources/Dialogue/Shadowblade Assassin/Shadow_Assin_Prompt_3.asset
  artifactKey: Guid(a22811be4ddf05b478ecbd67c971c6d5) Importer(815301076,1909f56bfc062723c751e8b465ee728b)
Start importing Assets/Resources/Dialogue/Shadowblade Assassin/Shadow_Assin_Prompt_3.asset using Guid(a22811be4ddf05b478ecbd67c971c6d5) Importer(815301076,1909f56bfc062723c751e8b465ee728b)  -> (artifact id: '6595eb7fd4030fad358fdf2d929892f7') in 0.031681 seconds
  Import took 0.037116 seconds .

========================================================================
Received Import Request.
  Time since last request: 1210.725666 seconds.
  path: Assets/Scripts/Heroes/Reinforcement Schedules/Refo_Sched_Lvl_2.asset
  artifactKey: Guid(18894f5ea3e038a4b9f72f21011fe199) Importer(815301076,1909f56bfc062723c751e8b465ee728b)
Start importing Assets/Scripts/Heroes/Reinforcement Schedules/Refo_Sched_Lvl_2.asset using Guid(18894f5ea3e038a4b9f72f21011fe199) Importer(815301076,1909f56bfc062723c751e8b465ee728b)  -> (artifact id: 'dfb3576ce330c1ec3c80fb350b4b2316') in 0.003012 seconds
  Import took 0.010352 seconds .

========================================================================
Received Import Request.
  Time since last request: 26.357177 seconds.
  path: Assets/Scripts/Heroes/Reinforcement Schedules/Refo_Sched_Lvl_3.asset
  artifactKey: Guid(4be1c5ba4feaa38448266c46cc6892d3) Importer(815301076,1909f56bfc062723c751e8b465ee728b)
Start importing Assets/Scripts/Heroes/Reinforcement Schedules/Refo_Sched_Lvl_3.asset using Guid(4be1c5ba4feaa38448266c46cc6892d3) Importer(815301076,1909f56bfc062723c751e8b465ee728b)  -> (artifact id: '9e9c28da918c084d595f1c6c23560962') in 0.002929 seconds
  Import took 0.009287 seconds .

========================================================================
Received Import Request.
  Time since last request: 18.235905 seconds.
  path: Assets/Scripts/Heroes/Reinforcement Schedules/Refo_Sched_Lvl_1.asset
  artifactKey: Guid(9c66893a10475cc498d5cdd59fe91298) Importer(815301076,1909f56bfc062723c751e8b465ee728b)
Start importing Assets/Scripts/Heroes/Reinforcement Schedules/Refo_Sched_Lvl_1.asset using Guid(9c66893a10475cc498d5cdd59fe91298) Importer(815301076,1909f56bfc062723c751e8b465ee728b)  -> (artifact id: '6e8a1df958e8039f367d1f3ba17ffa7d') in 0.003151 seconds
  Import took 0.009974 seconds .

========================================================================
Received Import Request.
  Time since last request: 32.570853 seconds.
  path: Assets/Scripts/Heroes/Reinforcement Schedules/Refo_Sched_Lvl_3.asset
  artifactKey: Guid(4be1c5ba4feaa38448266c46cc6892d3) Importer(815301076,1909f56bfc062723c751e8b465ee728b)
Start importing Assets/Scripts/Heroes/Reinforcement Schedules/Refo_Sched_Lvl_3.asset using Guid(4be1c5ba4feaa38448266c46cc6892d3) Importer(815301076,1909f56bfc062723c751e8b465ee728b)  -> (artifact id: '8e6b2d417c09ad9e2c9bc9dd4f1c4aea') in 0.021876 seconds
  Import took 0.027907 seconds .

========================================================================
Received Import Request.
  Time since last request: 29.881277 seconds.
  path: Assets/Scripts/Heroes/Reinforcement Schedules/Refo_Sched_Boss_1.asset
  artifactKey: Guid(b50a31a013ef1bb4f80bfa1bdc84099d) Importer(815301076,1909f56bfc062723c751e8b465ee728b)
Start importing Assets/Scripts/Heroes/Reinforcement Schedules/Refo_Sched_Boss_1.asset using Guid(b50a31a013ef1bb4f80bfa1bdc84099d) Importer(815301076,1909f56bfc062723c751e8b465ee728b)  -> (artifact id: 'ad5378f69550eb291c4805c455ff61eb') in 0.003557 seconds
  Import took 0.011223 seconds .

========================================================================
Received Import Request.
  Time since last request: 106.407099 seconds.
  path: Assets/Scripts/Heroes/Reinforcement Schedules/Refo_Sched_Lvl_3.asset
  artifactKey: Guid(4be1c5ba4feaa38448266c46cc6892d3) Importer(815301076,1909f56bfc062723c751e8b465ee728b)
Start importing Assets/Scripts/Heroes/Reinforcement Schedules/Refo_Sched_Lvl_3.asset using Guid(4be1c5ba4feaa38448266c46cc6892d3) Importer(815301076,1909f56bfc062723c751e8b465ee728b)  -> (artifact id: '29af859cf49d130962a405906f0ead7b') in 0.002780 seconds
  Import took 0.009516 seconds .

========================================================================
Received Import Request.
  Time since last request: 3.006914 seconds.
  path: Assets/Scripts/Heroes/Reinforcement Schedules/Refo_Sched_Lvl_2.asset
  artifactKey: Guid(18894f5ea3e038a4b9f72f21011fe199) Importer(815301076,1909f56bfc062723c751e8b465ee728b)
Start importing Assets/Scripts/Heroes/Reinforcement Schedules/Refo_Sched_Lvl_2.asset using Guid(18894f5ea3e038a4b9f72f21011fe199) Importer(815301076,1909f56bfc062723c751e8b465ee728b)  -> (artifact id: '6cdfe599dfa44611dc90be3a7d095c1e') in 0.002793 seconds
  Import took 0.010170 seconds .

========================================================================
Received Import Request.
  Time since last request: 69.157070 seconds.
  path: Assets/Scripts/Heroes/Reinforcement Schedules/Refo_Sched_Lvl_3.asset
  artifactKey: Guid(4be1c5ba4feaa38448266c46cc6892d3) Importer(815301076,1909f56bfc062723c751e8b465ee728b)
Start importing Assets/Scripts/Heroes/Reinforcement Schedules/Refo_Sched_Lvl_3.asset using Guid(4be1c5ba4feaa38448266c46cc6892d3) Importer(815301076,1909f56bfc062723c751e8b465ee728b)  -> (artifact id: '3fd90d227605daeabdae09dce4f8c46e') in 0.002801 seconds
  Import took 0.009012 seconds .

========================================================================
Received Import Request.
  Time since last request: 87.086552 seconds.
  path: Assets/Scripts/Heroes/Reinforcement Schedules/Refo_Sched_Boss_1.asset
  artifactKey: Guid(b50a31a013ef1bb4f80bfa1bdc84099d) Importer(815301076,1909f56bfc062723c751e8b465ee728b)
Start importing Assets/Scripts/Heroes/Reinforcement Schedules/Refo_Sched_Boss_1.asset using Guid(b50a31a013ef1bb4f80bfa1bdc84099d) Importer(815301076,1909f56bfc062723c751e8b465ee728b)  -> (artifact id: 'f24003059fa0c393049b6759e10787c1') in 0.002888 seconds
  Import took 0.010866 seconds .

========================================================================
Received Import Request.
  Time since last request: 10.253229 seconds.
  path: Assets/Scripts/Heroes/Reinforcement Schedules/Refo_Sched_Boss_1 1.asset
  artifactKey: Guid(55969507812906c43add21ecb1f4483a) Importer(815301076,1909f56bfc062723c751e8b465ee728b)
Start importing Assets/Scripts/Heroes/Reinforcement Schedules/Refo_Sched_Boss_1 1.asset using Guid(55969507812906c43add21ecb1f4483a) Importer(815301076,1909f56bfc062723c751e8b465ee728b)  -> (artifact id: '6c8a83d1e78bd96391f4fb9405e855f5') in 0.002946 seconds
  Import took 0.009791 seconds .

========================================================================
Received Import Request.
  Time since last request: 4.511629 seconds.
  path: Assets/Scripts/Heroes/Reinforcement Schedules/Refo_Sched_Boss_2.asset
  artifactKey: Guid(55969507812906c43add21ecb1f4483a) Importer(815301076,1909f56bfc062723c751e8b465ee728b)
Start importing Assets/Scripts/Heroes/Reinforcement Schedules/Refo_Sched_Boss_2.asset using Guid(55969507812906c43add21ecb1f4483a) Importer(815301076,1909f56bfc062723c751e8b465ee728b)  -> (artifact id: 'feb631f513dc21187713020a5ae39ec4') in 0.002683 seconds
  Import took 0.008703 seconds .

========================================================================
Received Import Request.
  Time since last request: 36.460888 seconds.
  path: Assets/Scripts/Heroes/Reinforcement Schedules/Refo_Sched_Boss_2.asset
  artifactKey: Guid(55969507812906c43add21ecb1f4483a) Importer(815301076,1909f56bfc062723c751e8b465ee728b)
Start importing Assets/Scripts/Heroes/Reinforcement Schedules/Refo_Sched_Boss_2.asset using Guid(55969507812906c43add21ecb1f4483a) Importer(815301076,1909f56bfc062723c751e8b465ee728b)  -> (artifact id: '9dee74c6351c00cdaa36c6886eab07d9') in 0.003051 seconds
  Import took 0.008404 seconds .

========================================================================
Received Prepare
Registering precompiled user dll's ...
Registered in 0.002027 seconds.
Begin MonoManager ReloadAssembly
Native extension for WindowsStandalone target not found
Refreshing native plugins compatible for Editor in 1.07 ms, found 1 plugins.
Preloading 0 native plugins for Editor in 0.00 ms.
Mono: successfully reloaded assembly
- Completed reload, in  0.791 seconds
Platform modules already initialized, skipping
Refreshing native plugins compatible for Editor in 0.89 ms, found 1 plugins.
Preloading 0 native plugins for Editor in 0.00 ms.
Unloading 1926 Unused Serialized files (Serialized files now loaded: 0)
System memory in use before: 92.8 MB.
System memory in use after: 93.0 MB.

Unloading 8 unused Assets to reduce memory usage. Loaded Objects now: 2406.
Total: 1.552600 ms (FindLiveObjects: 0.174400 ms CreateObjectMapping: 0.067000 ms MarkObjects: 1.298300 ms  DeleteObjects: 0.012000 ms)

========================================================================
Received Prepare
Registering precompiled user dll's ...
Registered in 0.001724 seconds.
Begin MonoManager ReloadAssembly
Native extension for WindowsStandalone target not found
Refreshing native plugins compatible for Editor in 0.89 ms, found 1 plugins.
Preloading 0 native plugins for Editor in 0.00 ms.
Mono: successfully reloaded assembly
- Completed reload, in  0.744 seconds
Platform modules already initialized, skipping
Refreshing native plugins compatible for Editor in 0.91 ms, found 1 plugins.
Preloading 0 native plugins for Editor in 0.00 ms.
Unloading 1926 Unused Serialized files (Serialized files now loaded: 0)
System memory in use before: 92.9 MB.
System memory in use after: 93.0 MB.

Unloading 8 unused Assets to reduce memory usage. Loaded Objects now: 2409.
Total: 2.189500 ms (FindLiveObjects: 0.254000 ms CreateObjectMapping: 0.066400 ms MarkObjects: 1.844800 ms  DeleteObjects: 0.023400 ms)

========================================================================
Received Import Request.
  Time since last request: 338.713495 seconds.
  path: Assets/Scripts/Heroes/Reinforcement Schedules/Refo_Sched_Boss_2.asset
  artifactKey: Guid(55969507812906c43add21ecb1f4483a) Importer(815301076,1909f56bfc062723c751e8b465ee728b)
Start importing Assets/Scripts/Heroes/Reinforcement Schedules/Refo_Sched_Boss_2.asset using Guid(55969507812906c43add21ecb1f4483a) Importer(815301076,1909f56bfc062723c751e8b465ee728b)  -> (artifact id: 'b75138913ec27554e2385109cc3a92f1') in 0.011700 seconds
  Import took 0.018672 seconds .

========================================================================
Received Import Request.
  Time since last request: 25.574371 seconds.
  path: Assets/Scripts/Heroes/Reinforcement Schedules/Refo_Sched_Boss_2.asset
  artifactKey: Guid(55969507812906c43add21ecb1f4483a) Importer(815301076,1909f56bfc062723c751e8b465ee728b)
Start importing Assets/Scripts/Heroes/Reinforcement Schedules/Refo_Sched_Boss_2.asset using Guid(55969507812906c43add21ecb1f4483a) Importer(815301076,1909f56bfc062723c751e8b465ee728b)  -> (artifact id: '37c81a5f6461ab3988b2de344b073802') in 0.002348 seconds
  Import took 0.007833 seconds .

========================================================================
Received Import Request.
  Time since last request: 31.748486 seconds.
  path: Assets/Scripts/Heroes/Reinforcement Schedules/Refo_Sched_Boss_2.asset
  artifactKey: Guid(55969507812906c43add21ecb1f4483a) Importer(815301076,1909f56bfc062723c751e8b465ee728b)
Start importing Assets/Scripts/Heroes/Reinforcement Schedules/Refo_Sched_Boss_2.asset using Guid(55969507812906c43add21ecb1f4483a) Importer(815301076,1909f56bfc062723c751e8b465ee728b)  -> (artifact id: '0bfb19e80e3127a9c88067784532a261') in 0.002499 seconds
  Import took 0.010068 seconds .

========================================================================
Received Import Request.
  Time since last request: 7.220101 seconds.
  path: Assets/Scripts/Heroes/Reinforcement Schedules/Refo_Sched_Boss_2.asset
  artifactKey: Guid(55969507812906c43add21ecb1f4483a) Importer(815301076,1909f56bfc062723c751e8b465ee728b)
Start importing Assets/Scripts/Heroes/Reinforcement Schedules/Refo_Sched_Boss_2.asset using Guid(55969507812906c43add21ecb1f4483a) Importer(815301076,1909f56bfc062723c751e8b465ee728b)  -> (artifact id: '7bede7820aebe1c28b9304230a4ce929') in 0.002697 seconds
  Import took 0.009385 seconds .

========================================================================
Received Import Request.
  Time since last request: 25.674881 seconds.
  path: Assets/Scripts/Heroes/Reinforcement Schedules/Refo_Sched_Boss_2.asset
  artifactKey: Guid(55969507812906c43add21ecb1f4483a) Importer(815301076,1909f56bfc062723c751e8b465ee728b)
Start importing Assets/Scripts/Heroes/Reinforcement Schedules/Refo_Sched_Boss_2.asset using Guid(55969507812906c43add21ecb1f4483a) Importer(815301076,1909f56bfc062723c751e8b465ee728b)  -> (artifact id: 'ed731b6d1d0ccfa28756d35360dc14b3') in 0.002398 seconds
  Import took 0.008576 seconds .

========================================================================
Received Import Request.
  Time since last request: 11.826040 seconds.
  path: Assets/Scripts/Heroes/Reinforcement Schedules/Refo_Sched_Boss_2.asset
  artifactKey: Guid(55969507812906c43add21ecb1f4483a) Importer(815301076,1909f56bfc062723c751e8b465ee728b)
Start importing Assets/Scripts/Heroes/Reinforcement Schedules/Refo_Sched_Boss_2.asset using Guid(55969507812906c43add21ecb1f4483a) Importer(815301076,1909f56bfc062723c751e8b465ee728b)  -> (artifact id: '4b2c8b8f0064bd29341170f2093afa94') in 0.015808 seconds
  Import took 0.022233 seconds .

========================================================================
Received Import Request.
  Time since last request: 17.659175 seconds.
  path: Assets/Scripts/Heroes/Reinforcement Schedules/Refo_Sched_Boss_2.asset
  artifactKey: Guid(55969507812906c43add21ecb1f4483a) Importer(815301076,1909f56bfc062723c751e8b465ee728b)
Start importing Assets/Scripts/Heroes/Reinforcement Schedules/Refo_Sched_Boss_2.asset using Guid(55969507812906c43add21ecb1f4483a) Importer(815301076,1909f56bfc062723c751e8b465ee728b)  -> (artifact id: '1814ba8d39af34c2bcf9c1e54c3b13c8') in 0.002872 seconds
  Import took 0.009433 seconds .

========================================================================
Received Import Request.
  Time since last request: 35.647780 seconds.
  path: Assets/Scripts/Heroes/Reinforcement Schedules/Refo_Sched_Boss_2.asset
  artifactKey: Guid(55969507812906c43add21ecb1f4483a) Importer(815301076,1909f56bfc062723c751e8b465ee728b)
Start importing Assets/Scripts/Heroes/Reinforcement Schedules/Refo_Sched_Boss_2.asset using Guid(55969507812906c43add21ecb1f4483a) Importer(815301076,1909f56bfc062723c751e8b465ee728b)  -> (artifact id: '1ad48ded1a4d36548f036d155169abe3') in 0.003185 seconds
  Import took 0.009463 seconds .

========================================================================
Received Import Request.
  Time since last request: 7.222111 seconds.
  path: Assets/Scripts/Heroes/Reinforcement Schedules/Refo_Sched_Boss_TEST.asset
  artifactKey: Guid(55969507812906c43add21ecb1f4483a) Importer(815301076,1909f56bfc062723c751e8b465ee728b)
Start importing Assets/Scripts/Heroes/Reinforcement Schedules/Refo_Sched_Boss_TEST.asset using Guid(55969507812906c43add21ecb1f4483a) Importer(815301076,1909f56bfc062723c751e8b465ee728b)  -> (artifact id: '566cb1d8dcf970ec3f045a24314ff1c7') in 0.003145 seconds
  Import took 0.010071 seconds .

========================================================================
Received Import Request.
  Time since last request: 9.128658 seconds.
  path: Assets/Resources/Heroes/Enemy Heroes/Iron-Clan/Iron-Clan Brute/Iron-Clan Brute - R1.asset
  artifactKey: Guid(7778ac47af8bfaa42a9d4fbe109db911) Importer(815301076,1909f56bfc062723c751e8b465ee728b)
Start importing Assets/Resources/Heroes/Enemy Heroes/Iron-Clan/Iron-Clan Brute/Iron-Clan Brute - R1.asset using Guid(7778ac47af8bfaa42a9d4fbe109db911) Importer(815301076,1909f56bfc062723c751e8b465ee728b)  -> (artifact id: 'ba0737f34e9ca2dddda2a6b827df7b95') in 0.032154 seconds
  Import took 0.038349 seconds .

========================================================================
Received Import Request.
  Time since last request: 1720.633921 seconds.
  path: Assets/Resources/Dialogue/The Bartender/Bartender_Prompt_Recruit_1A.asset
  artifactKey: Guid(48dbc11f6cdf3964691945c3bac3642f) Importer(815301076,1909f56bfc062723c751e8b465ee728b)
Start importing Assets/Resources/Dialogue/The Bartender/Bartender_Prompt_Recruit_1A.asset using Guid(48dbc11f6cdf3964691945c3bac3642f) Importer(815301076,1909f56bfc062723c751e8b465ee728b)  -> (artifact id: '659cdb93deb5757d51a89890b9b200f5') in 0.088130 seconds
  Import took 0.096697 seconds .

========================================================================
Received Import Request.
  Time since last request: 1.412350 seconds.
  path: Assets/Resources/Dialogue/The Bartender/Bartender_Prompt_Recruit_2A.asset
  artifactKey: Guid(495ea68d161d5fc47bbaf70f78c18af6) Importer(815301076,1909f56bfc062723c751e8b465ee728b)
Start importing Assets/Resources/Dialogue/The Bartender/Bartender_Prompt_Recruit_2A.asset using Guid(495ea68d161d5fc47bbaf70f78c18af6) Importer(815301076,1909f56bfc062723c751e8b465ee728b)  -> (artifact id: '715449f8e54170ce0e0b579c6c6da9a7') in 0.004094 seconds
  Import took 0.011006 seconds .

========================================================================
Received Import Request.
  Time since last request: 4.301235 seconds.
  path: Assets/Resources/Dialogue/The Bartender/Bartender_Prompt_Recruit_2A.asset
  artifactKey: Guid(495ea68d161d5fc47bbaf70f78c18af6) Importer(815301076,1909f56bfc062723c751e8b465ee728b)
Start importing Assets/Resources/Dialogue/The Bartender/Bartender_Prompt_Recruit_2A.asset using Guid(495ea68d161d5fc47bbaf70f78c18af6) Importer(815301076,1909f56bfc062723c751e8b465ee728b)  -> (artifact id: '03cecba583884abb630ef829092ed0ab') in 0.018038 seconds
  Import took 0.025939 seconds .

========================================================================
Received Import Request.
  Time since last request: 237.619781 seconds.
  path: Assets/Resources/Dialogue/Iron-Clan Enforcer/IronClanEnforcer_CReward_1.asset
  artifactKey: Guid(8c1ddd2d1b151684a8717201aae3426d) Importer(815301076,1909f56bfc062723c751e8b465ee728b)
Start importing Assets/Resources/Dialogue/Iron-Clan Enforcer/IronClanEnforcer_CReward_1.asset using Guid(8c1ddd2d1b151684a8717201aae3426d) Importer(815301076,1909f56bfc062723c751e8b465ee728b)  -> (artifact id: '299223633ec84de1183499dee740472b') in 0.014570 seconds
  Import took 0.019700 seconds .

========================================================================
Received Import Request.
  Time since last request: 3819.985666 seconds.
  path: Assets/Scripts/Managers/CardManager.cs
  artifactKey: Guid(7373cbee29c916349af7e6b8470d4e29) Importer(815301076,1909f56bfc062723c751e8b465ee728b)
Start importing Assets/Scripts/Managers/CardManager.cs using Guid(7373cbee29c916349af7e6b8470d4e29) Importer(815301076,1909f56bfc062723c751e8b465ee728b)  -> (artifact id: 'c0910e98b1cd62b4c62c482c22a7a670') in 0.020861 seconds
  Import took 0.029746 seconds .

========================================================================
Received Import Request.
  Time since last request: 0.000695 seconds.
  path: Assets/Scripts/Managers/CardManager.cs
  artifactKey: Guid(7373cbee29c916349af7e6b8470d4e29) Importer(815301076,1909f56bfc062723c751e8b465ee728b)
Start importing Assets/Scripts/Managers/CardManager.cs using Guid(7373cbee29c916349af7e6b8470d4e29) Importer(815301076,1909f56bfc062723c751e8b465ee728b)  -> (artifact id: 'c0910e98b1cd62b4c62c482c22a7a670') in 0.002388 seconds
  Import took 0.007125 seconds .

========================================================================
Received Prepare
Registering precompiled user dll's ...
Registered in 0.002007 seconds.
Begin MonoManager ReloadAssembly
Native extension for WindowsStandalone target not found
Refreshing native plugins compatible for Editor in 0.86 ms, found 1 plugins.
Preloading 0 native plugins for Editor in 0.00 ms.
Mono: successfully reloaded assembly
- Completed reload, in  0.791 seconds
Platform modules already initialized, skipping
Refreshing native plugins compatible for Editor in 0.90 ms, found 1 plugins.
Preloading 0 native plugins for Editor in 0.00 ms.
Unloading 1926 Unused Serialized files (Serialized files now loaded: 0)
System memory in use before: 92.9 MB.
System memory in use after: 93.0 MB.

Unloading 8 unused Assets to reduce memory usage. Loaded Objects now: 2412.
Total: 1.687900 ms (FindLiveObjects: 0.204400 ms CreateObjectMapping: 0.073600 ms MarkObjects: 1.392900 ms  DeleteObjects: 0.015800 ms)

========================================================================
Received Import Request.
  Time since last request: 326.136985 seconds.
  path: Assets/Scripts/Managers/CardManager.cs
  artifactKey: Guid(7373cbee29c916349af7e6b8470d4e29) Importer(815301076,1909f56bfc062723c751e8b465ee728b)
Start importing Assets/Scripts/Managers/CardManager.cs using Guid(7373cbee29c916349af7e6b8470d4e29) Importer(815301076,1909f56bfc062723c751e8b465ee728b)  -> (artifact id: 'ccea049bf3af149a17d944a0390a8836') in 0.004810 seconds
  Import took 0.010995 seconds .

========================================================================
Received Prepare
Registering precompiled user dll's ...
Registered in 0.001489 seconds.
Begin MonoManager ReloadAssembly
Native extension for WindowsStandalone target not found
Refreshing native plugins compatible for Editor in 0.84 ms, found 1 plugins.
Preloading 0 native plugins for Editor in 0.00 ms.
Mono: successfully reloaded assembly
- Completed reload, in  0.722 seconds
Platform modules already initialized, skipping
Refreshing native plugins compatible for Editor in 0.89 ms, found 1 plugins.
Preloading 0 native plugins for Editor in 0.00 ms.
Unloading 1926 Unused Serialized files (Serialized files now loaded: 0)
System memory in use before: 92.9 MB.
System memory in use after: 93.0 MB.

Unloading 8 unused Assets to reduce memory usage. Loaded Objects now: 2415.
Total: 1.749300 ms (FindLiveObjects: 0.300900 ms CreateObjectMapping: 0.115700 ms MarkObjects: 1.313900 ms  DeleteObjects: 0.017600 ms)

========================================================================
Received Import Request.
  Time since last request: 340.707056 seconds.
  path: Assets/Scenes/HeroSelectScene.unity
  artifactKey: Guid(d36e93befefebfa44858021665aa2703) Importer(815301076,1909f56bfc062723c751e8b465ee728b)
Start importing Assets/Scenes/HeroSelectScene.unity using Guid(d36e93befefebfa44858021665aa2703) Importer(815301076,1909f56bfc062723c751e8b465ee728b)  -> (artifact id: '33932ba03a6536f75eab70d4de3e72f5') in 0.030857 seconds
  Import took 0.036765 seconds .

========================================================================
Received Prepare
Registering precompiled user dll's ...
Registered in 0.001751 seconds.
Begin MonoManager ReloadAssembly
Native extension for WindowsStandalone target not found
Refreshing native plugins compatible for Editor in 0.90 ms, found 1 plugins.
Preloading 0 native plugins for Editor in 0.00 ms.
Mono: successfully reloaded assembly
- Completed reload, in  0.756 seconds
Platform modules already initialized, skipping
Refreshing native plugins compatible for Editor in 1.20 ms, found 1 plugins.
Preloading 0 native plugins for Editor in 0.00 ms.
Unloading 1926 Unused Serialized files (Serialized files now loaded: 0)
System memory in use before: 93.0 MB.
System memory in use after: 93.1 MB.

Unloading 8 unused Assets to reduce memory usage. Loaded Objects now: 2418.
Total: 2.579700 ms (FindLiveObjects: 0.320100 ms CreateObjectMapping: 0.147900 ms MarkObjects: 2.090900 ms  DeleteObjects: 0.019600 ms)

========================================================================
Received Import Request.
  Time since last request: 627.672045 seconds.
  path: Assets/Scripts/UI/Displays/Scene Displays/HeroSelectSceneDisplay.cs
  artifactKey: Guid(026ad851d25a41246b8b8ae0a3e22c1c) Importer(815301076,1909f56bfc062723c751e8b465ee728b)
Start importing Assets/Scripts/UI/Displays/Scene Displays/HeroSelectSceneDisplay.cs using Guid(026ad851d25a41246b8b8ae0a3e22c1c) Importer(815301076,1909f56bfc062723c751e8b465ee728b)  -> (artifact id: 'bcf415996588f3ef48105a837c8e7434') in 0.004533 seconds
  Import took 0.009781 seconds .

========================================================================
Received Import Request.
  Time since last request: 1.412482 seconds.
  path: Assets/Scripts/Managers/CombatManager.cs
  artifactKey: Guid(597a597d1a4b89949b211f4394498d40) Importer(815301076,1909f56bfc062723c751e8b465ee728b)
Start importing Assets/Scripts/Managers/CombatManager.cs using Guid(597a597d1a4b89949b211f4394498d40) Importer(815301076,1909f56bfc062723c751e8b465ee728b)  -> (artifact id: '63530dc6b8fc24572f2c223a9f5fd519') in 0.003735 seconds
  Import took 0.010079 seconds .

========================================================================
Received Prepare
Registering precompiled user dll's ...
Registered in 0.001959 seconds.
Begin MonoManager ReloadAssembly
Native extension for WindowsStandalone target not found
Refreshing native plugins compatible for Editor in 0.92 ms, found 1 plugins.
Preloading 0 native plugins for Editor in 0.00 ms.
Mono: successfully reloaded assembly
- Completed reload, in  0.741 seconds
Platform modules already initialized, skipping
Refreshing native plugins compatible for Editor in 0.89 ms, found 1 plugins.
Preloading 0 native plugins for Editor in 0.00 ms.
Unloading 1926 Unused Serialized files (Serialized files now loaded: 0)
System memory in use before: 93.0 MB.
System memory in use after: 93.1 MB.

Unloading 8 unused Assets to reduce memory usage. Loaded Objects now: 2421.
Total: 1.959400 ms (FindLiveObjects: 0.255900 ms CreateObjectMapping: 0.103100 ms MarkObjects: 1.587300 ms  DeleteObjects: 0.012300 ms)

========================================================================
Received Import Request.
  Time since last request: 165.304558 seconds.
  path: Assets/Scripts/Effects/Effect Objects/EffectGroups/Enemy Units/Give1EU_minus1minus0_2turns.asset
  artifactKey: Guid(2caa7bae40bea314c9b712d6b98e744d) Importer(815301076,1909f56bfc062723c751e8b465ee728b)
Start importing Assets/Scripts/Effects/Effect Objects/EffectGroups/Enemy Units/Give1EU_minus1minus0_2turns.asset using Guid(2caa7bae40bea314c9b712d6b98e744d) Importer(815301076,1909f56bfc062723c751e8b465ee728b)  -> (artifact id: 'e5c5c6e26c630c9792ed2de7f174513a') in 0.029452 seconds
  Import took 0.035773 seconds .

========================================================================
Received Import Request.
  Time since last request: 8.974013 seconds.
  path: Assets/Scripts/Effects/Effect Objects/EffectGroups/Enemy Units/Give1EU_minus2minus0_2turns.asset
  artifactKey: Guid(5d8a284d6209fc74794ff17763f0cecf) Importer(815301076,1909f56bfc062723c751e8b465ee728b)
Start importing Assets/Scripts/Effects/Effect Objects/EffectGroups/Enemy Units/Give1EU_minus2minus0_2turns.asset using Guid(5d8a284d6209fc74794ff17763f0cecf) Importer(815301076,1909f56bfc062723c751e8b465ee728b)  -> (artifact id: '1b06f8fbac245bb20942b8fea55c3f89') in 0.003077 seconds
  Import took 0.008023 seconds .

========================================================================
Received Import Request.
  Time since last request: 63.875439 seconds.
  path: Assets/Scripts/Card Abilities/Ability Objects/Triggered Abilities/Spark_Give1EU_minus2minus0_1turn.asset
  artifactKey: Guid(3bd4c53085a38544ca2685af4b8655af) Importer(815301076,1909f56bfc062723c751e8b465ee728b)
Start importing Assets/Scripts/Card Abilities/Ability Objects/Triggered Abilities/Spark_Give1EU_minus2minus0_1turn.asset using Guid(3bd4c53085a38544ca2685af4b8655af) Importer(815301076,1909f56bfc062723c751e8b465ee728b)  -> (artifact id: 'a27926ab35a962ddfb601c0b44b3ddff') in 0.006018 seconds
  Import took 0.011891 seconds .

========================================================================
Received Import Request.
  Time since last request: 26.076755 seconds.
  path: Assets/Scripts/Card Abilities/Ability Objects/Triggered Abilities/Spark_Give1EU_minus2minus0_1turn.asset
  artifactKey: Guid(3bd4c53085a38544ca2685af4b8655af) Importer(815301076,1909f56bfc062723c751e8b465ee728b)
Start importing Assets/Scripts/Card Abilities/Ability Objects/Triggered Abilities/Spark_Give1EU_minus2minus0_1turn.asset using Guid(3bd4c53085a38544ca2685af4b8655af) Importer(815301076,1909f56bfc062723c751e8b465ee728b)  -> (artifact id: '75e3833b1335529379714cd641e06542') in 0.003930 seconds
  Import took 0.010501 seconds .

========================================================================
Received Import Request.
  Time since last request: 11.987507 seconds.
  path: Assets/Scripts/Card Abilities/Ability Objects/Triggered Abilities/Spark_Give1PU_plus1plus0_1turn.asset
  artifactKey: Guid(f8b88206e21df78498150c29ea7fc161) Importer(815301076,1909f56bfc062723c751e8b465ee728b)
Start importing Assets/Scripts/Card Abilities/Ability Objects/Triggered Abilities/Spark_Give1PU_plus1plus0_1turn.asset using Guid(f8b88206e21df78498150c29ea7fc161) Importer(815301076,1909f56bfc062723c751e8b465ee728b)  -> (artifact id: '581999485d18e01085a810cd259f1911') in 0.029088 seconds
  Import took 0.035978 seconds .

========================================================================
Received Import Request.
  Time since last request: 27.804132 seconds.
  path: Assets/Scripts/Effects/Effect Objects/EffectGroups/Enemy Units/GiveALLEU_minus1minus0_1turn.asset
  artifactKey: Guid(dbe959d1ec424584cb98a312d2cd2f14) Importer(815301076,1909f56bfc062723c751e8b465ee728b)
Start importing Assets/Scripts/Effects/Effect Objects/EffectGroups/Enemy Units/GiveALLEU_minus1minus0_1turn.asset using Guid(dbe959d1ec424584cb98a312d2cd2f14) Importer(815301076,1909f56bfc062723c751e8b465ee728b)  -> (artifact id: '2e2a3fa9b50f02e3f7666fa9d0669766') in 0.004311 seconds
  Import took 0.010122 seconds .

========================================================================
Received Import Request.
  Time since last request: 4.333094 seconds.
  path: Assets/Scripts/Effects/Effect Objects/EffectGroups/Enemy Units/GiveALLEU_minus2minus0_1turn.asset
  artifactKey: Guid(aae81688104f6c9489052e54614c0a9f) Importer(815301076,1909f56bfc062723c751e8b465ee728b)
Start importing Assets/Scripts/Effects/Effect Objects/EffectGroups/Enemy Units/GiveALLEU_minus2minus0_1turn.asset using Guid(aae81688104f6c9489052e54614c0a9f) Importer(815301076,1909f56bfc062723c751e8b465ee728b)  -> (artifact id: 'aa3fcbcdb76da714d6f12897fdf099a6') in 0.003452 seconds
  Import took 0.009833 seconds .

========================================================================
Received Import Request.
  Time since last request: 3.825080 seconds.
  path: Assets/Scripts/Effects/Effect Objects/EffectGroups/Enemy Units/GiveALLEU_minus2minus0_2turns.asset
  artifactKey: Guid(92042e9805f8e5a43bdd1298d3a1f45f) Importer(815301076,1909f56bfc062723c751e8b465ee728b)
Start importing Assets/Scripts/Effects/Effect Objects/EffectGroups/Enemy Units/GiveALLEU_minus2minus0_2turns.asset using Guid(92042e9805f8e5a43bdd1298d3a1f45f) Importer(815301076,1909f56bfc062723c751e8b465ee728b)  -> (artifact id: 'a8a4adb5b7f92371dbea6b6c9cd5e17c') in 0.005970 seconds
  Import took 0.012111 seconds .

========================================================================
Received Prepare
Registering precompiled user dll's ...
Registered in 0.001824 seconds.
Begin MonoManager ReloadAssembly
Native extension for WindowsStandalone target not found
Refreshing native plugins compatible for Editor in 0.99 ms, found 1 plugins.
Preloading 0 native plugins for Editor in 0.00 ms.
Mono: successfully reloaded assembly
- Completed reload, in  0.742 seconds
Platform modules already initialized, skipping
Refreshing native plugins compatible for Editor in 0.89 ms, found 1 plugins.
Preloading 0 native plugins for Editor in 0.00 ms.
Unloading 1926 Unused Serialized files (Serialized files now loaded: 0)
System memory in use before: 93.0 MB.
System memory in use after: 93.1 MB.

Unloading 8 unused Assets to reduce memory usage. Loaded Objects now: 2424.
Total: 1.915000 ms (FindLiveObjects: 0.277000 ms CreateObjectMapping: 0.094000 ms MarkObjects: 1.529400 ms  DeleteObjects: 0.013800 ms)

========================================================================
Received Import Request.
  Time since last request: 201.870181 seconds.
  path: Assets/Scripts/Card Abilities/Ability Objects/Triggered Abilities/Play_Give1EU_minus1minus0_2turns.asset
  artifactKey: Guid(79e96f65ab440874fb8baabf659095ca) Importer(815301076,1909f56bfc062723c751e8b465ee728b)
Start importing Assets/Scripts/Card Abilities/Ability Objects/Triggered Abilities/Play_Give1EU_minus1minus0_2turns.asset using Guid(79e96f65ab440874fb8baabf659095ca) Importer(815301076,1909f56bfc062723c751e8b465ee728b)  -> (artifact id: '32d452acb108893df74e26790a785e10') in 0.014006 seconds
  Import took 0.019936 seconds .

========================================================================
Received Prepare
Registering precompiled user dll's ...
Registered in 0.001670 seconds.
Begin MonoManager ReloadAssembly
Native extension for WindowsStandalone target not found
Refreshing native plugins compatible for Editor in 1.69 ms, found 1 plugins.
Preloading 0 native plugins for Editor in 0.00 ms.
Mono: successfully reloaded assembly
- Completed reload, in  0.766 seconds
Platform modules already initialized, skipping
Refreshing native plugins compatible for Editor in 0.89 ms, found 1 plugins.
Preloading 0 native plugins for Editor in 0.00 ms.
Unloading 1926 Unused Serialized files (Serialized files now loaded: 0)
System memory in use before: 93.0 MB.
System memory in use after: 93.1 MB.

Unloading 8 unused Assets to reduce memory usage. Loaded Objects now: 2427.
Total: 1.676100 ms (FindLiveObjects: 0.176200 ms CreateObjectMapping: 0.082400 ms MarkObjects: 1.400900 ms  DeleteObjects: 0.015500 ms)

========================================================================
Received Import Request.
  Time since last request: 77.286674 seconds.
  path: Assets/Scripts/Card Abilities/Ability Objects/Triggered Abilities/Spark_Give1EU_minus2minus0_1turn.asset
  artifactKey: Guid(3bd4c53085a38544ca2685af4b8655af) Importer(815301076,1909f56bfc062723c751e8b465ee728b)
Start importing Assets/Scripts/Card Abilities/Ability Objects/Triggered Abilities/Spark_Give1EU_minus2minus0_1turn.asset using Guid(3bd4c53085a38544ca2685af4b8655af) Importer(815301076,1909f56bfc062723c751e8b465ee728b)  -> (artifact id: '49fc6226c9ff8828e450b30ec2f20fe3') in 0.012644 seconds
  Import took 0.018364 seconds .

========================================================================
Received Prepare
Registering precompiled user dll's ...
Registered in 0.001956 seconds.
Begin MonoManager ReloadAssembly
Native extension for WindowsStandalone target not found
Refreshing native plugins compatible for Editor in 0.87 ms, found 1 plugins.
Preloading 0 native plugins for Editor in 0.00 ms.
Mono: successfully reloaded assembly
- Completed reload, in  0.742 seconds
Platform modules already initialized, skipping
Refreshing native plugins compatible for Editor in 0.88 ms, found 1 plugins.
Preloading 0 native plugins for Editor in 0.00 ms.
Unloading 1926 Unused Serialized files (Serialized files now loaded: 0)
System memory in use before: 93.0 MB.
System memory in use after: 93.1 MB.

Unloading 8 unused Assets to reduce memory usage. Loaded Objects now: 2430.
Total: 1.809600 ms (FindLiveObjects: 0.185700 ms CreateObjectMapping: 0.081300 ms MarkObjects: 1.530300 ms  DeleteObjects: 0.011500 ms)

========================================================================
Received Import Request.
  Time since last request: 16.231526 seconds.
  path: Assets/Scripts/Card Abilities/Ability Objects/Triggered Abilities/Spark_Give1EU_minus2minus0_1turn.asset
  artifactKey: Guid(3bd4c53085a38544ca2685af4b8655af) Importer(815301076,1909f56bfc062723c751e8b465ee728b)
Start importing Assets/Scripts/Card Abilities/Ability Objects/Triggered Abilities/Spark_Give1EU_minus2minus0_1turn.asset using Guid(3bd4c53085a38544ca2685af4b8655af) Importer(815301076,1909f56bfc062723c751e8b465ee728b)  -> (artifact id: '461e9d60c99eed34d82374b0d9bc8b17') in 0.034155 seconds
  Import took 0.040611 seconds .

========================================================================
Received Prepare
Registering precompiled user dll's ...
Registered in 0.001568 seconds.
Begin MonoManager ReloadAssembly
Native extension for WindowsStandalone target not found
Refreshing native plugins compatible for Editor in 0.89 ms, found 1 plugins.
Preloading 0 native plugins for Editor in 0.00 ms.
Mono: successfully reloaded assembly
- Completed reload, in  0.741 seconds
Platform modules already initialized, skipping
Refreshing native plugins compatible for Editor in 0.89 ms, found 1 plugins.
Preloading 0 native plugins for Editor in 0.00 ms.
Unloading 1926 Unused Serialized files (Serialized files now loaded: 0)
System memory in use before: 93.0 MB.
System memory in use after: 93.1 MB.

Unloading 8 unused Assets to reduce memory usage. Loaded Objects now: 2433.
Total: 2.017200 ms (FindLiveObjects: 0.239500 ms CreateObjectMapping: 0.083000 ms MarkObjects: 1.677000 ms  DeleteObjects: 0.015800 ms)

========================================================================
Received Import Request.
  Time since last request: 103.198299 seconds.
  path: Assets/Scripts/Card Abilities/Ability Objects/Triggered Abilities/Spark_Give1EU_minus2minus0_1turn.asset
  artifactKey: Guid(3bd4c53085a38544ca2685af4b8655af) Importer(815301076,1909f56bfc062723c751e8b465ee728b)
Start importing Assets/Scripts/Card Abilities/Ability Objects/Triggered Abilities/Spark_Give1EU_minus2minus0_1turn.asset using Guid(3bd4c53085a38544ca2685af4b8655af) Importer(815301076,1909f56bfc062723c751e8b465ee728b)  -> (artifact id: 'b4c3baeba3ab843c01437f4bc46c88b7') in 0.013926 seconds
  Import took 0.021000 seconds .

========================================================================
Received Import Request.
  Time since last request: 15.872027 seconds.
  path: Assets/Scripts/Effects/Effect Objects/EffectGroups/Enemy Units/Give1EU_minus2minus0_2turns.asset
  artifactKey: Guid(5d8a284d6209fc74794ff17763f0cecf) Importer(815301076,1909f56bfc062723c751e8b465ee728b)
Start importing Assets/Scripts/Effects/Effect Objects/EffectGroups/Enemy Units/Give1EU_minus2minus0_2turns.asset using Guid(5d8a284d6209fc74794ff17763f0cecf) Importer(815301076,1909f56bfc062723c751e8b465ee728b)  -> (artifact id: '90a87557d38263e7005757a43b887213') in 0.004391 seconds
  Import took 0.010002 seconds .

========================================================================
Received Prepare
Registering precompiled user dll's ...
Registered in 0.003169 seconds.
Begin MonoManager ReloadAssembly
Native extension for WindowsStandalone target not found
Refreshing native plugins compatible for Editor in 0.84 ms, found 1 plugins.
Preloading 0 native plugins for Editor in 0.00 ms.
Mono: successfully reloaded assembly
- Completed reload, in  0.735 seconds
Platform modules already initialized, skipping
Refreshing native plugins compatible for Editor in 0.88 ms, found 1 plugins.
Preloading 0 native plugins for Editor in 0.00 ms.
Unloading 1926 Unused Serialized files (Serialized files now loaded: 0)
System memory in use before: 93.0 MB.
System memory in use after: 93.1 MB.

Unloading 8 unused Assets to reduce memory usage. Loaded Objects now: 2436.
Total: 1.912000 ms (FindLiveObjects: 0.172800 ms CreateObjectMapping: 0.060000 ms MarkObjects: 1.666500 ms  DeleteObjects: 0.011600 ms)

========================================================================
Received Import Request.
  Time since last request: 322.708693 seconds.
  path: Assets/Scripts/Effects/Effect Objects/EffectGroups/Enemy Units/GiveALLEU_minus2minus0_2turns.asset
  artifactKey: Guid(92042e9805f8e5a43bdd1298d3a1f45f) Importer(815301076,1909f56bfc062723c751e8b465ee728b)
Start importing Assets/Scripts/Effects/Effect Objects/EffectGroups/Enemy Units/GiveALLEU_minus2minus0_2turns.asset using Guid(92042e9805f8e5a43bdd1298d3a1f45f) Importer(815301076,1909f56bfc062723c751e8b465ee728b)  -> (artifact id: '4b53bfda4ebcc4ba6d6bf02a6ccb0460') in 0.014921 seconds
  Import took 0.022806 seconds .

AssetImportWorkerClient::OnTransportError - code=2 error=End of file
