
=== Fri Apr 30 12:18:13 2021

Packages were changed.
Update Mode: updateDependencies

The following packages were added:
  com.unity.ide.visualstudio@2.0.7
The following packages were updated:
  com.unity.2d.animation from version 3.2.6 to 5.0.4
  com.unity.2d.pixel-perfect from version 2.1.0 to 4.0.1
  com.unity.2d.psdimporter from version 2.1.6 to 4.0.2
  com.unity.2d.spriteshape from version 3.0.14 to 5.1.1
  com.unity.collab-proxy from version 1.2.16 to 1.3.9
  com.unity.ide.rider from version 1.1.4 to 2.0.7
  com.unity.test-framework from version 1.1.19 to 1.1.24
  com.unity.textmeshpro from version 2.1.1 to 3.0.1
  com.unity.timeline from version 1.2.17 to 1.4.7

=== Mon Jan 30 20:25:43 2023

Packages were changed.
Update Mode: updateDependencies

The following packages were updated:
  com.unity.2d.animation from version 5.0.4 to 7.0.9
  com.unity.2d.pixel-perfect from version 4.0.1 to 5.0.3
  com.unity.2d.psdimporter from version 4.0.2 to 6.0.7
  com.unity.2d.spriteshape from version 5.1.1 to 7.0.6
  com.unity.collab-proxy from version 1.3.9 to 1.17.7
  com.unity.ide.rider from version 2.0.7 to 3.0.18
  com.unity.ide.visualstudio from version 2.0.7 to 2.0.17
  com.unity.ide.vscode from version 1.2.3 to 1.2.5
  com.unity.recorder from version 2.5.7 to 3.0.3
  com.unity.test-framework from version 1.1.24 to 1.1.31
  com.unity.textmeshpro from version 3.0.1 to 3.0.6
  com.unity.timeline from version 1.4.7 to 1.6.4
